Processing depth maps for model ID: 03001627_7facccfa81369078a8930422448288ea_depth_views.npz
Generating image for model 03001627_7facccfa81369078a8930422448288ea_depth_views.npz with foreground prompt Chair with elegant Art Nouveau style floral patterns etched into it, background prompt A grand, opulent palace ballroom with gold accents and regal, luxurious tones, seed 4102, view 13...
here
here 2
No module 'xformers'. Proceeding without it.
ControlLDM: Running in eps-prediction mode
here
here 2
DiffusionWrapper has 859.52 M params.
here
here 2
making attention of type 'vanilla' with 512 in_channels
Working with z of shape (1, 4, 32, 32) = 4096 dimensions.
making attention of type 'vanilla' with 512 in_channels
here
here 2
here
here 2
here
here 2
Loaded model config from [./models/cldm_v15.yaml]
Loaded state_dict from [./models/control_sd15_depth.pth]
uint8 (512, 512)
['Chair with elegant Art Nouveau style floral patterns etched into it']
['']
Data shape for DDIM sampling is (1, 4, 64, 64), eta 0.0
Running DDIM Sampling with 50 timesteps
0.18215
torch.Size([1, 4, 64, 64])
100
Generating image for model 03001627_7facccfa81369078a8930422448288ea_depth_views.npz with foreground prompt Chair enveloped in a soft halo of blue light, background prompt A charming, vintage-inspired diner with checkered floors and bright, retro colors, seed 8983, view 14...
here
here 2
ControlLDM: Running in eps-prediction mode
here
here 2
DiffusionWrapper has 859.52 M params.
here
here 2
making attention of type 'vanilla' with 512 in_channels
Working with z of shape (1, 4, 32, 32) = 4096 dimensions.
making attention of type 'vanilla' with 512 in_channels
here
here 2
here
here 2
here
here 2
Loaded model config from [./models/cldm_v15.yaml]
Loaded state_dict from [./models/control_sd15_depth.pth]
uint8 (512, 512)
['Chair enveloped in a soft halo of blue light']
['']
Data shape for DDIM sampling is (1, 4, 64, 64), eta 0.0
Running DDIM Sampling with 50 timesteps
0.18215
torch.Size([1, 4, 64, 64])
100
Generating image for model 03001627_7facccfa81369078a8930422448288ea_depth_views.npz with foreground prompt Chair with a dynamic wind-blown sand effect at its base, background prompt A cozy, inviting retirement home lounge with a piano and warm, comforting colors, seed 7910, view 16...
here
here 2
ControlLDM: Running in eps-prediction mode
here
here 2
DiffusionWrapper has 859.52 M params.
here
here 2
making attention of type 'vanilla' with 512 in_channels
Working with z of shape (1, 4, 32, 32) = 4096 dimensions.
making attention of type 'vanilla' with 512 in_channels
here
here 2
here
here 2
here
here 2
Loaded model config from [./models/cldm_v15.yaml]
Loaded state_dict from [./models/control_sd15_depth.pth]
uint8 (512, 512)
['Chair with a dynamic wind-blown sand effect at its base']
['']
Data shape for DDIM sampling is (1, 4, 64, 64), eta 0.0
Running DDIM Sampling with 50 timesteps
0.18215
torch.Size([1, 4, 64, 64])
100
Generating image for model 03001627_7facccfa81369078a8930422448288ea_depth_views.npz with foreground prompt Chair with an echo effect, multiple faint outlines radiating out, background prompt A bright, open dance studio with a mirrored wall and energetic, lively colors, seed 4023, view 12...
here
here 2
ControlLDM: Running in eps-prediction mode
here
here 2
DiffusionWrapper has 859.52 M params.
here
here 2
making attention of type 'vanilla' with 512 in_channels
Working with z of shape (1, 4, 32, 32) = 4096 dimensions.
making attention of type 'vanilla' with 512 in_channels
here
here 2
here
here 2
here
here 2
Loaded model config from [./models/cldm_v15.yaml]
Loaded state_dict from [./models/control_sd15_depth.pth]
uint8 (512, 512)
['Chair with an echo effect, multiple faint outlines radiating out']
['']
Data shape for DDIM sampling is (1, 4, 64, 64), eta 0.0
Running DDIM Sampling with 50 timesteps
0.18215
torch.Size([1, 4, 64, 64])
100
Generating image for model 03001627_7facccfa81369078a8930422448288ea_depth_views.npz with foreground prompt Chair casting a long, dramatic shadow to suggest evening light, background prompt A bright, open-concept kitchen with white cabinets and natural light, seed 2754, view 11...
here
here 2
ControlLDM: Running in eps-prediction mode
here
here 2
DiffusionWrapper has 859.52 M params.
here
here 2
making attention of type 'vanilla' with 512 in_channels
Working with z of shape (1, 4, 32, 32) = 4096 dimensions.
making attention of type 'vanilla' with 512 in_channels
here
here 2
here
here 2
here
here 2
Loaded model config from [./models/cldm_v15.yaml]
Loaded state_dict from [./models/control_sd15_depth.pth]
uint8 (512, 512)
['Chair casting a long, dramatic shadow to suggest evening light']
['']
Data shape for DDIM sampling is (1, 4, 64, 64), eta 0.0
Running DDIM Sampling with 50 timesteps
0.18215
torch.Size([1, 4, 64, 64])
100
Generating image for model 03001627_7facccfa81369078a8930422448288ea_depth_views.npz with foreground prompt Glowing outline tracing the chair's contours in the dark, background prompt A sophisticated, upscale members-only club with a bar and rich, exclusive tones, seed 1010, view 14...
here
here 2
ControlLDM: Running in eps-prediction mode
here
here 2
DiffusionWrapper has 859.52 M params.
here
here 2
making attention of type 'vanilla' with 512 in_channels
Working with z of shape (1, 4, 32, 32) = 4096 dimensions.
making attention of type 'vanilla' with 512 in_channels
here
here 2
here
here 2
here
here 2
Loaded model config from [./models/cldm_v15.yaml]
Loaded state_dict from [./models/control_sd15_depth.pth]
uint8 (512, 512)
["Glowing outline tracing the chair's contours in the dark"]
['']
Data shape for DDIM sampling is (1, 4, 64, 64), eta 0.0
Running DDIM Sampling with 50 timesteps
0.18215
torch.Size([1, 4, 64, 64])
100
Generating image for model 03001627_7facccfa81369078a8930422448288ea_depth_views.npz with foreground prompt Chair appearing to be crafted from old, weathered driftwood, background prompt A charming, old-fashioned parlor with antique decor and soft, vintage colors, seed 5456, view 6...
here
here 2
ControlLDM: Running in eps-prediction mode
here
here 2
DiffusionWrapper has 859.52 M params.
here
here 2
making attention of type 'vanilla' with 512 in_channels
Working with z of shape (1, 4, 32, 32) = 4096 dimensions.
making attention of type 'vanilla' with 512 in_channels
here
here 2
here
here 2
here
here 2
Loaded model config from [./models/cldm_v15.yaml]
Loaded state_dict from [./models/control_sd15_depth.pth]
uint8 (512, 512)
['Chair appearing to be crafted from old, weathered driftwood']
['']
Data shape for DDIM sampling is (1, 4, 64, 64), eta 0.0
Running DDIM Sampling with 50 timesteps
0.18215
torch.Size([1, 4, 64, 64])
100
Generating image for model 03001627_7facccfa81369078a8930422448288ea_depth_views.npz with foreground prompt Chair with elegant Art Nouveau style floral patterns etched into it, background prompt A peaceful, serene church chapel with stained glass windows and soft, reverent hues, seed 3026, view 18...
here
here 2
ControlLDM: Running in eps-prediction mode
here
here 2
DiffusionWrapper has 859.52 M params.
here
here 2
making attention of type 'vanilla' with 512 in_channels
Working with z of shape (1, 4, 32, 32) = 4096 dimensions.
making attention of type 'vanilla' with 512 in_channels
here
here 2
here
here 2
here
here 2
Loaded model config from [./models/cldm_v15.yaml]
Loaded state_dict from [./models/control_sd15_depth.pth]
uint8 (512, 512)
['Chair with elegant Art Nouveau style floral patterns etched into it']
['']
Data shape for DDIM sampling is (1, 4, 64, 64), eta 0.0
Running DDIM Sampling with 50 timesteps
0.18215
torch.Size([1, 4, 64, 64])
100
Generating image for model 03001627_7facccfa81369078a8930422448288ea_depth_views.npz with foreground prompt Chair that appears to be part of a watercolor landscape, background prompt A bright, cheery breakfast nook with large windows and vibrant colors, seed 6540, view 2...
here
here 2
ControlLDM: Running in eps-prediction mode
here
here 2
DiffusionWrapper has 859.52 M params.
here
here 2
making attention of type 'vanilla' with 512 in_channels
Working with z of shape (1, 4, 32, 32) = 4096 dimensions.
making attention of type 'vanilla' with 512 in_channels
here
here 2
here
here 2
here
here 2
Loaded model config from [./models/cldm_v15.yaml]
Loaded state_dict from [./models/control_sd15_depth.pth]
uint8 (512, 512)
['Chair that appears to be part of a watercolor landscape']
['']
Data shape for DDIM sampling is (1, 4, 64, 64), eta 0.0
Running DDIM Sampling with 50 timesteps
0.18215
torch.Size([1, 4, 64, 64])
100
Generating image for model 03001627_7facccfa81369078a8930422448288ea_depth_views.npz with foreground prompt Chair appearing as a watercolor painting with blurred edges, background prompt A sleek, modern science lab with stainless steel surfaces and bright, clinical lighting, seed 5934, view 15...
here
here 2
ControlLDM: Running in eps-prediction mode
here
here 2
DiffusionWrapper has 859.52 M params.
here
here 2
making attention of type 'vanilla' with 512 in_channels
Working with z of shape (1, 4, 32, 32) = 4096 dimensions.
making attention of type 'vanilla' with 512 in_channels
here
here 2
here
here 2
here
here 2
Loaded model config from [./models/cldm_v15.yaml]
Loaded state_dict from [./models/control_sd15_depth.pth]
uint8 (512, 512)
['Chair appearing as a watercolor painting with blurred edges']
['']
Data shape for DDIM sampling is (1, 4, 64, 64), eta 0.0
Running DDIM Sampling with 50 timesteps
0.18215
torch.Size([1, 4, 64, 64])
100
Generating image for model 03001627_7facccfa81369078a8930422448288ea_depth_views.npz with foreground prompt Chair wrapped in a thin, translucent shroud, background prompt A sleek, modern dentist's office with exam chairs and cool, clinical colors, seed 8364, view 3...
here
here 2
ControlLDM: Running in eps-prediction mode
here
here 2
DiffusionWrapper has 859.52 M params.
here
here 2
making attention of type 'vanilla' with 512 in_channels
Working with z of shape (1, 4, 32, 32) = 4096 dimensions.
making attention of type 'vanilla' with 512 in_channels
here
here 2
here
here 2
here
here 2
Loaded model config from [./models/cldm_v15.yaml]
Loaded state_dict from [./models/control_sd15_depth.pth]
uint8 (512, 512)
['Chair wrapped in a thin, translucent shroud']
['']
Data shape for DDIM sampling is (1, 4, 64, 64), eta 0.0
Running DDIM Sampling with 50 timesteps
0.18215
torch.Size([1, 4, 64, 64])
100
Generating image for model 03001627_7facccfa81369078a8930422448288ea_depth_views.npz with foreground prompt Chair painted in a matte black ultra-modern finish, background prompt A cozy, intimate reading nook with built-in bookshelves and warm lighting, seed 3279, view 4...
here
here 2
ControlLDM: Running in eps-prediction mode
here
here 2
DiffusionWrapper has 859.52 M params.
here
here 2
making attention of type 'vanilla' with 512 in_channels
Working with z of shape (1, 4, 32, 32) = 4096 dimensions.
making attention of type 'vanilla' with 512 in_channels
here
here 2
here
here 2
here
here 2
Loaded model config from [./models/cldm_v15.yaml]
Loaded state_dict from [./models/control_sd15_depth.pth]
uint8 (512, 512)
['Chair painted in a matte black ultra-modern finish']
['']
Data shape for DDIM sampling is (1, 4, 64, 64), eta 0.0
Running DDIM Sampling with 50 timesteps
0.18215
torch.Size([1, 4, 64, 64])
100
Generating image for model 03001627_7facccfa81369078a8930422448288ea_depth_views.npz with foreground prompt Chair casting a shadow that morphs into abstract shapes, background prompt A peaceful, serene church chapel with stained glass windows and soft, reverent hues, seed 1853, view 14...
here
here 2
ControlLDM: Running in eps-prediction mode
here
here 2
DiffusionWrapper has 859.52 M params.
here
here 2
making attention of type 'vanilla' with 512 in_channels
Working with z of shape (1, 4, 32, 32) = 4096 dimensions.
making attention of type 'vanilla' with 512 in_channels
here
here 2
here
here 2
here
here 2
Loaded model config from [./models/cldm_v15.yaml]
Loaded state_dict from [./models/control_sd15_depth.pth]
uint8 (512, 512)
['Chair casting a shadow that morphs into abstract shapes']
['']
Data shape for DDIM sampling is (1, 4, 64, 64), eta 0.0
Running DDIM Sampling with 50 timesteps
0.18215
torch.Size([1, 4, 64, 64])
100
Generating image for model 03001627_7facccfa81369078a8930422448288ea_depth_views.npz with foreground prompt Chair textured with a marble-like veneer, background prompt A cozy, intimate tea room with floral wallpaper and delicate, pastel colors, seed 8651, view 2...
here
here 2
ControlLDM: Running in eps-prediction mode
here
here 2
DiffusionWrapper has 859.52 M params.
here
here 2
making attention of type 'vanilla' with 512 in_channels
Working with z of shape (1, 4, 32, 32) = 4096 dimensions.
making attention of type 'vanilla' with 512 in_channels
here
here 2
here
here 2
here
here 2
Loaded model config from [./models/cldm_v15.yaml]
Loaded state_dict from [./models/control_sd15_depth.pth]
uint8 (512, 512)
['Chair textured with a marble-like veneer']
['']
Data shape for DDIM sampling is (1, 4, 64, 64), eta 0.0
Running DDIM Sampling with 50 timesteps
0.18215
torch.Size([1, 4, 64, 64])
100
Generating image for model 03001627_7facccfa81369078a8930422448288ea_depth_views.npz with foreground prompt Chair enveloped in a soft halo of blue light, background prompt A rustic, charming winery tasting room with oak barrels and warm, earthy tones, seed 1993, view 15...
here
here 2
ControlLDM: Running in eps-prediction mode
here
here 2
DiffusionWrapper has 859.52 M params.
here
here 2
making attention of type 'vanilla' with 512 in_channels
Working with z of shape (1, 4, 32, 32) = 4096 dimensions.
making attention of type 'vanilla' with 512 in_channels
here
here 2
here
here 2
here
here 2
Loaded model config from [./models/cldm_v15.yaml]
Loaded state_dict from [./models/control_sd15_depth.pth]
uint8 (512, 512)
['Chair enveloped in a soft halo of blue light']
['']
Data shape for DDIM sampling is (1, 4, 64, 64), eta 0.0
Running DDIM Sampling with 50 timesteps
0.18215
torch.Size([1, 4, 64, 64])
100
Generating image for model 03001627_7facccfa81369078a8930422448288ea_depth_views.npz with foreground prompt Chair with a stucco texture for a Mediterranean feel, background prompt A grand, opulent symphony hall with an orchestra pit and regal, luxurious accents, seed 6925, view 12...
here
here 2
ControlLDM: Running in eps-prediction mode
here
here 2
DiffusionWrapper has 859.52 M params.
here
here 2
making attention of type 'vanilla' with 512 in_channels
Working with z of shape (1, 4, 32, 32) = 4096 dimensions.
making attention of type 'vanilla' with 512 in_channels
here
here 2
here
here 2
here
here 2
Loaded model config from [./models/cldm_v15.yaml]
Loaded state_dict from [./models/control_sd15_depth.pth]
uint8 (512, 512)
['Chair with a stucco texture for a Mediterranean feel']
['']
Data shape for DDIM sampling is (1, 4, 64, 64), eta 0.0
Running DDIM Sampling with 50 timesteps
0.18215
torch.Size([1, 4, 64, 64])
100
Generating image for model 03001627_7facccfa81369078a8930422448288ea_depth_views.npz with foreground prompt Chair covered in a digital glitch art effect, background prompt A grand, impressive hotel ballroom with a stage and elegant, neutral colors, seed 2425, view 2...
here
here 2
ControlLDM: Running in eps-prediction mode
here
here 2
DiffusionWrapper has 859.52 M params.
here
here 2
making attention of type 'vanilla' with 512 in_channels
Working with z of shape (1, 4, 32, 32) = 4096 dimensions.
making attention of type 'vanilla' with 512 in_channels
here
here 2
here
here 2
here
here 2
Loaded model config from [./models/cldm_v15.yaml]
Loaded state_dict from [./models/control_sd15_depth.pth]
uint8 (512, 512)
['Chair covered in a digital glitch art effect']
['']
Data shape for DDIM sampling is (1, 4, 64, 64), eta 0.0
Running DDIM Sampling with 50 timesteps
0.18215
torch.Size([1, 4, 64, 64])
100
Generating image for model 03001627_7facccfa81369078a8930422448288ea_depth_views.npz with foreground prompt Chair with a vintage crackle glaze finish, background prompt A vibrant, colorful daycare playroom with kid-sized furniture and bright, cheerful hues, seed 4236, view 9...
here
here 2
ControlLDM: Running in eps-prediction mode
here
here 2
DiffusionWrapper has 859.52 M params.
here
here 2
making attention of type 'vanilla' with 512 in_channels
Working with z of shape (1, 4, 32, 32) = 4096 dimensions.
making attention of type 'vanilla' with 512 in_channels
here
here 2
here
here 2
here
here 2
Loaded model config from [./models/cldm_v15.yaml]
Loaded state_dict from [./models/control_sd15_depth.pth]
uint8 (512, 512)
['Chair with a vintage crackle glaze finish']
['']
Data shape for DDIM sampling is (1, 4, 64, 64), eta 0.0
Running DDIM Sampling with 50 timesteps
0.18215
torch.Size([1, 4, 64, 64])
100
Generating image for model 03001627_7facccfa81369078a8930422448288ea_depth_views.npz with foreground prompt Chair with a Sgraffito scratchwork revealing underlying colors, background prompt A bright, airy sunroom with large windows and natural hues, seed 2368, view 19...
here
here 2
ControlLDM: Running in eps-prediction mode
here
here 2
DiffusionWrapper has 859.52 M params.
here
here 2
making attention of type 'vanilla' with 512 in_channels
Working with z of shape (1, 4, 32, 32) = 4096 dimensions.
making attention of type 'vanilla' with 512 in_channels
here
here 2
here
here 2
here
here 2
Loaded model config from [./models/cldm_v15.yaml]
Loaded state_dict from [./models/control_sd15_depth.pth]
uint8 (512, 512)
['Chair with a Sgraffito scratchwork revealing underlying colors']
['']
Data shape for DDIM sampling is (1, 4, 64, 64), eta 0.0
Running DDIM Sampling with 50 timesteps
0.18215
torch.Size([1, 4, 64, 64])
100
Generating image for model 03001627_7facccfa81369078a8930422448288ea_depth_views.npz with foreground prompt Chair with an ombre effect transitioning from top to bottom, background prompt A grand, impressive legislative chamber with a dais and rich, stately colors, seed 4710, view 17...
here
here 2
ControlLDM: Running in eps-prediction mode
here
here 2
DiffusionWrapper has 859.52 M params.
here
here 2
making attention of type 'vanilla' with 512 in_channels
Working with z of shape (1, 4, 32, 32) = 4096 dimensions.
making attention of type 'vanilla' with 512 in_channels
here
here 2
here
here 2
here
here 2
Loaded model config from [./models/cldm_v15.yaml]
Loaded state_dict from [./models/control_sd15_depth.pth]
uint8 (512, 512)
['Chair with an ombre effect transitioning from top to bottom']
['']
Data shape for DDIM sampling is (1, 4, 64, 64), eta 0.0
Running DDIM Sampling with 50 timesteps
0.18215
torch.Size([1, 4, 64, 64])
100
Generating image for model 03001627_7facccfa81369078a8930422448288ea_depth_views.npz with foreground prompt Chair with a lace-like shadow pattern on the floor around it, background prompt A classic, traditional library with rich, dark wood paneling, seed 519, view 0...
here
here 2
ControlLDM: Running in eps-prediction mode
here
here 2
DiffusionWrapper has 859.52 M params.
here
here 2
making attention of type 'vanilla' with 512 in_channels
Working with z of shape (1, 4, 32, 32) = 4096 dimensions.
making attention of type 'vanilla' with 512 in_channels
here
here 2
here
here 2
here
here 2
Loaded model config from [./models/cldm_v15.yaml]
Loaded state_dict from [./models/control_sd15_depth.pth]
uint8 (512, 512)
['Chair with a lace-like shadow pattern on the floor around it']
['']
Data shape for DDIM sampling is (1, 4, 64, 64), eta 0.0
Running DDIM Sampling with 50 timesteps
0.18215
torch.Size([1, 4, 64, 64])
100
Generating image for model 03001627_7facccfa81369078a8930422448288ea_depth_views.npz with foreground prompt Chair with edges that glow as if backlit, background prompt A cheerful, inviting sunporch with wicker furniture and bright, sunny hues, seed 8506, view 12...
here
here 2
ControlLDM: Running in eps-prediction mode
here
here 2
DiffusionWrapper has 859.52 M params.
here
here 2
making attention of type 'vanilla' with 512 in_channels
Working with z of shape (1, 4, 32, 32) = 4096 dimensions.
making attention of type 'vanilla' with 512 in_channels
here
here 2
here
here 2
here
here 2
Loaded model config from [./models/cldm_v15.yaml]
Loaded state_dict from [./models/control_sd15_depth.pth]
uint8 (512, 512)
['Chair with edges that glow as if backlit']
['']
Data shape for DDIM sampling is (1, 4, 64, 64), eta 0.0
Running DDIM Sampling with 50 timesteps
0.18215
torch.Size([1, 4, 64, 64])
100
Generating image for model 03001627_7facccfa81369078a8930422448288ea_depth_views.npz with foreground prompt Chair with a ghostly semi-transparent appearance, background prompt A grand, opulent palace ballroom with gold accents and regal, luxurious tones, seed 2243, view 19...
here
here 2
ControlLDM: Running in eps-prediction mode
here
here 2
DiffusionWrapper has 859.52 M params.
here
here 2
making attention of type 'vanilla' with 512 in_channels
Working with z of shape (1, 4, 32, 32) = 4096 dimensions.
making attention of type 'vanilla' with 512 in_channels
here
here 2
here
here 2
here
here 2
Loaded model config from [./models/cldm_v15.yaml]
Loaded state_dict from [./models/control_sd15_depth.pth]
uint8 (512, 512)
['Chair with a ghostly semi-transparent appearance']
['']
Data shape for DDIM sampling is (1, 4, 64, 64), eta 0.0
Running DDIM Sampling with 50 timesteps
0.18215
torch.Size([1, 4, 64, 64])
100
Generating image for model 03001627_7facccfa81369078a8930422448288ea_depth_views.npz with foreground prompt Chair with an ancient stone texture, like an archaeological find, background prompt A bright, colorful art gallery with white walls and vibrant, artistic accents, seed 7226, view 6...
here
here 2
ControlLDM: Running in eps-prediction mode
here
here 2
DiffusionWrapper has 859.52 M params.
here
here 2
making attention of type 'vanilla' with 512 in_channels
Working with z of shape (1, 4, 32, 32) = 4096 dimensions.
making attention of type 'vanilla' with 512 in_channels
here
here 2
here
here 2
here
here 2
Loaded model config from [./models/cldm_v15.yaml]
Loaded state_dict from [./models/control_sd15_depth.pth]
uint8 (512, 512)
['Chair with an ancient stone texture, like an archaeological find']
['']
Data shape for DDIM sampling is (1, 4, 64, 64), eta 0.0
Running DDIM Sampling with 50 timesteps
0.18215
torch.Size([1, 4, 64, 64])
100
Generating image for model 03001627_7facccfa81369078a8930422448288ea_depth_views.npz with foreground prompt Chair with a ghostly semi-transparent appearance, background prompt A peaceful, serene yoga retreat with mountain views and natural, earthy colors, seed 8396, view 2...
here
here 2
ControlLDM: Running in eps-prediction mode
here
here 2
DiffusionWrapper has 859.52 M params.
here
here 2
making attention of type 'vanilla' with 512 in_channels
Working with z of shape (1, 4, 32, 32) = 4096 dimensions.
making attention of type 'vanilla' with 512 in_channels
here
here 2
here
here 2
here
here 2
Loaded model config from [./models/cldm_v15.yaml]
Loaded state_dict from [./models/control_sd15_depth.pth]
uint8 (512, 512)
['Chair with a ghostly semi-transparent appearance']
['']
Data shape for DDIM sampling is (1, 4, 64, 64), eta 0.0
Running DDIM Sampling with 50 timesteps
0.18215
torch.Size([1, 4, 64, 64])
100
Generating image for model 03001627_7facccfa81369078a8930422448288ea_depth_views.npz with foreground prompt Chair with an ombre effect transitioning from top to bottom, background prompt A rustic, charming barn interior with wooden beams and natural, earthy tones, seed 2968, view 3...
here
here 2
ControlLDM: Running in eps-prediction mode
here
here 2
DiffusionWrapper has 859.52 M params.
here
here 2
making attention of type 'vanilla' with 512 in_channels
Working with z of shape (1, 4, 32, 32) = 4096 dimensions.
making attention of type 'vanilla' with 512 in_channels
here
here 2
here
here 2
here
here 2
Loaded model config from [./models/cldm_v15.yaml]
Loaded state_dict from [./models/control_sd15_depth.pth]
uint8 (512, 512)
['Chair with an ombre effect transitioning from top to bottom']
['']
Data shape for DDIM sampling is (1, 4, 64, 64), eta 0.0
Running DDIM Sampling with 50 timesteps
0.18215
torch.Size([1, 4, 64, 64])
100
Generating image for model 03001627_7facccfa81369078a8930422448288ea_depth_views.npz with foreground prompt Laser-etched tribal patterns along the chair's sides, background prompt A regal, majestic throne room with ornate details and rich, royal hues, seed 4075, view 16...
here
here 2
ControlLDM: Running in eps-prediction mode
here
here 2
DiffusionWrapper has 859.52 M params.
here
here 2
making attention of type 'vanilla' with 512 in_channels
Working with z of shape (1, 4, 32, 32) = 4096 dimensions.
making attention of type 'vanilla' with 512 in_channels
here
here 2
here
here 2
here
here 2
Loaded model config from [./models/cldm_v15.yaml]
Loaded state_dict from [./models/control_sd15_depth.pth]
uint8 (512, 512)
["Laser-etched tribal patterns along the chair's sides"]
['']
Data shape for DDIM sampling is (1, 4, 64, 64), eta 0.0
Running DDIM Sampling with 50 timesteps
0.18215
torch.Size([1, 4, 64, 64])
100
Generating image for model 03001627_7facccfa81369078a8930422448288ea_depth_views.npz with foreground prompt Chair with a dripping paint effect from the edges, background prompt A rustic, charming mountain cabin with a wood stove and warm, natural colors, seed 8532, view 14...
here
here 2
ControlLDM: Running in eps-prediction mode
here
here 2
DiffusionWrapper has 859.52 M params.
here
here 2
making attention of type 'vanilla' with 512 in_channels
Working with z of shape (1, 4, 32, 32) = 4096 dimensions.
making attention of type 'vanilla' with 512 in_channels
here
here 2
here
here 2
here
here 2
Loaded model config from [./models/cldm_v15.yaml]
Loaded state_dict from [./models/control_sd15_depth.pth]
uint8 (512, 512)
['Chair with a dripping paint effect from the edges']
['']
Data shape for DDIM sampling is (1, 4, 64, 64), eta 0.0
Running DDIM Sampling with 50 timesteps
0.18215
torch.Size([1, 4, 64, 64])
100
Generating image for model 03001627_7facccfa81369078a8930422448288ea_depth_views.npz with foreground prompt Dynamic swirls of paint animating around the chair, background prompt A cozy, intimate wine cellar with brick walls and warm, amber lighting, seed 9958, view 19...
here
here 2
ControlLDM: Running in eps-prediction mode
here
here 2
DiffusionWrapper has 859.52 M params.
here
here 2
making attention of type 'vanilla' with 512 in_channels
Working with z of shape (1, 4, 32, 32) = 4096 dimensions.
making attention of type 'vanilla' with 512 in_channels
here
here 2
here
here 2
here
here 2
Loaded model config from [./models/cldm_v15.yaml]
Loaded state_dict from [./models/control_sd15_depth.pth]
uint8 (512, 512)
['Dynamic swirls of paint animating around the chair']
['']
Data shape for DDIM sampling is (1, 4, 64, 64), eta 0.0
Running DDIM Sampling with 50 timesteps
0.18215
torch.Size([1, 4, 64, 64])
100
Generating image for model 03001627_7facccfa81369078a8930422448288ea_depth_views.npz with foreground prompt Chair enclosed in a shimmering soap bubble, background prompt A cozy, intimate wine cellar with brick walls and warm, amber lighting, seed 4302, view 19...
here
here 2
ControlLDM: Running in eps-prediction mode
here
here 2
DiffusionWrapper has 859.52 M params.
here
here 2
making attention of type 'vanilla' with 512 in_channels
Working with z of shape (1, 4, 32, 32) = 4096 dimensions.
making attention of type 'vanilla' with 512 in_channels
here
here 2
here
here 2
here
here 2
Loaded model config from [./models/cldm_v15.yaml]
Loaded state_dict from [./models/control_sd15_depth.pth]
uint8 (512, 512)
['Chair enclosed in a shimmering soap bubble']
['']
Data shape for DDIM sampling is (1, 4, 64, 64), eta 0.0
Running DDIM Sampling with 50 timesteps
0.18215
torch.Size([1, 4, 64, 64])
100
Generating image for model 03001627_7facccfa81369078a8930422448288ea_depth_views.npz with foreground prompt Chair with a monochrome palette except for one vivid color, background prompt A regal, majestic throne room with ornate details and rich, royal hues, seed 4798, view 6...
here
here 2
ControlLDM: Running in eps-prediction mode
here
here 2
DiffusionWrapper has 859.52 M params.
here
here 2
making attention of type 'vanilla' with 512 in_channels
Working with z of shape (1, 4, 32, 32) = 4096 dimensions.
making attention of type 'vanilla' with 512 in_channels
here
here 2
here
here 2
here
here 2
Loaded model config from [./models/cldm_v15.yaml]
Loaded state_dict from [./models/control_sd15_depth.pth]
uint8 (512, 512)
['Chair with a monochrome palette except for one vivid color']
['']
Data shape for DDIM sampling is (1, 4, 64, 64), eta 0.0
Running DDIM Sampling with 50 timesteps
0.18215
torch.Size([1, 4, 64, 64])
100
Generating image for model 03001627_7facccfa81369078a8930422448288ea_depth_views.npz with foreground prompt Chair with an ombre effect transitioning from top to bottom, background prompt A cozy, intimate tea room with floral wallpaper and delicate, pastel colors, seed 5254, view 12...
here
here 2
ControlLDM: Running in eps-prediction mode
here
here 2
DiffusionWrapper has 859.52 M params.
here
here 2
making attention of type 'vanilla' with 512 in_channels
Working with z of shape (1, 4, 32, 32) = 4096 dimensions.
making attention of type 'vanilla' with 512 in_channels
here
here 2
here
here 2
here
here 2
Loaded model config from [./models/cldm_v15.yaml]
Loaded state_dict from [./models/control_sd15_depth.pth]
uint8 (512, 512)
['Chair with an ombre effect transitioning from top to bottom']
['']
Data shape for DDIM sampling is (1, 4, 64, 64), eta 0.0
Running DDIM Sampling with 50 timesteps
0.18215
torch.Size([1, 4, 64, 64])
100
Generating image for model 03001627_7facccfa81369078a8930422448288ea_depth_views.npz with foreground prompt Frosting effect on the chair, mimicking ice crystals, background prompt A sleek, modern corporate boardroom with glass walls and cool, professional hues, seed 5566, view 6...
here
here 2
ControlLDM: Running in eps-prediction mode
here
here 2
DiffusionWrapper has 859.52 M params.
here
here 2
making attention of type 'vanilla' with 512 in_channels
Working with z of shape (1, 4, 32, 32) = 4096 dimensions.
making attention of type 'vanilla' with 512 in_channels
here
here 2
here
here 2
here
here 2
Loaded model config from [./models/cldm_v15.yaml]
Loaded state_dict from [./models/control_sd15_depth.pth]
uint8 (512, 512)
['Frosting effect on the chair, mimicking ice crystals']
['']
Data shape for DDIM sampling is (1, 4, 64, 64), eta 0.0
Running DDIM Sampling with 50 timesteps
0.18215
torch.Size([1, 4, 64, 64])
100
Generating image for model 03001627_7facccfa81369078a8930422448288ea_depth_views.npz with foreground prompt Chair with a dripping paint effect from the edges, background prompt A cozy, rustic hunting lodge with mounted trophies and warm, earthy tones, seed 2291, view 6...
here
here 2
ControlLDM: Running in eps-prediction mode
here
here 2
DiffusionWrapper has 859.52 M params.
here
here 2
making attention of type 'vanilla' with 512 in_channels
Working with z of shape (1, 4, 32, 32) = 4096 dimensions.
making attention of type 'vanilla' with 512 in_channels
here
here 2
here
here 2
here
here 2
Loaded model config from [./models/cldm_v15.yaml]
Loaded state_dict from [./models/control_sd15_depth.pth]
uint8 (512, 512)
['Chair with a dripping paint effect from the edges']
['']
Data shape for DDIM sampling is (1, 4, 64, 64), eta 0.0
Running DDIM Sampling with 50 timesteps
0.18215
torch.Size([1, 4, 64, 64])
100
Generating image for model 03001627_7facccfa81369078a8930422448288ea_depth_views.npz with foreground prompt Chair with an ombre effect transitioning from top to bottom, background prompt A vibrant, colorful children's play area with soft flooring and bright, cheerful accents, seed 2987, view 18...
here
here 2
ControlLDM: Running in eps-prediction mode
here
here 2
DiffusionWrapper has 859.52 M params.
here
here 2
making attention of type 'vanilla' with 512 in_channels
Working with z of shape (1, 4, 32, 32) = 4096 dimensions.
making attention of type 'vanilla' with 512 in_channels
here
here 2
here
here 2
here
here 2
Loaded model config from [./models/cldm_v15.yaml]
Loaded state_dict from [./models/control_sd15_depth.pth]
uint8 (512, 512)
['Chair with an ombre effect transitioning from top to bottom']
['']
Data shape for DDIM sampling is (1, 4, 64, 64), eta 0.0
Running DDIM Sampling with 50 timesteps
0.18215
torch.Size([1, 4, 64, 64])
100
Generating image for model 03001627_7facccfa81369078a8930422448288ea_depth_views.npz with foreground prompt Chair appearing as a watercolor painting with blurred edges, background prompt A bright, airy solarium with potted plants and warm, sunny hues, seed 2298, view 8...
here
here 2
ControlLDM: Running in eps-prediction mode
here
here 2
DiffusionWrapper has 859.52 M params.
here
here 2
making attention of type 'vanilla' with 512 in_channels
Working with z of shape (1, 4, 32, 32) = 4096 dimensions.
making attention of type 'vanilla' with 512 in_channels
here
here 2
here
here 2
here
here 2
Loaded model config from [./models/cldm_v15.yaml]
Loaded state_dict from [./models/control_sd15_depth.pth]
uint8 (512, 512)
['Chair appearing as a watercolor painting with blurred edges']
['']
Data shape for DDIM sampling is (1, 4, 64, 64), eta 0.0
Running DDIM Sampling with 50 timesteps
0.18215
torch.Size([1, 4, 64, 64])
100
Generating image for model 03001627_7facccfa81369078a8930422448288ea_depth_views.npz with foreground prompt Chair with an animated aura of falling snowflakes, background prompt A regal, majestic throne room with ornate details and rich, royal hues, seed 277, view 17...
here
here 2
ControlLDM: Running in eps-prediction mode
here
here 2
DiffusionWrapper has 859.52 M params.
here
here 2
making attention of type 'vanilla' with 512 in_channels
Working with z of shape (1, 4, 32, 32) = 4096 dimensions.
making attention of type 'vanilla' with 512 in_channels
here
here 2
here
here 2
here
here 2
Loaded model config from [./models/cldm_v15.yaml]
Loaded state_dict from [./models/control_sd15_depth.pth]
uint8 (512, 512)
['Chair with an animated aura of falling snowflakes']
['']
Data shape for DDIM sampling is (1, 4, 64, 64), eta 0.0
Running DDIM Sampling with 50 timesteps
0.18215
torch.Size([1, 4, 64, 64])
100
Generating image for model 03001627_7facccfa81369078a8930422448288ea_depth_views.npz with foreground prompt Glowing outline tracing the chair's contours in the dark, background prompt A grand, impressive legislative chamber with a dais and rich, stately colors, seed 8277, view 10...
here
here 2
ControlLDM: Running in eps-prediction mode
here
here 2
DiffusionWrapper has 859.52 M params.
here
here 2
making attention of type 'vanilla' with 512 in_channels
Working with z of shape (1, 4, 32, 32) = 4096 dimensions.
making attention of type 'vanilla' with 512 in_channels
here
here 2
here
here 2
here
here 2
Loaded model config from [./models/cldm_v15.yaml]
Loaded state_dict from [./models/control_sd15_depth.pth]
uint8 (512, 512)
["Glowing outline tracing the chair's contours in the dark"]
['']
Data shape for DDIM sampling is (1, 4, 64, 64), eta 0.0
Running DDIM Sampling with 50 timesteps
0.18215
torch.Size([1, 4, 64, 64])
100
Generating image for model 03001627_7facccfa81369078a8930422448288ea_depth_views.npz with foreground prompt Minimalist white outline on a dark chair for contrast, background prompt A cool, industrial garage with concrete floors and bright, fluorescent lighting, seed 7423, view 2...
here
here 2
ControlLDM: Running in eps-prediction mode
here
here 2
DiffusionWrapper has 859.52 M params.
here
here 2
making attention of type 'vanilla' with 512 in_channels
Working with z of shape (1, 4, 32, 32) = 4096 dimensions.
making attention of type 'vanilla' with 512 in_channels
here
here 2
here
here 2
here
here 2
Loaded model config from [./models/cldm_v15.yaml]
Loaded state_dict from [./models/control_sd15_depth.pth]
uint8 (512, 512)
['Minimalist white outline on a dark chair for contrast']
['']
Data shape for DDIM sampling is (1, 4, 64, 64), eta 0.0
Running DDIM Sampling with 50 timesteps
0.18215
torch.Size([1, 4, 64, 64])
100
Generating image for model 03001627_7facccfa81369078a8930422448288ea_depth_views.npz with foreground prompt Chair with a vintage crackle glaze finish, background prompt A formal, stately conference room with dark, paneled walls, seed 1957, view 13...
here
here 2
ControlLDM: Running in eps-prediction mode
here
here 2
DiffusionWrapper has 859.52 M params.
here
here 2
making attention of type 'vanilla' with 512 in_channels
Working with z of shape (1, 4, 32, 32) = 4096 dimensions.
making attention of type 'vanilla' with 512 in_channels
here
here 2
here
here 2
here
here 2
Loaded model config from [./models/cldm_v15.yaml]
Loaded state_dict from [./models/control_sd15_depth.pth]
uint8 (512, 512)
['Chair with a vintage crackle glaze finish']
['']
Data shape for DDIM sampling is (1, 4, 64, 64), eta 0.0
Running DDIM Sampling with 50 timesteps
0.18215
torch.Size([1, 4, 64, 64])
100
Generating image for model 03001627_7facccfa81369078a8930422448288ea_depth_views.npz with foreground prompt Chair with a psychedelic tie-dye effect, background prompt A sophisticated, upscale cocktail lounge with plush seating and rich, dark tones, seed 9194, view 3...
here
here 2
ControlLDM: Running in eps-prediction mode
here
here 2
DiffusionWrapper has 859.52 M params.
here
here 2
making attention of type 'vanilla' with 512 in_channels
Working with z of shape (1, 4, 32, 32) = 4096 dimensions.
making attention of type 'vanilla' with 512 in_channels
here
here 2
here
here 2
here
here 2
Loaded model config from [./models/cldm_v15.yaml]
Loaded state_dict from [./models/control_sd15_depth.pth]
uint8 (512, 512)
['Chair with a psychedelic tie-dye effect']
['']
Data shape for DDIM sampling is (1, 4, 64, 64), eta 0.0
Running DDIM Sampling with 50 timesteps
0.18215
torch.Size([1, 4, 64, 64])
100
Generating image for model 03001627_7facccfa81369078a8930422448288ea_depth_views.npz with foreground prompt Chair surrounded by a mist of golden sparkles, background prompt A cozy, intimate tea room with floral wallpaper and delicate, pastel colors, seed 894, view 7...
here
here 2
ControlLDM: Running in eps-prediction mode
here
here 2
DiffusionWrapper has 859.52 M params.
here
here 2
making attention of type 'vanilla' with 512 in_channels
Working with z of shape (1, 4, 32, 32) = 4096 dimensions.
making attention of type 'vanilla' with 512 in_channels
here
here 2
here
here 2
here
here 2
Loaded model config from [./models/cldm_v15.yaml]
Loaded state_dict from [./models/control_sd15_depth.pth]
uint8 (512, 512)
['Chair surrounded by a mist of golden sparkles']
['']
Data shape for DDIM sampling is (1, 4, 64, 64), eta 0.0
Running DDIM Sampling with 50 timesteps
0.18215
torch.Size([1, 4, 64, 64])
100
Generating image for model 03001627_7facccfa81369078a8930422448288ea_depth_views.npz with foreground prompt Chair with an ombre effect transitioning from top to bottom, background prompt A sophisticated, upscale members-only club with a bar and rich, exclusive tones, seed 9424, view 0...
here
here 2
ControlLDM: Running in eps-prediction mode
here
here 2
DiffusionWrapper has 859.52 M params.
here
here 2
making attention of type 'vanilla' with 512 in_channels
Working with z of shape (1, 4, 32, 32) = 4096 dimensions.
making attention of type 'vanilla' with 512 in_channels
here
here 2
here
here 2
here
here 2
Loaded model config from [./models/cldm_v15.yaml]
Loaded state_dict from [./models/control_sd15_depth.pth]
uint8 (512, 512)
['Chair with an ombre effect transitioning from top to bottom']
['']
Data shape for DDIM sampling is (1, 4, 64, 64), eta 0.0
Running DDIM Sampling with 50 timesteps
0.18215
torch.Size([1, 4, 64, 64])
100
Generating image for model 03001627_7facccfa81369078a8930422448288ea_depth_views.npz with foreground prompt Chair appearing to be made from swirling autumn winds, background prompt A rustic, charming farmhouse kitchen with a large island and warm, country hues, seed 9204, view 0...
here
here 2
ControlLDM: Running in eps-prediction mode
here
here 2
DiffusionWrapper has 859.52 M params.
here
here 2
making attention of type 'vanilla' with 512 in_channels
Working with z of shape (1, 4, 32, 32) = 4096 dimensions.
making attention of type 'vanilla' with 512 in_channels
here
here 2
here
here 2
here
here 2
Loaded model config from [./models/cldm_v15.yaml]
Loaded state_dict from [./models/control_sd15_depth.pth]
uint8 (512, 512)
['Chair appearing to be made from swirling autumn winds']
['']
Data shape for DDIM sampling is (1, 4, 64, 64), eta 0.0
Running DDIM Sampling with 50 timesteps
0.18215
torch.Size([1, 4, 64, 64])
100
Generating image for model 03001627_7facccfa81369078a8930422448288ea_depth_views.npz with foreground prompt Chair with a dynamic wind-blown sand effect at its base, background prompt A cozy, intimate reading nook with built-in bookshelves and warm lighting, seed 2693, view 9...
here
here 2
ControlLDM: Running in eps-prediction mode
here
here 2
DiffusionWrapper has 859.52 M params.
here
here 2
making attention of type 'vanilla' with 512 in_channels
Working with z of shape (1, 4, 32, 32) = 4096 dimensions.
making attention of type 'vanilla' with 512 in_channels
here
here 2
here
here 2
here
here 2
Loaded model config from [./models/cldm_v15.yaml]
Loaded state_dict from [./models/control_sd15_depth.pth]
uint8 (512, 512)
['Chair with a dynamic wind-blown sand effect at its base']
['']
Data shape for DDIM sampling is (1, 4, 64, 64), eta 0.0
Running DDIM Sampling with 50 timesteps
0.18215
torch.Size([1, 4, 64, 64])
100
Generating image for model 03001627_7facccfa81369078a8930422448288ea_depth_views.npz with foreground prompt Gradient color wash painted on the chair, background prompt A cool, industrial garage with concrete floors and bright, fluorescent lighting, seed 5123, view 8...
here
here 2
ControlLDM: Running in eps-prediction mode
here
here 2
DiffusionWrapper has 859.52 M params.
here
here 2
making attention of type 'vanilla' with 512 in_channels
Working with z of shape (1, 4, 32, 32) = 4096 dimensions.
making attention of type 'vanilla' with 512 in_channels
here
here 2
here
here 2
here
here 2
Loaded model config from [./models/cldm_v15.yaml]
Loaded state_dict from [./models/control_sd15_depth.pth]
uint8 (512, 512)
['Gradient color wash painted on the chair']
['']
Data shape for DDIM sampling is (1, 4, 64, 64), eta 0.0
Running DDIM Sampling with 50 timesteps
0.18215
torch.Size([1, 4, 64, 64])
100
Generating image for model 03001627_7facccfa81369078a8930422448288ea_depth_views.npz with foreground prompt Chair enveloped in a soft halo of blue light, background prompt A cozy, rustic ski chalet with a wood-burning stove and warm, inviting tones, seed 1847, view 8...
here
here 2
ControlLDM: Running in eps-prediction mode
here
here 2
DiffusionWrapper has 859.52 M params.
here
here 2
making attention of type 'vanilla' with 512 in_channels
Working with z of shape (1, 4, 32, 32) = 4096 dimensions.
making attention of type 'vanilla' with 512 in_channels
here
here 2
here
here 2
here
here 2
Loaded model config from [./models/cldm_v15.yaml]
Loaded state_dict from [./models/control_sd15_depth.pth]
uint8 (512, 512)
['Chair enveloped in a soft halo of blue light']
['']
Data shape for DDIM sampling is (1, 4, 64, 64), eta 0.0
Running DDIM Sampling with 50 timesteps
0.18215
torch.Size([1, 4, 64, 64])
100
Generating image for model 03001627_7facccfa81369078a8930422448288ea_depth_views.npz with foreground prompt Chair surrounded by a swirling vortex of autumn leaves, background prompt A peaceful, serene spa waiting area with a waterfall and soothing, natural tones, seed 8446, view 6...
here
here 2
ControlLDM: Running in eps-prediction mode
here
here 2
DiffusionWrapper has 859.52 M params.
here
here 2
making attention of type 'vanilla' with 512 in_channels
Working with z of shape (1, 4, 32, 32) = 4096 dimensions.
making attention of type 'vanilla' with 512 in_channels
here
here 2
here
here 2
here
here 2
Loaded model config from [./models/cldm_v15.yaml]
Loaded state_dict from [./models/control_sd15_depth.pth]
uint8 (512, 512)
['Chair surrounded by a swirling vortex of autumn leaves']
['']
Data shape for DDIM sampling is (1, 4, 64, 64), eta 0.0
Running DDIM Sampling with 50 timesteps
0.18215
torch.Size([1, 4, 64, 64])
100
Generating image for model 03001627_7facccfa81369078a8930422448288ea_depth_views.npz with foreground prompt Chair with a distressed leather visual effect, background prompt A rustic, charming mountain cabin with a wood stove and warm, natural colors, seed 7217, view 9...
here
here 2
ControlLDM: Running in eps-prediction mode
here
here 2
DiffusionWrapper has 859.52 M params.
here
here 2
making attention of type 'vanilla' with 512 in_channels
Working with z of shape (1, 4, 32, 32) = 4096 dimensions.
making attention of type 'vanilla' with 512 in_channels
here
here 2
here
here 2
here
here 2
Loaded model config from [./models/cldm_v15.yaml]
Loaded state_dict from [./models/control_sd15_depth.pth]
uint8 (512, 512)
['Chair with a distressed leather visual effect']
['']
Data shape for DDIM sampling is (1, 4, 64, 64), eta 0.0
Running DDIM Sampling with 50 timesteps
0.18215
torch.Size([1, 4, 64, 64])
100
Generating image for model 03001627_7facccfa81369078a8930422448288ea_depth_views.npz with foreground prompt Chair textured with a marble-like veneer, background prompt A relaxing, spa-like bathroom with soothing, muted colors, seed 8239, view 6...
here
here 2
ControlLDM: Running in eps-prediction mode
here
here 2
DiffusionWrapper has 859.52 M params.
here
here 2
making attention of type 'vanilla' with 512 in_channels
Working with z of shape (1, 4, 32, 32) = 4096 dimensions.
making attention of type 'vanilla' with 512 in_channels
here
here 2
here
here 2
here
here 2
Loaded model config from [./models/cldm_v15.yaml]
Loaded state_dict from [./models/control_sd15_depth.pth]
uint8 (512, 512)
['Chair textured with a marble-like veneer']
['']
Data shape for DDIM sampling is (1, 4, 64, 64), eta 0.0
Running DDIM Sampling with 50 timesteps
0.18215
torch.Size([1, 4, 64, 64])
100
Generating image for model 03001627_7facccfa81369078a8930422448288ea_depth_views.npz with foreground prompt Chair appearing as a watercolor painting with blurred edges, background prompt A bright, open artist's studio with large windows and crisp, white walls, seed 5641, view 12...
here
here 2
ControlLDM: Running in eps-prediction mode
here
here 2
DiffusionWrapper has 859.52 M params.
here
here 2
making attention of type 'vanilla' with 512 in_channels
Working with z of shape (1, 4, 32, 32) = 4096 dimensions.
making attention of type 'vanilla' with 512 in_channels
here
here 2
here
here 2
here
here 2
Loaded model config from [./models/cldm_v15.yaml]
Loaded state_dict from [./models/control_sd15_depth.pth]
uint8 (512, 512)
['Chair appearing as a watercolor painting with blurred edges']
['']
Data shape for DDIM sampling is (1, 4, 64, 64), eta 0.0
Running DDIM Sampling with 50 timesteps
0.18215
torch.Size([1, 4, 64, 64])
100
Generating image for model 03001627_7facccfa81369078a8930422448288ea_depth_views.npz with foreground prompt Chair detailed with small, intricate mandala patterns, background prompt A vibrant, colorful circus tent with a center ring and bold, exciting accents, seed 7005, view 19...
here
here 2
ControlLDM: Running in eps-prediction mode
here
here 2
DiffusionWrapper has 859.52 M params.
here
here 2
making attention of type 'vanilla' with 512 in_channels
Working with z of shape (1, 4, 32, 32) = 4096 dimensions.
making attention of type 'vanilla' with 512 in_channels
here
here 2
here
here 2
here
here 2
Loaded model config from [./models/cldm_v15.yaml]
Loaded state_dict from [./models/control_sd15_depth.pth]
uint8 (512, 512)
['Chair detailed with small, intricate mandala patterns']
['']
Data shape for DDIM sampling is (1, 4, 64, 64), eta 0.0
Running DDIM Sampling with 50 timesteps
0.18215
torch.Size([1, 4, 64, 64])
100
Generating image for model 03001627_7facccfa81369078a8930422448288ea_depth_views.npz with foreground prompt Chair covered in a digital glitch art effect, background prompt A formal, stately conference room with dark, paneled walls, seed 9508, view 18...
here
here 2
ControlLDM: Running in eps-prediction mode
here
here 2
DiffusionWrapper has 859.52 M params.
here
here 2
making attention of type 'vanilla' with 512 in_channels
Working with z of shape (1, 4, 32, 32) = 4096 dimensions.
making attention of type 'vanilla' with 512 in_channels
here
here 2
here
here 2
here
here 2
Loaded model config from [./models/cldm_v15.yaml]
Loaded state_dict from [./models/control_sd15_depth.pth]
uint8 (512, 512)
['Chair covered in a digital glitch art effect']
['']
Data shape for DDIM sampling is (1, 4, 64, 64), eta 0.0
Running DDIM Sampling with 50 timesteps
0.18215
torch.Size([1, 4, 64, 64])
100
Generating image for model 03001627_7facccfa81369078a8930422448288ea_depth_views.npz with foreground prompt Chair with an optical illusion that makes it seem invisible from certain angles, background prompt A vibrant, colorful circus tent with a center ring and bold, exciting accents, seed 1705, view 6...
here
here 2
ControlLDM: Running in eps-prediction mode
here
here 2
DiffusionWrapper has 859.52 M params.
here
here 2
making attention of type 'vanilla' with 512 in_channels
Working with z of shape (1, 4, 32, 32) = 4096 dimensions.
making attention of type 'vanilla' with 512 in_channels
here
here 2
here
here 2
here
here 2
Loaded model config from [./models/cldm_v15.yaml]
Loaded state_dict from [./models/control_sd15_depth.pth]
uint8 (512, 512)
['Chair with an optical illusion that makes it seem invisible from certain angles']
['']
Data shape for DDIM sampling is (1, 4, 64, 64), eta 0.0
Running DDIM Sampling with 50 timesteps
0.18215
torch.Size([1, 4, 64, 64])
100
Generating image for model 03001627_7facccfa81369078a8930422448288ea_depth_views.npz with foreground prompt Chair with an ombre effect transitioning from top to bottom, background prompt A rustic, charming apple orchard with a picking basket and natural, earthy tones, seed 962, view 19...
here
here 2
ControlLDM: Running in eps-prediction mode
here
here 2
DiffusionWrapper has 859.52 M params.
here
here 2
making attention of type 'vanilla' with 512 in_channels
Working with z of shape (1, 4, 32, 32) = 4096 dimensions.
making attention of type 'vanilla' with 512 in_channels
here
here 2
here
here 2
here
here 2
Loaded model config from [./models/cldm_v15.yaml]
Loaded state_dict from [./models/control_sd15_depth.pth]
uint8 (512, 512)
['Chair with an ombre effect transitioning from top to bottom']
['']
Data shape for DDIM sampling is (1, 4, 64, 64), eta 0.0
Running DDIM Sampling with 50 timesteps
0.18215
torch.Size([1, 4, 64, 64])
100
Generating image for model 03001627_7facccfa81369078a8930422448288ea_depth_views.npz with foreground prompt Laser-etched tribal patterns along the chair's sides, background prompt A luxurious, opulent hotel lobby with gleaming marble floors, seed 9574, view 1...
here
here 2
ControlLDM: Running in eps-prediction mode
here
here 2
DiffusionWrapper has 859.52 M params.
here
here 2
making attention of type 'vanilla' with 512 in_channels
Working with z of shape (1, 4, 32, 32) = 4096 dimensions.
making attention of type 'vanilla' with 512 in_channels
here
here 2
here
here 2
here
here 2
Loaded model config from [./models/cldm_v15.yaml]
Loaded state_dict from [./models/control_sd15_depth.pth]
uint8 (512, 512)
["Laser-etched tribal patterns along the chair's sides"]
['']
Data shape for DDIM sampling is (1, 4, 64, 64), eta 0.0
Running DDIM Sampling with 50 timesteps
0.18215
torch.Size([1, 4, 64, 64])
100
Generating image for model 03001627_7facccfa81369078a8930422448288ea_depth_views.npz with foreground prompt Chair with a stucco texture for a Mediterranean feel, background prompt A funky, retro game room with bright neon lights, seed 6119, view 0...
here
here 2
ControlLDM: Running in eps-prediction mode
here
here 2
DiffusionWrapper has 859.52 M params.
here
here 2
making attention of type 'vanilla' with 512 in_channels
Working with z of shape (1, 4, 32, 32) = 4096 dimensions.
making attention of type 'vanilla' with 512 in_channels
here
here 2
here
here 2
here
here 2
Loaded model config from [./models/cldm_v15.yaml]
Loaded state_dict from [./models/control_sd15_depth.pth]
uint8 (512, 512)
['Chair with a stucco texture for a Mediterranean feel']
['']
Data shape for DDIM sampling is (1, 4, 64, 64), eta 0.0
Running DDIM Sampling with 50 timesteps
0.18215
torch.Size([1, 4, 64, 64])
100
Generating image for model 03001627_7facccfa81369078a8930422448288ea_depth_views.npz with foreground prompt Chair silhouette against a brightly lit background, background prompt A vibrant, colorful daycare playroom with kid-sized furniture and bright, cheerful hues, seed 4240, view 1...
here
here 2
ControlLDM: Running in eps-prediction mode
here
here 2
DiffusionWrapper has 859.52 M params.
here
here 2
making attention of type 'vanilla' with 512 in_channels
Working with z of shape (1, 4, 32, 32) = 4096 dimensions.
making attention of type 'vanilla' with 512 in_channels
here
here 2
here
here 2
here
here 2
Loaded model config from [./models/cldm_v15.yaml]
Loaded state_dict from [./models/control_sd15_depth.pth]
uint8 (512, 512)
['Chair silhouette against a brightly lit background']
['']
Data shape for DDIM sampling is (1, 4, 64, 64), eta 0.0
Running DDIM Sampling with 50 timesteps
0.18215
torch.Size([1, 4, 64, 64])
100
Generating image for model 03001627_7facccfa81369078a8930422448288ea_depth_views.npz with foreground prompt Chair appearing as a watercolor painting with blurred edges, background prompt A serene, tranquil bedroom with soft, pastel lighting, seed 8870, view 18...
here
here 2
ControlLDM: Running in eps-prediction mode
here
here 2
DiffusionWrapper has 859.52 M params.
here
here 2
making attention of type 'vanilla' with 512 in_channels
Working with z of shape (1, 4, 32, 32) = 4096 dimensions.
making attention of type 'vanilla' with 512 in_channels
here
here 2
here
here 2
here
here 2
Loaded model config from [./models/cldm_v15.yaml]
Loaded state_dict from [./models/control_sd15_depth.pth]
uint8 (512, 512)
['Chair appearing as a watercolor painting with blurred edges']
['']
Data shape for DDIM sampling is (1, 4, 64, 64), eta 0.0
Running DDIM Sampling with 50 timesteps
0.18215
torch.Size([1, 4, 64, 64])
100
Generating image for model 03001627_7facccfa81369078a8930422448288ea_depth_views.npz with foreground prompt Chair with a vintage sepia tone effect, background prompt A sleek, modern science lab with stainless steel surfaces and bright, clinical lighting, seed 3843, view 5...
here
here 2
ControlLDM: Running in eps-prediction mode
here
here 2
DiffusionWrapper has 859.52 M params.
here
here 2
making attention of type 'vanilla' with 512 in_channels
Working with z of shape (1, 4, 32, 32) = 4096 dimensions.
making attention of type 'vanilla' with 512 in_channels
here
here 2
here
here 2
here
here 2
Loaded model config from [./models/cldm_v15.yaml]
Loaded state_dict from [./models/control_sd15_depth.pth]
uint8 (512, 512)
['Chair with a vintage sepia tone effect']
['']
Data shape for DDIM sampling is (1, 4, 64, 64), eta 0.0
Running DDIM Sampling with 50 timesteps
0.18215
torch.Size([1, 4, 64, 64])
100
Generating image for model 03001627_7facccfa81369078a8930422448288ea_depth_views.npz with foreground prompt Chair with an effect of being underwater, complete with ripples, background prompt A grand, opulent symphony hall with an orchestra pit and regal, luxurious accents, seed 8072, view 1...
here
here 2
ControlLDM: Running in eps-prediction mode
here
here 2
DiffusionWrapper has 859.52 M params.
here
here 2
making attention of type 'vanilla' with 512 in_channels
Working with z of shape (1, 4, 32, 32) = 4096 dimensions.
making attention of type 'vanilla' with 512 in_channels
here
here 2
here
here 2
here
here 2
Loaded model config from [./models/cldm_v15.yaml]
Loaded state_dict from [./models/control_sd15_depth.pth]
uint8 (512, 512)
['Chair with an effect of being underwater, complete with ripples']
['']
Data shape for DDIM sampling is (1, 4, 64, 64), eta 0.0
Running DDIM Sampling with 50 timesteps
0.18215
torch.Size([1, 4, 64, 64])
100
Generating image for model 03001627_7facccfa81369078a8930422448288ea_depth_views.npz with foreground prompt Chair textured with a marble-like veneer, background prompt A sophisticated, upscale restaurant with dim lighting and rich, dark accents, seed 9570, view 15...
here
here 2
ControlLDM: Running in eps-prediction mode
here
here 2
DiffusionWrapper has 859.52 M params.
here
here 2
making attention of type 'vanilla' with 512 in_channels
Working with z of shape (1, 4, 32, 32) = 4096 dimensions.
making attention of type 'vanilla' with 512 in_channels
here
here 2
here
here 2
here
here 2
Loaded model config from [./models/cldm_v15.yaml]
Loaded state_dict from [./models/control_sd15_depth.pth]
uint8 (512, 512)
['Chair textured with a marble-like veneer']
['']
Data shape for DDIM sampling is (1, 4, 64, 64), eta 0.0
Running DDIM Sampling with 50 timesteps
0.18215
torch.Size([1, 4, 64, 64])
100
Generating image for model 03001627_7facccfa81369078a8930422448288ea_depth_views.npz with foreground prompt Chair appearing as a watercolor painting with blurred edges, background prompt A peaceful, serene conservatory with glass walls and lush, green plants, seed 9936, view 1...
here
here 2
ControlLDM: Running in eps-prediction mode
here
here 2
DiffusionWrapper has 859.52 M params.
here
here 2
making attention of type 'vanilla' with 512 in_channels
Working with z of shape (1, 4, 32, 32) = 4096 dimensions.
making attention of type 'vanilla' with 512 in_channels
here
here 2
here
here 2
here
here 2
Loaded model config from [./models/cldm_v15.yaml]
Loaded state_dict from [./models/control_sd15_depth.pth]
uint8 (512, 512)
['Chair appearing as a watercolor painting with blurred edges']
['']
Data shape for DDIM sampling is (1, 4, 64, 64), eta 0.0
Running DDIM Sampling with 50 timesteps
0.18215
torch.Size([1, 4, 64, 64])
100
Generating image for model 03001627_7facccfa81369078a8930422448288ea_depth_views.npz with foreground prompt Chair casting a shadow with the silhouette of a different object, background prompt A sleek, modern radiology lab with an MRI machine and cool, clinical hues, seed 8582, view 14...
here
here 2
ControlLDM: Running in eps-prediction mode
here
here 2
DiffusionWrapper has 859.52 M params.
here
here 2
making attention of type 'vanilla' with 512 in_channels
Working with z of shape (1, 4, 32, 32) = 4096 dimensions.
making attention of type 'vanilla' with 512 in_channels
here
here 2
here
here 2
here
here 2
Loaded model config from [./models/cldm_v15.yaml]
Loaded state_dict from [./models/control_sd15_depth.pth]
uint8 (512, 512)
['Chair casting a shadow with the silhouette of a different object']
['']
Data shape for DDIM sampling is (1, 4, 64, 64), eta 0.0
Running DDIM Sampling with 50 timesteps
0.18215
torch.Size([1, 4, 64, 64])
100
Generating image for model 03001627_7facccfa81369078a8930422448288ea_depth_views.npz with foreground prompt Chair painted in a matte black ultra-modern finish, background prompt A rustic, charming farmhouse kitchen with a large island and warm, country hues, seed 3883, view 5...
here
here 2
ControlLDM: Running in eps-prediction mode
here
here 2
DiffusionWrapper has 859.52 M params.
here
here 2
making attention of type 'vanilla' with 512 in_channels
Working with z of shape (1, 4, 32, 32) = 4096 dimensions.
making attention of type 'vanilla' with 512 in_channels
here
here 2
here
here 2
here
here 2
Loaded model config from [./models/cldm_v15.yaml]
Loaded state_dict from [./models/control_sd15_depth.pth]
uint8 (512, 512)
['Chair painted in a matte black ultra-modern finish']
['']
Data shape for DDIM sampling is (1, 4, 64, 64), eta 0.0
Running DDIM Sampling with 50 timesteps
0.18215
torch.Size([1, 4, 64, 64])
100
Generating image for model 03001627_7facccfa81369078a8930422448288ea_depth_views.npz with foreground prompt Chair with a lace-like shadow pattern on the floor around it, background prompt A sleek, futuristic spacecraft interior with metal surfaces and cool, blue lighting, seed 8684, view 0...
here
here 2
ControlLDM: Running in eps-prediction mode
here
here 2
DiffusionWrapper has 859.52 M params.
here
here 2
making attention of type 'vanilla' with 512 in_channels
Working with z of shape (1, 4, 32, 32) = 4096 dimensions.
making attention of type 'vanilla' with 512 in_channels
here
here 2
here
here 2
here
here 2
Loaded model config from [./models/cldm_v15.yaml]
Loaded state_dict from [./models/control_sd15_depth.pth]
uint8 (512, 512)
['Chair with a lace-like shadow pattern on the floor around it']
['']
Data shape for DDIM sampling is (1, 4, 64, 64), eta 0.0
Running DDIM Sampling with 50 timesteps
0.18215
torch.Size([1, 4, 64, 64])
100
Generating image for model 03001627_7facccfa81369078a8930422448288ea_depth_views.npz with foreground prompt Soft pastel tones brushed onto the chair, background prompt A charming, old-fashioned parlor with antique decor and soft, vintage colors, seed 2903, view 6...
here
here 2
ControlLDM: Running in eps-prediction mode
here
here 2
DiffusionWrapper has 859.52 M params.
here
here 2
making attention of type 'vanilla' with 512 in_channels
Working with z of shape (1, 4, 32, 32) = 4096 dimensions.
making attention of type 'vanilla' with 512 in_channels
here
here 2
here
here 2
here
here 2
Loaded model config from [./models/cldm_v15.yaml]
Loaded state_dict from [./models/control_sd15_depth.pth]
uint8 (512, 512)
['Soft pastel tones brushed onto the chair']
['']
Data shape for DDIM sampling is (1, 4, 64, 64), eta 0.0
Running DDIM Sampling with 50 timesteps
0.18215
torch.Size([1, 4, 64, 64])
100
Generating image for model 03001627_7facccfa81369078a8930422448288ea_depth_views.npz with foreground prompt Chair bathed in the glow of a rising or setting sun, background prompt A bright, airy beach house living room with coastal decor and light, breezy hues, seed 2631, view 19...
here
here 2
ControlLDM: Running in eps-prediction mode
here
here 2
DiffusionWrapper has 859.52 M params.
here
here 2
making attention of type 'vanilla' with 512 in_channels
Working with z of shape (1, 4, 32, 32) = 4096 dimensions.
making attention of type 'vanilla' with 512 in_channels
here
here 2
here
here 2
here
here 2
Loaded model config from [./models/cldm_v15.yaml]
Loaded state_dict from [./models/control_sd15_depth.pth]
uint8 (512, 512)
['Chair bathed in the glow of a rising or setting sun']
['']
Data shape for DDIM sampling is (1, 4, 64, 64), eta 0.0
Running DDIM Sampling with 50 timesteps
0.18215
torch.Size([1, 4, 64, 64])
100
Generating image for model 03001627_7facccfa81369078a8930422448288ea_depth_views.npz with foreground prompt Chair that appears to be slowly rotating on its axis, background prompt A sophisticated, elegant charity gala with a silent auction and rich, glamorous tones, seed 7136, view 18...
here
here 2
ControlLDM: Running in eps-prediction mode
here
here 2
DiffusionWrapper has 859.52 M params.
here
here 2
making attention of type 'vanilla' with 512 in_channels
Working with z of shape (1, 4, 32, 32) = 4096 dimensions.
making attention of type 'vanilla' with 512 in_channels
here
here 2
here
here 2
here
here 2
Loaded model config from [./models/cldm_v15.yaml]
Loaded state_dict from [./models/control_sd15_depth.pth]
uint8 (512, 512)
['Chair that appears to be slowly rotating on its axis']
['']
Data shape for DDIM sampling is (1, 4, 64, 64), eta 0.0
Running DDIM Sampling with 50 timesteps
0.18215
torch.Size([1, 4, 64, 64])
100
Generating image for model 03001627_7facccfa81369078a8930422448288ea_depth_views.npz with foreground prompt Chair that casts a floral patterned shadow, background prompt A cozy, intimate reading room with a fireplace and rich, inviting colors, seed 6806, view 14...
here
here 2
ControlLDM: Running in eps-prediction mode
here
here 2
DiffusionWrapper has 859.52 M params.
here
here 2
making attention of type 'vanilla' with 512 in_channels
Working with z of shape (1, 4, 32, 32) = 4096 dimensions.
making attention of type 'vanilla' with 512 in_channels
here
here 2
here
here 2
here
here 2
Loaded model config from [./models/cldm_v15.yaml]
Loaded state_dict from [./models/control_sd15_depth.pth]
uint8 (512, 512)
['Chair that casts a floral patterned shadow']
['']
Data shape for DDIM sampling is (1, 4, 64, 64), eta 0.0
Running DDIM Sampling with 50 timesteps
0.18215
torch.Size([1, 4, 64, 64])
100
Generating image for model 03001627_7facccfa81369078a8930422448288ea_depth_views.npz with foreground prompt Chair with a projection of old film reels playing across it, background prompt A bright, open photography studio with white backdrops and crisp, clean lighting, seed 9098, view 0...
here
here 2
ControlLDM: Running in eps-prediction mode
here
here 2
DiffusionWrapper has 859.52 M params.
here
here 2
making attention of type 'vanilla' with 512 in_channels
Working with z of shape (1, 4, 32, 32) = 4096 dimensions.
making attention of type 'vanilla' with 512 in_channels
here
here 2
here
here 2
here
here 2
Loaded model config from [./models/cldm_v15.yaml]
Loaded state_dict from [./models/control_sd15_depth.pth]
uint8 (512, 512)
['Chair with a projection of old film reels playing across it']
['']
Data shape for DDIM sampling is (1, 4, 64, 64), eta 0.0
Running DDIM Sampling with 50 timesteps
0.18215
torch.Size([1, 4, 64, 64])
100
Generating image for model 03001627_7facccfa81369078a8930422448288ea_depth_views.npz with foreground prompt Chair with a shadow that appears as if in watercolor, background prompt A sleek, modern science lab with stainless steel surfaces and bright, clinical lighting, seed 739, view 17...
here
here 2
ControlLDM: Running in eps-prediction mode
here
here 2
DiffusionWrapper has 859.52 M params.
here
here 2
making attention of type 'vanilla' with 512 in_channels
Working with z of shape (1, 4, 32, 32) = 4096 dimensions.
making attention of type 'vanilla' with 512 in_channels
here
here 2
here
here 2
here
here 2
Loaded model config from [./models/cldm_v15.yaml]
Loaded state_dict from [./models/control_sd15_depth.pth]
uint8 (512, 512)
['Chair with a shadow that appears as if in watercolor']
['']
Data shape for DDIM sampling is (1, 4, 64, 64), eta 0.0
Running DDIM Sampling with 50 timesteps
0.18215
torch.Size([1, 4, 64, 64])
100
Generating image for model 03001627_7facccfa81369078a8930422448288ea_depth_views.npz with foreground prompt Chair outlined with a glowing neon light, background prompt A chic, stylish dressing room with full-length mirrors and soft lighting, seed 5174, view 6...
here
here 2
ControlLDM: Running in eps-prediction mode
here
here 2
DiffusionWrapper has 859.52 M params.
here
here 2
making attention of type 'vanilla' with 512 in_channels
Working with z of shape (1, 4, 32, 32) = 4096 dimensions.
making attention of type 'vanilla' with 512 in_channels
here
here 2
here
here 2
here
here 2
Loaded model config from [./models/cldm_v15.yaml]
Loaded state_dict from [./models/control_sd15_depth.pth]
uint8 (512, 512)
['Chair outlined with a glowing neon light']
['']
Data shape for DDIM sampling is (1, 4, 64, 64), eta 0.0
Running DDIM Sampling with 50 timesteps
0.18215
torch.Size([1, 4, 64, 64])
100
Generating image for model 03001627_7facccfa81369078a8930422448288ea_depth_views.npz with foreground prompt Chair with a stucco texture for a Mediterranean feel, background prompt A cozy, intimate wine cellar with brick walls and warm, amber lighting, seed 3154, view 5...
here
here 2
ControlLDM: Running in eps-prediction mode
here
here 2
DiffusionWrapper has 859.52 M params.
here
here 2
making attention of type 'vanilla' with 512 in_channels
Working with z of shape (1, 4, 32, 32) = 4096 dimensions.
making attention of type 'vanilla' with 512 in_channels
here
here 2
here
here 2
here
here 2
Loaded model config from [./models/cldm_v15.yaml]
Loaded state_dict from [./models/control_sd15_depth.pth]
uint8 (512, 512)
['Chair with a stucco texture for a Mediterranean feel']
['']
Data shape for DDIM sampling is (1, 4, 64, 64), eta 0.0
Running DDIM Sampling with 50 timesteps
0.18215
torch.Size([1, 4, 64, 64])
100
Generating image for model 03001627_7facccfa81369078a8930422448288ea_depth_views.npz with foreground prompt Chair with a shadow that appears as if in watercolor, background prompt A sophisticated, upscale cigar lounge with leather seating and rich, dark colors, seed 1956, view 13...
here
here 2
ControlLDM: Running in eps-prediction mode
here
here 2
DiffusionWrapper has 859.52 M params.
here
here 2
making attention of type 'vanilla' with 512 in_channels
Working with z of shape (1, 4, 32, 32) = 4096 dimensions.
making attention of type 'vanilla' with 512 in_channels
here
here 2
here
here 2
here
here 2
Loaded model config from [./models/cldm_v15.yaml]
Loaded state_dict from [./models/control_sd15_depth.pth]
uint8 (512, 512)
['Chair with a shadow that appears as if in watercolor']
['']
Data shape for DDIM sampling is (1, 4, 64, 64), eta 0.0
Running DDIM Sampling with 50 timesteps
0.18215
torch.Size([1, 4, 64, 64])
100
Generating image for model 03001627_7facccfa81369078a8930422448288ea_depth_views.npz with foreground prompt Chair with an oil slick, iridescent finish, background prompt A rustic, charming farmhouse kitchen with a large island and warm, country hues, seed 7611, view 9...
here
here 2
ControlLDM: Running in eps-prediction mode
here
here 2
DiffusionWrapper has 859.52 M params.
here
here 2
making attention of type 'vanilla' with 512 in_channels
Working with z of shape (1, 4, 32, 32) = 4096 dimensions.
making attention of type 'vanilla' with 512 in_channels
here
here 2
here
here 2
here
here 2
Loaded model config from [./models/cldm_v15.yaml]
Loaded state_dict from [./models/control_sd15_depth.pth]
uint8 (512, 512)
['Chair with an oil slick, iridescent finish']
['']
Data shape for DDIM sampling is (1, 4, 64, 64), eta 0.0
Running DDIM Sampling with 50 timesteps
0.18215
torch.Size([1, 4, 64, 64])
100
Generating image for model 03001627_7facccfa81369078a8930422448288ea_depth_views.npz with foreground prompt Chair with a vintage crackle glaze finish, background prompt A rustic, charming mountain cabin with a wood stove and warm, natural colors, seed 2693, view 7...
here
here 2
ControlLDM: Running in eps-prediction mode
here
here 2
DiffusionWrapper has 859.52 M params.
here
here 2
making attention of type 'vanilla' with 512 in_channels
Working with z of shape (1, 4, 32, 32) = 4096 dimensions.
making attention of type 'vanilla' with 512 in_channels
here
here 2
here
here 2
here
here 2
Loaded model config from [./models/cldm_v15.yaml]
Loaded state_dict from [./models/control_sd15_depth.pth]
uint8 (512, 512)
['Chair with a vintage crackle glaze finish']
['']
Data shape for DDIM sampling is (1, 4, 64, 64), eta 0.0
Running DDIM Sampling with 50 timesteps
0.18215
torch.Size([1, 4, 64, 64])
100
Generating image for model 03001627_7facccfa81369078a8930422448288ea_depth_views.npz with foreground prompt Chair with an organic mossy growth texture, background prompt A grand, impressive legislative chamber with a dais and rich, stately colors, seed 9248, view 13...
here
here 2
ControlLDM: Running in eps-prediction mode
here
here 2
DiffusionWrapper has 859.52 M params.
here
here 2
making attention of type 'vanilla' with 512 in_channels
Working with z of shape (1, 4, 32, 32) = 4096 dimensions.
making attention of type 'vanilla' with 512 in_channels
here
here 2
here
here 2
here
here 2
Loaded model config from [./models/cldm_v15.yaml]
Loaded state_dict from [./models/control_sd15_depth.pth]
uint8 (512, 512)
['Chair with an organic mossy growth texture']
['']
Data shape for DDIM sampling is (1, 4, 64, 64), eta 0.0
Running DDIM Sampling with 50 timesteps
0.18215
torch.Size([1, 4, 64, 64])
100
Generating image for model 03001627_7facccfa81369078a8930422448288ea_depth_views.npz with foreground prompt Chair depicted as if sketched with charcoal and smudges, background prompt A grand, impressive hotel ballroom with a stage and elegant, neutral colors, seed 3054, view 11...
here
here 2
ControlLDM: Running in eps-prediction mode
here
here 2
DiffusionWrapper has 859.52 M params.
here
here 2
making attention of type 'vanilla' with 512 in_channels
Working with z of shape (1, 4, 32, 32) = 4096 dimensions.
making attention of type 'vanilla' with 512 in_channels
here
here 2
here
here 2
here
here 2
Loaded model config from [./models/cldm_v15.yaml]
Loaded state_dict from [./models/control_sd15_depth.pth]
uint8 (512, 512)
['Chair depicted as if sketched with charcoal and smudges']
['']
Data shape for DDIM sampling is (1, 4, 64, 64), eta 0.0
Running DDIM Sampling with 50 timesteps
0.18215
torch.Size([1, 4, 64, 64])
100
Generating image for model 03001627_7facccfa81369078a8930422448288ea_depth_views.npz with foreground prompt Chair with a cascading waterfall effect from the seat, background prompt A grand, impressive university library with high ceilings and rich, scholarly tones, seed 4564, view 19...
here
here 2
ControlLDM: Running in eps-prediction mode
here
here 2
DiffusionWrapper has 859.52 M params.
here
here 2
making attention of type 'vanilla' with 512 in_channels
Working with z of shape (1, 4, 32, 32) = 4096 dimensions.
making attention of type 'vanilla' with 512 in_channels
here
here 2
here
here 2
here
here 2
Loaded model config from [./models/cldm_v15.yaml]
Loaded state_dict from [./models/control_sd15_depth.pth]
uint8 (512, 512)
['Chair with a cascading waterfall effect from the seat']
['']
Data shape for DDIM sampling is (1, 4, 64, 64), eta 0.0
Running DDIM Sampling with 50 timesteps
0.18215
torch.Size([1, 4, 64, 64])
100
Generating image for model 03001627_7facccfa81369078a8930422448288ea_depth_views.npz with foreground prompt Chair surrounded by a rotating orbit of small, luminescent particles, background prompt A peaceful, serene meditation garden with a koi pond and natural, calming tones, seed 6658, view 19...
here
here 2
ControlLDM: Running in eps-prediction mode
here
here 2
DiffusionWrapper has 859.52 M params.
here
here 2
making attention of type 'vanilla' with 512 in_channels
Working with z of shape (1, 4, 32, 32) = 4096 dimensions.
making attention of type 'vanilla' with 512 in_channels
here
here 2
here
here 2
here
here 2
Loaded model config from [./models/cldm_v15.yaml]
Loaded state_dict from [./models/control_sd15_depth.pth]
uint8 (512, 512)
['Chair surrounded by a rotating orbit of small, luminescent particles']
['']
Data shape for DDIM sampling is (1, 4, 64, 64), eta 0.0
Running DDIM Sampling with 50 timesteps
0.18215
torch.Size([1, 4, 64, 64])
100
Generating image for model 03001627_7facccfa81369078a8930422448288ea_depth_views.npz with foreground prompt Chair enveloped in a soft, dreamy fog, background prompt A bright, open dance studio with a mirrored wall and energetic, lively colors, seed 3013, view 10...
here
here 2
ControlLDM: Running in eps-prediction mode
here
here 2
DiffusionWrapper has 859.52 M params.
here
here 2
making attention of type 'vanilla' with 512 in_channels
Working with z of shape (1, 4, 32, 32) = 4096 dimensions.
making attention of type 'vanilla' with 512 in_channels
here
here 2
here
here 2
here
here 2
Loaded model config from [./models/cldm_v15.yaml]
Loaded state_dict from [./models/control_sd15_depth.pth]
uint8 (512, 512)
['Chair enveloped in a soft, dreamy fog']
['']
Data shape for DDIM sampling is (1, 4, 64, 64), eta 0.0
Running DDIM Sampling with 50 timesteps
0.18215
torch.Size([1, 4, 64, 64])
100
Generating image for model 03001627_7facccfa81369078a8930422448288ea_depth_views.npz with foreground prompt Chair with a radiant sunburst pattern emanating from the center, background prompt A grand, opulent symphony hall with an orchestra pit and regal, luxurious accents, seed 8546, view 14...
here
here 2
ControlLDM: Running in eps-prediction mode
here
here 2
DiffusionWrapper has 859.52 M params.
here
here 2
making attention of type 'vanilla' with 512 in_channels
Working with z of shape (1, 4, 32, 32) = 4096 dimensions.
making attention of type 'vanilla' with 512 in_channels
here
here 2
here
here 2
here
here 2
Loaded model config from [./models/cldm_v15.yaml]
Loaded state_dict from [./models/control_sd15_depth.pth]
uint8 (512, 512)
['Chair with a radiant sunburst pattern emanating from the center']
['']
Data shape for DDIM sampling is (1, 4, 64, 64), eta 0.0
Running DDIM Sampling with 50 timesteps
0.18215
torch.Size([1, 4, 64, 64])
100
Generating image for model 03001627_7facccfa81369078a8930422448288ea_depth_views.npz with foreground prompt Iridescent bubbles surrounding the chair, creating a magical aura, background prompt A grand, impressive legislative chamber with a dais and rich, stately colors, seed 7511, view 5...
here
here 2
ControlLDM: Running in eps-prediction mode
here
here 2
DiffusionWrapper has 859.52 M params.
here
here 2
making attention of type 'vanilla' with 512 in_channels
Working with z of shape (1, 4, 32, 32) = 4096 dimensions.
making attention of type 'vanilla' with 512 in_channels
here
here 2
here
here 2
here
here 2
Loaded model config from [./models/cldm_v15.yaml]
Loaded state_dict from [./models/control_sd15_depth.pth]
uint8 (512, 512)
['Iridescent bubbles surrounding the chair, creating a magical aura']
['']
Data shape for DDIM sampling is (1, 4, 64, 64), eta 0.0
Running DDIM Sampling with 50 timesteps
0.18215
torch.Size([1, 4, 64, 64])
100
Generating image for model 03001627_7facccfa81369078a8930422448288ea_depth_views.npz with foreground prompt Chair surrounded by a mist of golden sparkles, background prompt A sophisticated, upscale jazz club with dim lighting and deep, moody colors, seed 2737, view 3...
here
here 2
ControlLDM: Running in eps-prediction mode
here
here 2
DiffusionWrapper has 859.52 M params.
here
here 2
making attention of type 'vanilla' with 512 in_channels
Working with z of shape (1, 4, 32, 32) = 4096 dimensions.
making attention of type 'vanilla' with 512 in_channels
here
here 2
here
here 2
here
here 2
Loaded model config from [./models/cldm_v15.yaml]
Loaded state_dict from [./models/control_sd15_depth.pth]
uint8 (512, 512)
['Chair surrounded by a mist of golden sparkles']
['']
Data shape for DDIM sampling is (1, 4, 64, 64), eta 0.0
Running DDIM Sampling with 50 timesteps
0.18215
torch.Size([1, 4, 64, 64])
100
Generating image for model 03001627_7facccfa81369078a8930422448288ea_depth_views.npz with foreground prompt Chair surrounded by a static electricity effect, background prompt A charming, old-fashioned barbershop with vintage decor and classic, masculine hues, seed 4062, view 2...
here
here 2
ControlLDM: Running in eps-prediction mode
here
here 2
DiffusionWrapper has 859.52 M params.
here
here 2
making attention of type 'vanilla' with 512 in_channels
Working with z of shape (1, 4, 32, 32) = 4096 dimensions.
making attention of type 'vanilla' with 512 in_channels
here
here 2
here
here 2
here
here 2
Loaded model config from [./models/cldm_v15.yaml]
Loaded state_dict from [./models/control_sd15_depth.pth]
uint8 (512, 512)
['Chair surrounded by a static electricity effect']
['']
Data shape for DDIM sampling is (1, 4, 64, 64), eta 0.0
Running DDIM Sampling with 50 timesteps
0.18215
torch.Size([1, 4, 64, 64])
100
Generating image for model 03001627_7facccfa81369078a8930422448288ea_depth_views.npz with foreground prompt Chair enveloped in a soft, dreamy fog, background prompt A cozy, rustic cabin living room with log walls and warm, earthy colors, seed 8865, view 2...
here
here 2
ControlLDM: Running in eps-prediction mode
here
here 2
DiffusionWrapper has 859.52 M params.
here
here 2
making attention of type 'vanilla' with 512 in_channels
Working with z of shape (1, 4, 32, 32) = 4096 dimensions.
making attention of type 'vanilla' with 512 in_channels
here
here 2
here
here 2
here
here 2
Loaded model config from [./models/cldm_v15.yaml]
Loaded state_dict from [./models/control_sd15_depth.pth]
uint8 (512, 512)
['Chair enveloped in a soft, dreamy fog']
['']
Data shape for DDIM sampling is (1, 4, 64, 64), eta 0.0
Running DDIM Sampling with 50 timesteps
0.18215
torch.Size([1, 4, 64, 64])
100
Generating image for model 03001627_7facccfa81369078a8930422448288ea_depth_views.npz with foreground prompt Chair with a fluorescent glow under black light, background prompt A rustic, countryside kitchen with rich, wooden accents, seed 4345, view 10...
here
here 2
ControlLDM: Running in eps-prediction mode
here
here 2
DiffusionWrapper has 859.52 M params.
here
here 2
making attention of type 'vanilla' with 512 in_channels
Working with z of shape (1, 4, 32, 32) = 4096 dimensions.
making attention of type 'vanilla' with 512 in_channels
here
here 2
here
here 2
here
here 2
Loaded model config from [./models/cldm_v15.yaml]
Loaded state_dict from [./models/control_sd15_depth.pth]
uint8 (512, 512)
['Chair with a fluorescent glow under black light']
['']
Data shape for DDIM sampling is (1, 4, 64, 64), eta 0.0
Running DDIM Sampling with 50 timesteps
0.18215
torch.Size([1, 4, 64, 64])
100
Generating image for model 03001627_7facccfa81369078a8930422448288ea_depth_views.npz with foreground prompt Chair with edges that glow as if backlit, background prompt A sophisticated, elegant bridal suite with full-length mirrors and soft, romantic lighting, seed 4016, view 12...
here
here 2
ControlLDM: Running in eps-prediction mode
here
here 2
DiffusionWrapper has 859.52 M params.
here
here 2
making attention of type 'vanilla' with 512 in_channels
Working with z of shape (1, 4, 32, 32) = 4096 dimensions.
making attention of type 'vanilla' with 512 in_channels
here
here 2
here
here 2
here
here 2
Loaded model config from [./models/cldm_v15.yaml]
Loaded state_dict from [./models/control_sd15_depth.pth]
uint8 (512, 512)
['Chair with edges that glow as if backlit']
['']
Data shape for DDIM sampling is (1, 4, 64, 64), eta 0.0
Running DDIM Sampling with 50 timesteps
0.18215
torch.Size([1, 4, 64, 64])
100
Generating image for model 03001627_7facccfa81369078a8930422448288ea_depth_views.npz with foreground prompt Chair with a silhouette filled with a starry night sky, background prompt A serene, tranquil bedroom with soft, pastel lighting, seed 9551, view 11...
here
here 2
ControlLDM: Running in eps-prediction mode
here
here 2
DiffusionWrapper has 859.52 M params.
here
here 2
making attention of type 'vanilla' with 512 in_channels
Working with z of shape (1, 4, 32, 32) = 4096 dimensions.
making attention of type 'vanilla' with 512 in_channels
here
here 2
here
here 2
here
here 2
Loaded model config from [./models/cldm_v15.yaml]
Loaded state_dict from [./models/control_sd15_depth.pth]
uint8 (512, 512)
['Chair with a silhouette filled with a starry night sky']
['']
Data shape for DDIM sampling is (1, 4, 64, 64), eta 0.0
Running DDIM Sampling with 50 timesteps
0.18215
torch.Size([1, 4, 64, 64])
100
Generating image for model 03001627_7facccfa81369078a8930422448288ea_depth_views.npz with foreground prompt Chair with a frost pattern creeping over its surface, background prompt A peaceful, serene church chapel with stained glass windows and soft, reverent hues, seed 2023, view 8...
here
here 2
ControlLDM: Running in eps-prediction mode
here
here 2
DiffusionWrapper has 859.52 M params.
here
here 2
making attention of type 'vanilla' with 512 in_channels
Working with z of shape (1, 4, 32, 32) = 4096 dimensions.
making attention of type 'vanilla' with 512 in_channels
here
here 2
here
here 2
here
here 2
Loaded model config from [./models/cldm_v15.yaml]
Loaded state_dict from [./models/control_sd15_depth.pth]
uint8 (512, 512)
['Chair with a frost pattern creeping over its surface']
['']
Data shape for DDIM sampling is (1, 4, 64, 64), eta 0.0
Running DDIM Sampling with 50 timesteps
0.18215
torch.Size([1, 4, 64, 64])
100
Generating image for model 03001627_7facccfa81369078a8930422448288ea_depth_views.npz with foreground prompt Chair with a monochrome palette except for one vivid color, background prompt A sophisticated, elegant dining room with a sparkling chandelier, seed 32, view 16...
here
here 2
ControlLDM: Running in eps-prediction mode
here
here 2
DiffusionWrapper has 859.52 M params.
here
here 2
making attention of type 'vanilla' with 512 in_channels
Working with z of shape (1, 4, 32, 32) = 4096 dimensions.
making attention of type 'vanilla' with 512 in_channels
here
here 2
here
here 2
here
here 2
Loaded model config from [./models/cldm_v15.yaml]
Loaded state_dict from [./models/control_sd15_depth.pth]
uint8 (512, 512)
['Chair with a monochrome palette except for one vivid color']
['']
Data shape for DDIM sampling is (1, 4, 64, 64), eta 0.0
Running DDIM Sampling with 50 timesteps
0.18215
torch.Size([1, 4, 64, 64])
100
Generating image for model 03001627_7facccfa81369078a8930422448288ea_depth_views.npz with foreground prompt Chair surrounded by a swirling vortex of autumn leaves, background prompt A bright, airy beach house living room with coastal decor and light, breezy hues, seed 694, view 14...
here
here 2
ControlLDM: Running in eps-prediction mode
here
here 2
DiffusionWrapper has 859.52 M params.
here
here 2
making attention of type 'vanilla' with 512 in_channels
Working with z of shape (1, 4, 32, 32) = 4096 dimensions.
making attention of type 'vanilla' with 512 in_channels
here
here 2
here
here 2
here
here 2
Loaded model config from [./models/cldm_v15.yaml]
Loaded state_dict from [./models/control_sd15_depth.pth]
uint8 (512, 512)
['Chair surrounded by a swirling vortex of autumn leaves']
['']
Data shape for DDIM sampling is (1, 4, 64, 64), eta 0.0
Running DDIM Sampling with 50 timesteps
0.18215
torch.Size([1, 4, 64, 64])
100
Generating image for model 03001627_7facccfa81369078a8930422448288ea_depth_views.npz with foreground prompt Chair appearing to be crafted from old, weathered driftwood, background prompt A cozy, intimate reading room with a fireplace and rich, inviting colors, seed 9109, view 8...
here
here 2
ControlLDM: Running in eps-prediction mode
here
here 2
DiffusionWrapper has 859.52 M params.
here
here 2
making attention of type 'vanilla' with 512 in_channels
Working with z of shape (1, 4, 32, 32) = 4096 dimensions.
making attention of type 'vanilla' with 512 in_channels
here
here 2
here
here 2
here
here 2
Loaded model config from [./models/cldm_v15.yaml]
Loaded state_dict from [./models/control_sd15_depth.pth]
uint8 (512, 512)
['Chair appearing to be crafted from old, weathered driftwood']
['']
Data shape for DDIM sampling is (1, 4, 64, 64), eta 0.0
Running DDIM Sampling with 50 timesteps
0.18215
torch.Size([1, 4, 64, 64])
100
Generating image for model 03001627_7facccfa81369078a8930422448288ea_depth_views.npz with foreground prompt Chair with a dynamic explosion of color splashes behind it, background prompt A sophisticated, upscale cocktail lounge with plush seating and rich, dark tones, seed 8808, view 13...
here
here 2
ControlLDM: Running in eps-prediction mode
here
here 2
DiffusionWrapper has 859.52 M params.
here
here 2
making attention of type 'vanilla' with 512 in_channels
Working with z of shape (1, 4, 32, 32) = 4096 dimensions.
making attention of type 'vanilla' with 512 in_channels
here
here 2
here
here 2
here
here 2
Loaded model config from [./models/cldm_v15.yaml]
Loaded state_dict from [./models/control_sd15_depth.pth]
uint8 (512, 512)
['Chair with a dynamic explosion of color splashes behind it']
['']
Data shape for DDIM sampling is (1, 4, 64, 64), eta 0.0
Running DDIM Sampling with 50 timesteps
0.18215
torch.Size([1, 4, 64, 64])
100
Generating image for model 03001627_7facccfa81369078a8930422448288ea_depth_views.npz with foreground prompt Dappled light effect on the chair simulating sunlight through leaves, background prompt A bright, airy beach house living room with coastal decor and light, breezy hues, seed 4725, view 15...
here
here 2
ControlLDM: Running in eps-prediction mode
here
here 2
DiffusionWrapper has 859.52 M params.
here
here 2
making attention of type 'vanilla' with 512 in_channels
Working with z of shape (1, 4, 32, 32) = 4096 dimensions.
making attention of type 'vanilla' with 512 in_channels
here
here 2
here
here 2
here
here 2
Loaded model config from [./models/cldm_v15.yaml]
Loaded state_dict from [./models/control_sd15_depth.pth]
uint8 (512, 512)
['Dappled light effect on the chair simulating sunlight through leaves']
['']
Data shape for DDIM sampling is (1, 4, 64, 64), eta 0.0
Running DDIM Sampling with 50 timesteps
0.18215
torch.Size([1, 4, 64, 64])
100
Generating image for model 03001627_7facccfa81369078a8930422448288ea_depth_views.npz with foreground prompt Chair that looks as if it's melting into the floor, background prompt A luxurious, opulent hotel lobby with gleaming marble floors, seed 8004, view 2...
here
here 2
ControlLDM: Running in eps-prediction mode
here
here 2
DiffusionWrapper has 859.52 M params.
here
here 2
making attention of type 'vanilla' with 512 in_channels
Working with z of shape (1, 4, 32, 32) = 4096 dimensions.
making attention of type 'vanilla' with 512 in_channels
here
here 2
here
here 2
here
here 2
Loaded model config from [./models/cldm_v15.yaml]
Loaded state_dict from [./models/control_sd15_depth.pth]
uint8 (512, 512)
["Chair that looks as if it's melting into the floor"]
['']
Data shape for DDIM sampling is (1, 4, 64, 64), eta 0.0
Running DDIM Sampling with 50 timesteps
0.18215
torch.Size([1, 4, 64, 64])
100
Generating image for model 03001627_7facccfa81369078a8930422448288ea_depth_views.npz with foreground prompt Chair with a dynamic wind-blown sand effect at its base, background prompt A whimsical, enchanting child's bedroom with colorful, painted murals, seed 5143, view 6...
here
here 2
ControlLDM: Running in eps-prediction mode
here
here 2
DiffusionWrapper has 859.52 M params.
here
here 2
making attention of type 'vanilla' with 512 in_channels
Working with z of shape (1, 4, 32, 32) = 4096 dimensions.
making attention of type 'vanilla' with 512 in_channels
here
here 2
here
here 2
here
here 2
Loaded model config from [./models/cldm_v15.yaml]
Loaded state_dict from [./models/control_sd15_depth.pth]
uint8 (512, 512)
['Chair with a dynamic wind-blown sand effect at its base']
['']
Data shape for DDIM sampling is (1, 4, 64, 64), eta 0.0
Running DDIM Sampling with 50 timesteps
0.18215
torch.Size([1, 4, 64, 64])
100
Generating image for model 03001627_7facccfa81369078a8930422448288ea_depth_views.npz with foreground prompt Soft pastel tones brushed onto the chair, background prompt A grand, impressive hotel ballroom with a stage and elegant, neutral colors, seed 7436, view 19...
here
here 2
ControlLDM: Running in eps-prediction mode
here
here 2
DiffusionWrapper has 859.52 M params.
here
here 2
making attention of type 'vanilla' with 512 in_channels
Working with z of shape (1, 4, 32, 32) = 4096 dimensions.
making attention of type 'vanilla' with 512 in_channels
here
here 2
here
here 2
here
here 2
Loaded model config from [./models/cldm_v15.yaml]
Loaded state_dict from [./models/control_sd15_depth.pth]
uint8 (512, 512)
['Soft pastel tones brushed onto the chair']
['']
Data shape for DDIM sampling is (1, 4, 64, 64), eta 0.0
Running DDIM Sampling with 50 timesteps
0.18215
torch.Size([1, 4, 64, 64])
100
Generating image for model 03001627_7facccfa81369078a8930422448288ea_depth_views.npz with foreground prompt Chair with a frost pattern creeping over its surface, background prompt A fun, lively recreation room with a pool table and bright, energetic colors, seed 532, view 10...
here
here 2
ControlLDM: Running in eps-prediction mode
here
here 2
DiffusionWrapper has 859.52 M params.
here
here 2
making attention of type 'vanilla' with 512 in_channels
Working with z of shape (1, 4, 32, 32) = 4096 dimensions.
making attention of type 'vanilla' with 512 in_channels
here
here 2
here
here 2
here
here 2
Loaded model config from [./models/cldm_v15.yaml]
Loaded state_dict from [./models/control_sd15_depth.pth]
uint8 (512, 512)
['Chair with a frost pattern creeping over its surface']
['']
Data shape for DDIM sampling is (1, 4, 64, 64), eta 0.0
Running DDIM Sampling with 50 timesteps
0.18215
torch.Size([1, 4, 64, 64])
100
