Processing depth maps for model ID: 03001627_6e92bdda1bca7b72f9a4f3015fbf70_depth_views.npz
Generating image for model 03001627_6e92bdda1bca7b72f9a4f3015fbf70_depth_views.npz with foreground prompt Chair with a psychedelic tie-dye effect, background prompt A rustic, charming barn interior with wooden beams and natural, earthy tones, seed 1687, view 15...
here
here 2
No module 'xformers'. Proceeding without it.
ControlLDM: Running in eps-prediction mode
here
here 2
DiffusionWrapper has 859.52 M params.
here
here 2
making attention of type 'vanilla' with 512 in_channels
Working with z of shape (1, 4, 32, 32) = 4096 dimensions.
making attention of type 'vanilla' with 512 in_channels
here
here 2
here
here 2
here
here 2
Loaded model config from [./models/cldm_v15.yaml]
Loaded state_dict from [./models/control_sd15_depth.pth]
uint8 (512, 512)
['Chair with a psychedelic tie-dye effect']
['']
Data shape for DDIM sampling is (1, 4, 64, 64), eta 0.0
Running DDIM Sampling with 50 timesteps
0.18215
torch.Size([1, 4, 64, 64])
Generating image for model 03001627_6e92bdda1bca7b72f9a4f3015fbf70_depth_views.npz with foreground prompt Chair casting a shadow with the silhouette of a different object, background prompt A fun, lively recreation room with a pool table and bright, energetic colors, seed 1050, view 16...
here
here 2
ControlLDM: Running in eps-prediction mode
here
here 2
DiffusionWrapper has 859.52 M params.
here
here 2
making attention of type 'vanilla' with 512 in_channels
Working with z of shape (1, 4, 32, 32) = 4096 dimensions.
making attention of type 'vanilla' with 512 in_channels
here
here 2
here
here 2
here
here 2
Loaded model config from [./models/cldm_v15.yaml]
Loaded state_dict from [./models/control_sd15_depth.pth]
uint8 (512, 512)
['Chair casting a shadow with the silhouette of a different object']
['']
Data shape for DDIM sampling is (1, 4, 64, 64), eta 0.0
Running DDIM Sampling with 50 timesteps
0.18215
torch.Size([1, 4, 64, 64])
Generating image for model 03001627_6e92bdda1bca7b72f9a4f3015fbf70_depth_views.npz with foreground prompt Rustic patina effect to give the chair an aged look, background prompt A rustic, charming mountain cabin with a wood stove and warm, natural colors, seed 8806, view 14...
here
here 2
ControlLDM: Running in eps-prediction mode
here
here 2
DiffusionWrapper has 859.52 M params.
here
here 2
making attention of type 'vanilla' with 512 in_channels
Working with z of shape (1, 4, 32, 32) = 4096 dimensions.
making attention of type 'vanilla' with 512 in_channels
here
here 2
here
here 2
here
here 2
Loaded model config from [./models/cldm_v15.yaml]
Loaded state_dict from [./models/control_sd15_depth.pth]
uint8 (512, 512)
['Rustic patina effect to give the chair an aged look']
['']
Data shape for DDIM sampling is (1, 4, 64, 64), eta 0.0
Running DDIM Sampling with 50 timesteps
0.18215
torch.Size([1, 4, 64, 64])
Generating image for model 03001627_6e92bdda1bca7b72f9a4f3015fbf70_depth_views.npz with foreground prompt Chair that appears to be slowly rotating on its axis, background prompt A charming, old-fashioned parlor with antique decor and soft, vintage colors, seed 6941, view 7...
here
here 2
ControlLDM: Running in eps-prediction mode
here
here 2
DiffusionWrapper has 859.52 M params.
here
here 2
making attention of type 'vanilla' with 512 in_channels
Working with z of shape (1, 4, 32, 32) = 4096 dimensions.
making attention of type 'vanilla' with 512 in_channels
here
here 2
here
here 2
here
here 2
Loaded model config from [./models/cldm_v15.yaml]
Loaded state_dict from [./models/control_sd15_depth.pth]
uint8 (512, 512)
['Chair that appears to be slowly rotating on its axis']
['']
Data shape for DDIM sampling is (1, 4, 64, 64), eta 0.0
Running DDIM Sampling with 50 timesteps
0.18215
torch.Size([1, 4, 64, 64])
Generating image for model 03001627_6e92bdda1bca7b72f9a4f3015fbf70_depth_views.npz with foreground prompt Chair with swirling Van Gogh-style brushstrokes, background prompt A cool, contemporary art studio with high ceilings and bright, white walls, seed 5912, view 3...
here
here 2
ControlLDM: Running in eps-prediction mode
here
here 2
DiffusionWrapper has 859.52 M params.
here
here 2
making attention of type 'vanilla' with 512 in_channels
Working with z of shape (1, 4, 32, 32) = 4096 dimensions.
making attention of type 'vanilla' with 512 in_channels
here
here 2
here
here 2
here
here 2
Loaded model config from [./models/cldm_v15.yaml]
Loaded state_dict from [./models/control_sd15_depth.pth]
uint8 (512, 512)
['Chair with swirling Van Gogh-style brushstrokes']
['']
Data shape for DDIM sampling is (1, 4, 64, 64), eta 0.0
Running DDIM Sampling with 50 timesteps
0.18215
torch.Size([1, 4, 64, 64])
Generating image for model 03001627_6e92bdda1bca7b72f9a4f3015fbf70_depth_views.npz with foreground prompt Chair surrounded by a rotating orbit of small, luminescent particles, background prompt A cozy, intimate coffee house with local art and warm, inviting hues, seed 8817, view 0...
here
here 2
ControlLDM: Running in eps-prediction mode
here
here 2
DiffusionWrapper has 859.52 M params.
here
here 2
making attention of type 'vanilla' with 512 in_channels
Working with z of shape (1, 4, 32, 32) = 4096 dimensions.
making attention of type 'vanilla' with 512 in_channels
here
here 2
here
here 2
here
here 2
Loaded model config from [./models/cldm_v15.yaml]
Loaded state_dict from [./models/control_sd15_depth.pth]
uint8 (512, 512)
['Chair surrounded by a rotating orbit of small, luminescent particles']
['']
Data shape for DDIM sampling is (1, 4, 64, 64), eta 0.0
Running DDIM Sampling with 50 timesteps
0.18215
torch.Size([1, 4, 64, 64])
Generating image for model 03001627_6e92bdda1bca7b72f9a4f3015fbf70_depth_views.npz with foreground prompt Laser-etched tribal patterns along the chair's sides, background prompt A cozy, intimate coffee house with local art and warm, inviting hues, seed 9919, view 14...
here
here 2
ControlLDM: Running in eps-prediction mode
here
here 2
DiffusionWrapper has 859.52 M params.
here
here 2
making attention of type 'vanilla' with 512 in_channels
Working with z of shape (1, 4, 32, 32) = 4096 dimensions.
making attention of type 'vanilla' with 512 in_channels
here
here 2
here
here 2
here
here 2
Loaded model config from [./models/cldm_v15.yaml]
Loaded state_dict from [./models/control_sd15_depth.pth]
uint8 (512, 512)
["Laser-etched tribal patterns along the chair's sides"]
['']
Data shape for DDIM sampling is (1, 4, 64, 64), eta 0.0
Running DDIM Sampling with 50 timesteps
0.18215
torch.Size([1, 4, 64, 64])
Generating image for model 03001627_6e92bdda1bca7b72f9a4f3015fbf70_depth_views.npz with foreground prompt Chair appearing to be made from crystalline ice, background prompt A peaceful, calming yoga studio with natural light and earthy colors, seed 5217, view 12...
here
here 2
ControlLDM: Running in eps-prediction mode
here
here 2
DiffusionWrapper has 859.52 M params.
here
here 2
making attention of type 'vanilla' with 512 in_channels
Working with z of shape (1, 4, 32, 32) = 4096 dimensions.
making attention of type 'vanilla' with 512 in_channels
here
here 2
here
here 2
here
here 2
Loaded model config from [./models/cldm_v15.yaml]
Loaded state_dict from [./models/control_sd15_depth.pth]
uint8 (512, 512)
['Chair appearing to be made from crystalline ice']
['']
Data shape for DDIM sampling is (1, 4, 64, 64), eta 0.0
Running DDIM Sampling with 50 timesteps
0.18215
torch.Size([1, 4, 64, 64])
Generating image for model 03001627_6e92bdda1bca7b72f9a4f3015fbf70_depth_views.npz with foreground prompt Chair covered in a digital glitch art effect, background prompt A bright, open-concept kitchen with white cabinets and natural light, seed 6885, view 6...
here
here 2
ControlLDM: Running in eps-prediction mode
here
here 2
DiffusionWrapper has 859.52 M params.
here
here 2
making attention of type 'vanilla' with 512 in_channels
Working with z of shape (1, 4, 32, 32) = 4096 dimensions.
making attention of type 'vanilla' with 512 in_channels
here
here 2
here
here 2
here
here 2
Loaded model config from [./models/cldm_v15.yaml]
Loaded state_dict from [./models/control_sd15_depth.pth]
uint8 (512, 512)
['Chair covered in a digital glitch art effect']
['']
Data shape for DDIM sampling is (1, 4, 64, 64), eta 0.0
Running DDIM Sampling with 50 timesteps
0.18215
torch.Size([1, 4, 64, 64])
Generating image for model 03001627_6e92bdda1bca7b72f9a4f3015fbf70_depth_views.npz with foreground prompt Iridescent bubbles surrounding the chair, creating a magical aura, background prompt A cozy, intimate bookstore with overstuffed armchairs and warm, literary hues, seed 9222, view 0...
here
here 2
ControlLDM: Running in eps-prediction mode
here
here 2
DiffusionWrapper has 859.52 M params.
here
here 2
making attention of type 'vanilla' with 512 in_channels
Working with z of shape (1, 4, 32, 32) = 4096 dimensions.
making attention of type 'vanilla' with 512 in_channels
here
here 2
here
here 2
here
here 2
Loaded model config from [./models/cldm_v15.yaml]
Loaded state_dict from [./models/control_sd15_depth.pth]
uint8 (512, 512)
['Iridescent bubbles surrounding the chair, creating a magical aura']
['']
Data shape for DDIM sampling is (1, 4, 64, 64), eta 0.0
Running DDIM Sampling with 50 timesteps
0.18215
torch.Size([1, 4, 64, 64])
