Processing depth maps for model ID: 03001627_6aaa9bd6e835eb0f9b9f2eb77f5e247e_depth_views.npz
Generating image for model 03001627_6aaa9bd6e835eb0f9b9f2eb77f5e247e_depth_views.npz with foreground prompt Chair with an ombre effect transitioning from top to bottom, background prompt A rustic, charming winery tasting room with oak barrels and warm, earthy tones, seed 2245, view 13...
here
here 2
No module 'xformers'. Proceeding without it.
ControlLDM: Running in eps-prediction mode
here
here 2
DiffusionWrapper has 859.52 M params.
here
here 2
making attention of type 'vanilla' with 512 in_channels
Working with z of shape (1, 4, 32, 32) = 4096 dimensions.
making attention of type 'vanilla' with 512 in_channels
here
here 2
here
here 2
here
here 2
Loaded model config from [./models/cldm_v15.yaml]
Loaded state_dict from [./models/control_sd15_depth.pth]
uint8 (512, 512)
['Chair with an ombre effect transitioning from top to bottom']
['']
Data shape for DDIM sampling is (1, 4, 64, 64), eta 0.0
Running DDIM Sampling with 50 timesteps
0.18215
torch.Size([1, 4, 64, 64])
Generating image for model 03001627_6aaa9bd6e835eb0f9b9f2eb77f5e247e_depth_views.npz with foreground prompt Rustic patina effect to give the chair an aged look, background prompt A sophisticated, modern lecture hall with tiered seating and sleek, gray accents, seed 6722, view 16...
here
here 2
ControlLDM: Running in eps-prediction mode
here
here 2
DiffusionWrapper has 859.52 M params.
here
here 2
making attention of type 'vanilla' with 512 in_channels
Working with z of shape (1, 4, 32, 32) = 4096 dimensions.
making attention of type 'vanilla' with 512 in_channels
here
here 2
here
here 2
here
here 2
Loaded model config from [./models/cldm_v15.yaml]
Loaded state_dict from [./models/control_sd15_depth.pth]
uint8 (512, 512)
['Rustic patina effect to give the chair an aged look']
['']
Data shape for DDIM sampling is (1, 4, 64, 64), eta 0.0
Running DDIM Sampling with 50 timesteps
0.18215
torch.Size([1, 4, 64, 64])
Generating image for model 03001627_6aaa9bd6e835eb0f9b9f2eb77f5e247e_depth_views.npz with foreground prompt Chair with a vintage crackle glaze finish, background prompt A rustic, countryside kitchen with rich, wooden accents, seed 4898, view 14...
here
here 2
ControlLDM: Running in eps-prediction mode
here
here 2
DiffusionWrapper has 859.52 M params.
here
here 2
making attention of type 'vanilla' with 512 in_channels
Working with z of shape (1, 4, 32, 32) = 4096 dimensions.
making attention of type 'vanilla' with 512 in_channels
here
here 2
here
here 2
here
here 2
Loaded model config from [./models/cldm_v15.yaml]
Loaded state_dict from [./models/control_sd15_depth.pth]
uint8 (512, 512)
['Chair with a vintage crackle glaze finish']
['']
Data shape for DDIM sampling is (1, 4, 64, 64), eta 0.0
Running DDIM Sampling with 50 timesteps
0.18215
torch.Size([1, 4, 64, 64])
Generating image for model 03001627_6aaa9bd6e835eb0f9b9f2eb77f5e247e_depth_views.npz with foreground prompt Chair casting a shadow that morphs into abstract shapes, background prompt A peaceful, serene home yoga studio with natural light and calming, earthy colors, seed 5293, view 11...
here
here 2
ControlLDM: Running in eps-prediction mode
here
here 2
DiffusionWrapper has 859.52 M params.
here
here 2
making attention of type 'vanilla' with 512 in_channels
Working with z of shape (1, 4, 32, 32) = 4096 dimensions.
making attention of type 'vanilla' with 512 in_channels
here
here 2
here
here 2
here
here 2
Loaded model config from [./models/cldm_v15.yaml]
Loaded state_dict from [./models/control_sd15_depth.pth]
uint8 (512, 512)
['Chair casting a shadow that morphs into abstract shapes']
['']
Data shape for DDIM sampling is (1, 4, 64, 64), eta 0.0
Running DDIM Sampling with 50 timesteps
0.18215
torch.Size([1, 4, 64, 64])
Generating image for model 03001627_6aaa9bd6e835eb0f9b9f2eb77f5e247e_depth_views.npz with foreground prompt Chair with a lace-like shadow pattern on the floor around it, background prompt A funky, retro game room with bright neon lights, seed 2337, view 9...
here
here 2
ControlLDM: Running in eps-prediction mode
here
here 2
DiffusionWrapper has 859.52 M params.
here
here 2
making attention of type 'vanilla' with 512 in_channels
Working with z of shape (1, 4, 32, 32) = 4096 dimensions.
making attention of type 'vanilla' with 512 in_channels
here
here 2
here
here 2
here
here 2
Loaded model config from [./models/cldm_v15.yaml]
Loaded state_dict from [./models/control_sd15_depth.pth]
uint8 (512, 512)
['Chair with a lace-like shadow pattern on the floor around it']
['']
Data shape for DDIM sampling is (1, 4, 64, 64), eta 0.0
Running DDIM Sampling with 50 timesteps
0.18215
torch.Size([1, 4, 64, 64])
Generating image for model 03001627_6aaa9bd6e835eb0f9b9f2eb77f5e247e_depth_views.npz with foreground prompt Chair casting a shadow with the silhouette of a different object, background prompt A cozy, rustic ski chalet with a wood-burning stove and warm, inviting tones, seed 3947, view 13...
here
here 2
ControlLDM: Running in eps-prediction mode
here
here 2
DiffusionWrapper has 859.52 M params.
here
here 2
making attention of type 'vanilla' with 512 in_channels
Working with z of shape (1, 4, 32, 32) = 4096 dimensions.
making attention of type 'vanilla' with 512 in_channels
here
here 2
here
here 2
here
here 2
Loaded model config from [./models/cldm_v15.yaml]
Loaded state_dict from [./models/control_sd15_depth.pth]
uint8 (512, 512)
['Chair casting a shadow with the silhouette of a different object']
['']
Data shape for DDIM sampling is (1, 4, 64, 64), eta 0.0
Running DDIM Sampling with 50 timesteps
0.18215
torch.Size([1, 4, 64, 64])
Generating image for model 03001627_6aaa9bd6e835eb0f9b9f2eb77f5e247e_depth_views.npz with foreground prompt Chair with swirling Van Gogh-style brushstrokes, background prompt A luxurious, elegant opera house with velvet curtains and rich, regal hues, seed 6309, view 11...
here
here 2
ControlLDM: Running in eps-prediction mode
here
here 2
DiffusionWrapper has 859.52 M params.
here
here 2
making attention of type 'vanilla' with 512 in_channels
Working with z of shape (1, 4, 32, 32) = 4096 dimensions.
making attention of type 'vanilla' with 512 in_channels
here
here 2
here
here 2
here
here 2
Loaded model config from [./models/cldm_v15.yaml]
Loaded state_dict from [./models/control_sd15_depth.pth]
uint8 (512, 512)
['Chair with swirling Van Gogh-style brushstrokes']
['']
Data shape for DDIM sampling is (1, 4, 64, 64), eta 0.0
Running DDIM Sampling with 50 timesteps
0.18215
torch.Size([1, 4, 64, 64])
Generating image for model 03001627_6aaa9bd6e835eb0f9b9f2eb77f5e247e_depth_views.npz with foreground prompt Chair with a gentle, pulsing bioluminescent glow from within, background prompt A sleek, modern airport lounge with large windows and cool, metallic accents, seed 6440, view 4...
here
here 2
ControlLDM: Running in eps-prediction mode
here
here 2
DiffusionWrapper has 859.52 M params.
here
here 2
making attention of type 'vanilla' with 512 in_channels
Working with z of shape (1, 4, 32, 32) = 4096 dimensions.
making attention of type 'vanilla' with 512 in_channels
here
here 2
here
here 2
here
here 2
Loaded model config from [./models/cldm_v15.yaml]
Loaded state_dict from [./models/control_sd15_depth.pth]
uint8 (512, 512)
['Chair with a gentle, pulsing bioluminescent glow from within']
['']
Data shape for DDIM sampling is (1, 4, 64, 64), eta 0.0
Running DDIM Sampling with 50 timesteps
0.18215
torch.Size([1, 4, 64, 64])
Generating image for model 03001627_6aaa9bd6e835eb0f9b9f2eb77f5e247e_depth_views.npz with foreground prompt Chair with a fluorescent glow under black light, background prompt A bright, airy solarium with potted plants and warm, sunny hues, seed 9427, view 4...
here
here 2
ControlLDM: Running in eps-prediction mode
here
here 2
DiffusionWrapper has 859.52 M params.
here
here 2
making attention of type 'vanilla' with 512 in_channels
Working with z of shape (1, 4, 32, 32) = 4096 dimensions.
making attention of type 'vanilla' with 512 in_channels
here
here 2
here
here 2
here
here 2
Loaded model config from [./models/cldm_v15.yaml]
Loaded state_dict from [./models/control_sd15_depth.pth]
uint8 (512, 512)
['Chair with a fluorescent glow under black light']
['']
Data shape for DDIM sampling is (1, 4, 64, 64), eta 0.0
Running DDIM Sampling with 50 timesteps
0.18215
torch.Size([1, 4, 64, 64])
Generating image for model 03001627_6aaa9bd6e835eb0f9b9f2eb77f5e247e_depth_views.npz with foreground prompt Chair textured with a marble-like veneer, background prompt A vibrant, colorful children's play area with soft flooring and bright, cheerful accents, seed 4790, view 11...
here
here 2
ControlLDM: Running in eps-prediction mode
here
here 2
DiffusionWrapper has 859.52 M params.
here
here 2
making attention of type 'vanilla' with 512 in_channels
Working with z of shape (1, 4, 32, 32) = 4096 dimensions.
making attention of type 'vanilla' with 512 in_channels
here
here 2
here
here 2
here
here 2
Loaded model config from [./models/cldm_v15.yaml]
Loaded state_dict from [./models/control_sd15_depth.pth]
uint8 (512, 512)
['Chair textured with a marble-like veneer']
['']
Data shape for DDIM sampling is (1, 4, 64, 64), eta 0.0
Running DDIM Sampling with 50 timesteps
0.18215
torch.Size([1, 4, 64, 64])
