Processing depth maps for model ID: 03001627_117930a8f2e37f9b707cdefe012d0353_depth_views.npz
Generating image for model 03001627_117930a8f2e37f9b707cdefe012d0353_depth_views.npz with foreground prompt Chair surrounded by a rotating orbit of small, luminescent particles, background prompt A luxurious, opulent hotel lobby with gleaming marble floors, seed 3619, view 12...
here
here 2
No module 'xformers'. Proceeding without it.
ControlLDM: Running in eps-prediction mode
here
here 2
DiffusionWrapper has 859.52 M params.
here
here 2
making attention of type 'vanilla' with 512 in_channels
Working with z of shape (1, 4, 32, 32) = 4096 dimensions.
making attention of type 'vanilla' with 512 in_channels
here
here 2
here
here 2
here
here 2
Loaded model config from [./models/cldm_v15.yaml]
Loaded state_dict from [./models/control_sd15_depth.pth]
uint8 (512, 512)
['Chair surrounded by a rotating orbit of small, luminescent particles']
['']
Data shape for DDIM sampling is (1, 4, 64, 64), eta 0.0
Running DDIM Sampling with 50 timesteps
0.18215
torch.Size([1, 4, 64, 64])
100
Generating image for model 03001627_117930a8f2e37f9b707cdefe012d0353_depth_views.npz with foreground prompt Chair covered in a digital glitch art effect, background prompt A relaxing, spa-like bathroom with soothing, muted colors, seed 333, view 6...
here
here 2
ControlLDM: Running in eps-prediction mode
here
here 2
DiffusionWrapper has 859.52 M params.
here
here 2
making attention of type 'vanilla' with 512 in_channels
Working with z of shape (1, 4, 32, 32) = 4096 dimensions.
making attention of type 'vanilla' with 512 in_channels
here
here 2
here
here 2
here
here 2
Loaded model config from [./models/cldm_v15.yaml]
Loaded state_dict from [./models/control_sd15_depth.pth]
uint8 (512, 512)
['Chair covered in a digital glitch art effect']
['']
Data shape for DDIM sampling is (1, 4, 64, 64), eta 0.0
Running DDIM Sampling with 50 timesteps
0.18215
torch.Size([1, 4, 64, 64])
100
Generating image for model 03001627_117930a8f2e37f9b707cdefe012d0353_depth_views.npz with foreground prompt Chair depicted in a low-poly, geometric art style, background prompt A cozy, intimate wine cellar with brick walls and warm, amber lighting, seed 7871, view 6...
here
here 2
ControlLDM: Running in eps-prediction mode
here
here 2
DiffusionWrapper has 859.52 M params.
here
here 2
making attention of type 'vanilla' with 512 in_channels
Working with z of shape (1, 4, 32, 32) = 4096 dimensions.
making attention of type 'vanilla' with 512 in_channels
here
here 2
here
here 2
here
here 2
Loaded model config from [./models/cldm_v15.yaml]
Loaded state_dict from [./models/control_sd15_depth.pth]
uint8 (512, 512)
['Chair depicted in a low-poly, geometric art style']
['']
Data shape for DDIM sampling is (1, 4, 64, 64), eta 0.0
Running DDIM Sampling with 50 timesteps
0.18215
torch.Size([1, 4, 64, 64])
100
Generating image for model 03001627_117930a8f2e37f9b707cdefe012d0353_depth_views.npz with foreground prompt Chair with an exaggerated, cartoon-like outline, background prompt A rustic, charming winery tasting room with oak barrels and warm, earthy tones, seed 4555, view 11...
here
here 2
ControlLDM: Running in eps-prediction mode
here
here 2
DiffusionWrapper has 859.52 M params.
here
here 2
making attention of type 'vanilla' with 512 in_channels
Working with z of shape (1, 4, 32, 32) = 4096 dimensions.
making attention of type 'vanilla' with 512 in_channels
here
here 2
here
here 2
here
here 2
Loaded model config from [./models/cldm_v15.yaml]
Loaded state_dict from [./models/control_sd15_depth.pth]
uint8 (512, 512)
['Chair with an exaggerated, cartoon-like outline']
['']
Data shape for DDIM sampling is (1, 4, 64, 64), eta 0.0
Running DDIM Sampling with 50 timesteps
0.18215
torch.Size([1, 4, 64, 64])
100
Generating image for model 03001627_117930a8f2e37f9b707cdefe012d0353_depth_views.npz with foreground prompt Flickering flame effect around the chair's edges, background prompt A sophisticated, upscale restaurant with dim lighting and rich, dark accents, seed 5407, view 12...
here
here 2
ControlLDM: Running in eps-prediction mode
here
here 2
DiffusionWrapper has 859.52 M params.
here
here 2
making attention of type 'vanilla' with 512 in_channels
Working with z of shape (1, 4, 32, 32) = 4096 dimensions.
making attention of type 'vanilla' with 512 in_channels
here
here 2
here
here 2
here
here 2
Loaded model config from [./models/cldm_v15.yaml]
Loaded state_dict from [./models/control_sd15_depth.pth]
uint8 (512, 512)
["Flickering flame effect around the chair's edges"]
['']
Data shape for DDIM sampling is (1, 4, 64, 64), eta 0.0
Running DDIM Sampling with 50 timesteps
0.18215
torch.Size([1, 4, 64, 64])
100
Generating image for model 03001627_117930a8f2e37f9b707cdefe012d0353_depth_views.npz with foreground prompt Chair wrapped in a thin, translucent shroud, background prompt A rustic, charming farmhouse kitchen with a large island and warm, country hues, seed 6116, view 12...
here
here 2
ControlLDM: Running in eps-prediction mode
here
here 2
DiffusionWrapper has 859.52 M params.
here
here 2
making attention of type 'vanilla' with 512 in_channels
Working with z of shape (1, 4, 32, 32) = 4096 dimensions.
making attention of type 'vanilla' with 512 in_channels
here
here 2
here
here 2
here
here 2
Loaded model config from [./models/cldm_v15.yaml]
Loaded state_dict from [./models/control_sd15_depth.pth]
uint8 (512, 512)
['Chair wrapped in a thin, translucent shroud']
['']
Data shape for DDIM sampling is (1, 4, 64, 64), eta 0.0
Running DDIM Sampling with 50 timesteps
0.18215
torch.Size([1, 4, 64, 64])
100
Generating image for model 03001627_117930a8f2e37f9b707cdefe012d0353_depth_views.npz with foreground prompt Frosting effect on the chair, mimicking ice crystals, background prompt A peaceful, calming yoga studio with natural light and earthy colors, seed 6000, view 4...
here
here 2
ControlLDM: Running in eps-prediction mode
here
here 2
DiffusionWrapper has 859.52 M params.
here
here 2
making attention of type 'vanilla' with 512 in_channels
Working with z of shape (1, 4, 32, 32) = 4096 dimensions.
making attention of type 'vanilla' with 512 in_channels
here
here 2
here
here 2
here
here 2
Loaded model config from [./models/cldm_v15.yaml]
Loaded state_dict from [./models/control_sd15_depth.pth]
uint8 (512, 512)
['Frosting effect on the chair, mimicking ice crystals']
['']
Data shape for DDIM sampling is (1, 4, 64, 64), eta 0.0
Running DDIM Sampling with 50 timesteps
0.18215
torch.Size([1, 4, 64, 64])
100
Generating image for model 03001627_117930a8f2e37f9b707cdefe012d0353_depth_views.npz with foreground prompt Chair with a vintage crackle glaze finish, background prompt A tidy, organized home office with neutral, calming tones, seed 1163, view 15...
here
here 2
ControlLDM: Running in eps-prediction mode
here
here 2
DiffusionWrapper has 859.52 M params.
here
here 2
making attention of type 'vanilla' with 512 in_channels
Working with z of shape (1, 4, 32, 32) = 4096 dimensions.
making attention of type 'vanilla' with 512 in_channels
here
here 2
here
here 2
here
here 2
Loaded model config from [./models/cldm_v15.yaml]
Loaded state_dict from [./models/control_sd15_depth.pth]
uint8 (512, 512)
['Chair with a vintage crackle glaze finish']
['']
Data shape for DDIM sampling is (1, 4, 64, 64), eta 0.0
Running DDIM Sampling with 50 timesteps
0.18215
torch.Size([1, 4, 64, 64])
100
Generating image for model 03001627_117930a8f2e37f9b707cdefe012d0353_depth_views.npz with foreground prompt Chair with a soft pastel gradient wash over it, background prompt A serene, Japanese-inspired meditation room with shoji screens and natural wood tones, seed 7725, view 6...
here
here 2
ControlLDM: Running in eps-prediction mode
here
here 2
DiffusionWrapper has 859.52 M params.
here
here 2
making attention of type 'vanilla' with 512 in_channels
Working with z of shape (1, 4, 32, 32) = 4096 dimensions.
making attention of type 'vanilla' with 512 in_channels
here
here 2
here
here 2
here
here 2
Loaded model config from [./models/cldm_v15.yaml]
Loaded state_dict from [./models/control_sd15_depth.pth]
uint8 (512, 512)
['Chair with a soft pastel gradient wash over it']
['']
Data shape for DDIM sampling is (1, 4, 64, 64), eta 0.0
Running DDIM Sampling with 50 timesteps
0.18215
torch.Size([1, 4, 64, 64])
100
Generating image for model 03001627_117930a8f2e37f9b707cdefe012d0353_depth_views.npz with foreground prompt Chair casting a shadow that morphs into abstract shapes, background prompt A serene, Japanese-inspired meditation room with shoji screens and natural wood tones, seed 6493, view 5...
here
here 2
ControlLDM: Running in eps-prediction mode
here
here 2
DiffusionWrapper has 859.52 M params.
here
here 2
making attention of type 'vanilla' with 512 in_channels
Working with z of shape (1, 4, 32, 32) = 4096 dimensions.
making attention of type 'vanilla' with 512 in_channels
here
here 2
here
here 2
here
here 2
Loaded model config from [./models/cldm_v15.yaml]
Loaded state_dict from [./models/control_sd15_depth.pth]
uint8 (512, 512)
['Chair casting a shadow that morphs into abstract shapes']
['']
Data shape for DDIM sampling is (1, 4, 64, 64), eta 0.0
Running DDIM Sampling with 50 timesteps
0.18215
torch.Size([1, 4, 64, 64])
100
Generating image for model 03001627_117930a8f2e37f9b707cdefe012d0353_depth_views.npz with foreground prompt Chair with a projection of old film reels playing across it, background prompt A cozy, intimate reading nook with built-in bookshelves and warm lighting, seed 9906, view 9...
here
here 2
ControlLDM: Running in eps-prediction mode
here
here 2
DiffusionWrapper has 859.52 M params.
here
here 2
making attention of type 'vanilla' with 512 in_channels
Working with z of shape (1, 4, 32, 32) = 4096 dimensions.
making attention of type 'vanilla' with 512 in_channels
here
here 2
here
here 2
here
here 2
Loaded model config from [./models/cldm_v15.yaml]
Loaded state_dict from [./models/control_sd15_depth.pth]
uint8 (512, 512)
['Chair with a projection of old film reels playing across it']
['']
Data shape for DDIM sampling is (1, 4, 64, 64), eta 0.0
Running DDIM Sampling with 50 timesteps
0.18215
torch.Size([1, 4, 64, 64])
100
Generating image for model 03001627_117930a8f2e37f9b707cdefe012d0353_depth_views.npz with foreground prompt Chair with an aura that pulsates softly, background prompt A rustic, charming farmhouse kitchen with a large island and warm, country hues, seed 5205, view 8...
here
here 2
ControlLDM: Running in eps-prediction mode
here
here 2
DiffusionWrapper has 859.52 M params.
here
here 2
making attention of type 'vanilla' with 512 in_channels
Working with z of shape (1, 4, 32, 32) = 4096 dimensions.
making attention of type 'vanilla' with 512 in_channels
here
here 2
here
here 2
here
here 2
Loaded model config from [./models/cldm_v15.yaml]
Loaded state_dict from [./models/control_sd15_depth.pth]
uint8 (512, 512)
['Chair with an aura that pulsates softly']
['']
Data shape for DDIM sampling is (1, 4, 64, 64), eta 0.0
Running DDIM Sampling with 50 timesteps
0.18215
torch.Size([1, 4, 64, 64])
100
Generating image for model 03001627_117930a8f2e37f9b707cdefe012d0353_depth_views.npz with foreground prompt Chair textured with a marble-like veneer, background prompt A charming, quaint coffee shop with exposed brick walls, seed 6975, view 14...
here
here 2
ControlLDM: Running in eps-prediction mode
here
here 2
DiffusionWrapper has 859.52 M params.
here
here 2
making attention of type 'vanilla' with 512 in_channels
Working with z of shape (1, 4, 32, 32) = 4096 dimensions.
making attention of type 'vanilla' with 512 in_channels
here
here 2
here
here 2
here
here 2
Loaded model config from [./models/cldm_v15.yaml]
Loaded state_dict from [./models/control_sd15_depth.pth]
uint8 (512, 512)
['Chair textured with a marble-like veneer']
['']
Data shape for DDIM sampling is (1, 4, 64, 64), eta 0.0
Running DDIM Sampling with 50 timesteps
0.18215
torch.Size([1, 4, 64, 64])
100
Generating image for model 03001627_117930a8f2e37f9b707cdefe012d0353_depth_views.npz with foreground prompt Textured sandblast effect on the chair's legs, background prompt A whimsical, enchanting child's bedroom with colorful, painted murals, seed 8213, view 15...
here
here 2
ControlLDM: Running in eps-prediction mode
here
here 2
DiffusionWrapper has 859.52 M params.
here
here 2
making attention of type 'vanilla' with 512 in_channels
Working with z of shape (1, 4, 32, 32) = 4096 dimensions.
making attention of type 'vanilla' with 512 in_channels
here
here 2
here
here 2
here
here 2
Loaded model config from [./models/cldm_v15.yaml]
Loaded state_dict from [./models/control_sd15_depth.pth]
uint8 (512, 512)
["Textured sandblast effect on the chair's legs"]
['']
Data shape for DDIM sampling is (1, 4, 64, 64), eta 0.0
Running DDIM Sampling with 50 timesteps
0.18215
torch.Size([1, 4, 64, 64])
100
Generating image for model 03001627_117930a8f2e37f9b707cdefe012d0353_depth_views.npz with foreground prompt Laser-etched tribal patterns along the chair's sides, background prompt A cozy, intimate coffee house with local art and warm, inviting hues, seed 8736, view 12...
here
here 2
ControlLDM: Running in eps-prediction mode
here
here 2
DiffusionWrapper has 859.52 M params.
here
here 2
making attention of type 'vanilla' with 512 in_channels
Working with z of shape (1, 4, 32, 32) = 4096 dimensions.
making attention of type 'vanilla' with 512 in_channels
here
here 2
here
here 2
here
here 2
Loaded model config from [./models/cldm_v15.yaml]
Loaded state_dict from [./models/control_sd15_depth.pth]
uint8 (512, 512)
["Laser-etched tribal patterns along the chair's sides"]
['']
Data shape for DDIM sampling is (1, 4, 64, 64), eta 0.0
Running DDIM Sampling with 50 timesteps
0.18215
torch.Size([1, 4, 64, 64])
100
Generating image for model 03001627_117930a8f2e37f9b707cdefe012d0353_depth_views.npz with foreground prompt Chair with a radiant sunburst pattern emanating from the center, background prompt A whimsical, enchanting child's bedroom with colorful, painted murals, seed 2156, view 10...
here
here 2
ControlLDM: Running in eps-prediction mode
here
here 2
DiffusionWrapper has 859.52 M params.
here
here 2
making attention of type 'vanilla' with 512 in_channels
Working with z of shape (1, 4, 32, 32) = 4096 dimensions.
making attention of type 'vanilla' with 512 in_channels
here
here 2
here
here 2
here
here 2
Loaded model config from [./models/cldm_v15.yaml]
Loaded state_dict from [./models/control_sd15_depth.pth]
uint8 (512, 512)
['Chair with a radiant sunburst pattern emanating from the center']
['']
Data shape for DDIM sampling is (1, 4, 64, 64), eta 0.0
Running DDIM Sampling with 50 timesteps
0.18215
torch.Size([1, 4, 64, 64])
100
Generating image for model 03001627_117930a8f2e37f9b707cdefe012d0353_depth_views.npz with foreground prompt Chair with a shadow that appears as if in watercolor, background prompt A rustic, charming apple orchard with a picking basket and natural, earthy tones, seed 9671, view 2...
here
here 2
ControlLDM: Running in eps-prediction mode
here
here 2
DiffusionWrapper has 859.52 M params.
here
here 2
making attention of type 'vanilla' with 512 in_channels
Working with z of shape (1, 4, 32, 32) = 4096 dimensions.
making attention of type 'vanilla' with 512 in_channels
here
here 2
here
here 2
here
here 2
Loaded model config from [./models/cldm_v15.yaml]
Loaded state_dict from [./models/control_sd15_depth.pth]
uint8 (512, 512)
['Chair with a shadow that appears as if in watercolor']
['']
Data shape for DDIM sampling is (1, 4, 64, 64), eta 0.0
Running DDIM Sampling with 50 timesteps
0.18215
torch.Size([1, 4, 64, 64])
100
Generating image for model 03001627_117930a8f2e37f9b707cdefe012d0353_depth_views.npz with foreground prompt Chair that casts a floral patterned shadow, background prompt A charming, old-fashioned parlor with antique decor and soft, vintage colors, seed 4098, view 2...
here
here 2
ControlLDM: Running in eps-prediction mode
here
here 2
DiffusionWrapper has 859.52 M params.
here
here 2
making attention of type 'vanilla' with 512 in_channels
Working with z of shape (1, 4, 32, 32) = 4096 dimensions.
making attention of type 'vanilla' with 512 in_channels
here
here 2
here
here 2
here
here 2
Loaded model config from [./models/cldm_v15.yaml]
Loaded state_dict from [./models/control_sd15_depth.pth]
uint8 (512, 512)
['Chair that casts a floral patterned shadow']
['']
Data shape for DDIM sampling is (1, 4, 64, 64), eta 0.0
Running DDIM Sampling with 50 timesteps
0.18215
torch.Size([1, 4, 64, 64])
100
Generating image for model 03001627_117930a8f2e37f9b707cdefe012d0353_depth_views.npz with foreground prompt Chair textured with a marble-like veneer, background prompt A peaceful, serene home yoga studio with natural light and calming, earthy colors, seed 3726, view 11...
here
here 2
ControlLDM: Running in eps-prediction mode
here
here 2
DiffusionWrapper has 859.52 M params.
here
here 2
making attention of type 'vanilla' with 512 in_channels
Working with z of shape (1, 4, 32, 32) = 4096 dimensions.
making attention of type 'vanilla' with 512 in_channels
here
here 2
here
here 2
here
here 2
Loaded model config from [./models/cldm_v15.yaml]
Loaded state_dict from [./models/control_sd15_depth.pth]
uint8 (512, 512)
['Chair textured with a marble-like veneer']
['']
Data shape for DDIM sampling is (1, 4, 64, 64), eta 0.0
Running DDIM Sampling with 50 timesteps
0.18215
torch.Size([1, 4, 64, 64])
100
Generating image for model 03001627_117930a8f2e37f9b707cdefe012d0353_depth_views.npz with foreground prompt Chair with an optical illusion that makes it seem invisible from certain angles, background prompt A luxurious, opulent hotel lobby with gleaming marble floors, seed 6096, view 17...
here
here 2
ControlLDM: Running in eps-prediction mode
here
here 2
DiffusionWrapper has 859.52 M params.
here
here 2
making attention of type 'vanilla' with 512 in_channels
Working with z of shape (1, 4, 32, 32) = 4096 dimensions.
making attention of type 'vanilla' with 512 in_channels
here
here 2
here
here 2
here
here 2
Loaded model config from [./models/cldm_v15.yaml]
Loaded state_dict from [./models/control_sd15_depth.pth]
uint8 (512, 512)
['Chair with an optical illusion that makes it seem invisible from certain angles']
['']
Data shape for DDIM sampling is (1, 4, 64, 64), eta 0.0
Running DDIM Sampling with 50 timesteps
0.18215
torch.Size([1, 4, 64, 64])
100
Generating image for model 03001627_117930a8f2e37f9b707cdefe012d0353_depth_views.npz with foreground prompt Iridescent bubbles surrounding the chair, creating a magical aura, background prompt A cozy, inviting pub with dark wood paneling and warm, convivial lighting, seed 9161, view 9...
here
here 2
ControlLDM: Running in eps-prediction mode
here
here 2
DiffusionWrapper has 859.52 M params.
here
here 2
making attention of type 'vanilla' with 512 in_channels
Working with z of shape (1, 4, 32, 32) = 4096 dimensions.
making attention of type 'vanilla' with 512 in_channels
here
here 2
here
here 2
here
here 2
Loaded model config from [./models/cldm_v15.yaml]
Loaded state_dict from [./models/control_sd15_depth.pth]
uint8 (512, 512)
['Iridescent bubbles surrounding the chair, creating a magical aura']
['']
Data shape for DDIM sampling is (1, 4, 64, 64), eta 0.0
Running DDIM Sampling with 50 timesteps
0.18215
torch.Size([1, 4, 64, 64])
100
Generating image for model 03001627_117930a8f2e37f9b707cdefe012d0353_depth_views.npz with foreground prompt Chair with swirling Van Gogh-style brushstrokes, background prompt A serene, Japanese-inspired meditation room with shoji screens and natural wood tones, seed 3342, view 7...
here
here 2
ControlLDM: Running in eps-prediction mode
here
here 2
DiffusionWrapper has 859.52 M params.
here
here 2
making attention of type 'vanilla' with 512 in_channels
Working with z of shape (1, 4, 32, 32) = 4096 dimensions.
making attention of type 'vanilla' with 512 in_channels
here
here 2
here
here 2
here
here 2
Loaded model config from [./models/cldm_v15.yaml]
Loaded state_dict from [./models/control_sd15_depth.pth]
uint8 (512, 512)
['Chair with swirling Van Gogh-style brushstrokes']
['']
Data shape for DDIM sampling is (1, 4, 64, 64), eta 0.0
Running DDIM Sampling with 50 timesteps
0.18215
torch.Size([1, 4, 64, 64])
100
Generating image for model 03001627_117930a8f2e37f9b707cdefe012d0353_depth_views.npz with foreground prompt Chair surrounded by a halo of twinkling fireflies, background prompt A peaceful, serene home yoga studio with natural light and calming, earthy colors, seed 777, view 11...
here
here 2
ControlLDM: Running in eps-prediction mode
here
here 2
DiffusionWrapper has 859.52 M params.
here
here 2
making attention of type 'vanilla' with 512 in_channels
Working with z of shape (1, 4, 32, 32) = 4096 dimensions.
making attention of type 'vanilla' with 512 in_channels
here
here 2
here
here 2
here
here 2
Loaded model config from [./models/cldm_v15.yaml]
Loaded state_dict from [./models/control_sd15_depth.pth]
uint8 (512, 512)
['Chair surrounded by a halo of twinkling fireflies']
['']
Data shape for DDIM sampling is (1, 4, 64, 64), eta 0.0
Running DDIM Sampling with 50 timesteps
0.18215
torch.Size([1, 4, 64, 64])
100
Generating image for model 03001627_117930a8f2e37f9b707cdefe012d0353_depth_views.npz with foreground prompt Chair with an effect of being underwater, complete with ripples, background prompt A grand, imposing ballroom with crystal chandeliers and elegant, neutral tones, seed 8275, view 11...
here
here 2
ControlLDM: Running in eps-prediction mode
here
here 2
DiffusionWrapper has 859.52 M params.
here
here 2
making attention of type 'vanilla' with 512 in_channels
Working with z of shape (1, 4, 32, 32) = 4096 dimensions.
making attention of type 'vanilla' with 512 in_channels
here
here 2
here
here 2
here
here 2
Loaded model config from [./models/cldm_v15.yaml]
Loaded state_dict from [./models/control_sd15_depth.pth]
uint8 (512, 512)
['Chair with an effect of being underwater, complete with ripples']
['']
Data shape for DDIM sampling is (1, 4, 64, 64), eta 0.0
Running DDIM Sampling with 50 timesteps
0.18215
torch.Size([1, 4, 64, 64])
100
Generating image for model 03001627_117930a8f2e37f9b707cdefe012d0353_depth_views.npz with foreground prompt Chair enhanced with a holographic shimmer effect, background prompt A regal, majestic throne room with ornate details and rich, royal hues, seed 5775, view 18...
here
here 2
ControlLDM: Running in eps-prediction mode
here
here 2
DiffusionWrapper has 859.52 M params.
here
here 2
making attention of type 'vanilla' with 512 in_channels
Working with z of shape (1, 4, 32, 32) = 4096 dimensions.
making attention of type 'vanilla' with 512 in_channels
here
here 2
here
here 2
here
here 2
Loaded model config from [./models/cldm_v15.yaml]
Loaded state_dict from [./models/control_sd15_depth.pth]
uint8 (512, 512)
['Chair enhanced with a holographic shimmer effect']
['']
Data shape for DDIM sampling is (1, 4, 64, 64), eta 0.0
Running DDIM Sampling with 50 timesteps
0.18215
torch.Size([1, 4, 64, 64])
100
Generating image for model 03001627_117930a8f2e37f9b707cdefe012d0353_depth_views.npz with foreground prompt Chair with an ombre effect transitioning from top to bottom, background prompt A chic, stylish dressing room with full-length mirrors and soft lighting, seed 1374, view 1...
here
here 2
ControlLDM: Running in eps-prediction mode
here
here 2
DiffusionWrapper has 859.52 M params.
here
here 2
making attention of type 'vanilla' with 512 in_channels
Working with z of shape (1, 4, 32, 32) = 4096 dimensions.
making attention of type 'vanilla' with 512 in_channels
here
here 2
here
here 2
here
here 2
Loaded model config from [./models/cldm_v15.yaml]
Loaded state_dict from [./models/control_sd15_depth.pth]
uint8 (512, 512)
['Chair with an ombre effect transitioning from top to bottom']
['']
Data shape for DDIM sampling is (1, 4, 64, 64), eta 0.0
Running DDIM Sampling with 50 timesteps
0.18215
torch.Size([1, 4, 64, 64])
100
Generating image for model 03001627_117930a8f2e37f9b707cdefe012d0353_depth_views.npz with foreground prompt Chair with a luminous pearlescent coating, background prompt A rustic, charming apple orchard with a picking basket and natural, earthy tones, seed 8831, view 11...
here
here 2
ControlLDM: Running in eps-prediction mode
here
here 2
DiffusionWrapper has 859.52 M params.
here
here 2
making attention of type 'vanilla' with 512 in_channels
Working with z of shape (1, 4, 32, 32) = 4096 dimensions.
making attention of type 'vanilla' with 512 in_channels
here
here 2
here
here 2
here
here 2
Loaded model config from [./models/cldm_v15.yaml]
Loaded state_dict from [./models/control_sd15_depth.pth]
uint8 (512, 512)
['Chair with a luminous pearlescent coating']
['']
Data shape for DDIM sampling is (1, 4, 64, 64), eta 0.0
Running DDIM Sampling with 50 timesteps
0.18215
torch.Size([1, 4, 64, 64])
100
Generating image for model 03001627_117930a8f2e37f9b707cdefe012d0353_depth_views.npz with foreground prompt Chair surrounded by a swirling vortex of autumn leaves, background prompt A comfy, welcoming home theater with plush, dark carpet, seed 2403, view 1...
here
here 2
ControlLDM: Running in eps-prediction mode
here
here 2
DiffusionWrapper has 859.52 M params.
here
here 2
making attention of type 'vanilla' with 512 in_channels
Working with z of shape (1, 4, 32, 32) = 4096 dimensions.
making attention of type 'vanilla' with 512 in_channels
here
here 2
here
here 2
here
here 2
Loaded model config from [./models/cldm_v15.yaml]
Loaded state_dict from [./models/control_sd15_depth.pth]
uint8 (512, 512)
['Chair surrounded by a swirling vortex of autumn leaves']
['']
Data shape for DDIM sampling is (1, 4, 64, 64), eta 0.0
Running DDIM Sampling with 50 timesteps
0.18215
torch.Size([1, 4, 64, 64])
100
Generating image for model 03001627_117930a8f2e37f9b707cdefe012d0353_depth_views.npz with foreground prompt Gradient color wash painted on the chair, background prompt A tidy, organized home office with neutral, calming tones, seed 680, view 14...
here
here 2
ControlLDM: Running in eps-prediction mode
here
here 2
DiffusionWrapper has 859.52 M params.
here
here 2
making attention of type 'vanilla' with 512 in_channels
Working with z of shape (1, 4, 32, 32) = 4096 dimensions.
making attention of type 'vanilla' with 512 in_channels
here
here 2
here
here 2
here
here 2
Loaded model config from [./models/cldm_v15.yaml]
Loaded state_dict from [./models/control_sd15_depth.pth]
uint8 (512, 512)
['Gradient color wash painted on the chair']
['']
Data shape for DDIM sampling is (1, 4, 64, 64), eta 0.0
Running DDIM Sampling with 50 timesteps
0.18215
torch.Size([1, 4, 64, 64])
100
Generating image for model 03001627_117930a8f2e37f9b707cdefe012d0353_depth_views.npz with foreground prompt Chair edges accentuated with a bold, graphic line art, background prompt A peaceful, serene yoga retreat with mountain views and natural, earthy colors, seed 403, view 12...
here
here 2
ControlLDM: Running in eps-prediction mode
here
here 2
DiffusionWrapper has 859.52 M params.
here
here 2
making attention of type 'vanilla' with 512 in_channels
Working with z of shape (1, 4, 32, 32) = 4096 dimensions.
making attention of type 'vanilla' with 512 in_channels
here
here 2
here
here 2
here
here 2
Loaded model config from [./models/cldm_v15.yaml]
Loaded state_dict from [./models/control_sd15_depth.pth]
uint8 (512, 512)
['Chair edges accentuated with a bold, graphic line art']
['']
Data shape for DDIM sampling is (1, 4, 64, 64), eta 0.0
Running DDIM Sampling with 50 timesteps
0.18215
torch.Size([1, 4, 64, 64])
100
Generating image for model 03001627_117930a8f2e37f9b707cdefe012d0353_depth_views.npz with foreground prompt Chair with a shadow that tells a different story (like a scene from nature), background prompt A cozy, intimate tea room with floral wallpaper and delicate, pastel colors, seed 4540, view 8...
here
here 2
ControlLDM: Running in eps-prediction mode
here
here 2
DiffusionWrapper has 859.52 M params.
here
here 2
making attention of type 'vanilla' with 512 in_channels
Working with z of shape (1, 4, 32, 32) = 4096 dimensions.
making attention of type 'vanilla' with 512 in_channels
here
here 2
here
here 2
here
here 2
Loaded model config from [./models/cldm_v15.yaml]
Loaded state_dict from [./models/control_sd15_depth.pth]
uint8 (512, 512)
['Chair with a shadow that tells a different story (like a scene from nature)']
['']
Data shape for DDIM sampling is (1, 4, 64, 64), eta 0.0
Running DDIM Sampling with 50 timesteps
0.18215
torch.Size([1, 4, 64, 64])
100
Generating image for model 03001627_117930a8f2e37f9b707cdefe012d0353_depth_views.npz with foreground prompt Chair appearing to be made from crystalline ice, background prompt A fun, lively recreation room with a pool table and bright, energetic colors, seed 7738, view 8...
here
here 2
ControlLDM: Running in eps-prediction mode
here
here 2
DiffusionWrapper has 859.52 M params.
here
here 2
making attention of type 'vanilla' with 512 in_channels
Working with z of shape (1, 4, 32, 32) = 4096 dimensions.
making attention of type 'vanilla' with 512 in_channels
here
here 2
here
here 2
here
here 2
Loaded model config from [./models/cldm_v15.yaml]
Loaded state_dict from [./models/control_sd15_depth.pth]
uint8 (512, 512)
['Chair appearing to be made from crystalline ice']
['']
Data shape for DDIM sampling is (1, 4, 64, 64), eta 0.0
Running DDIM Sampling with 50 timesteps
0.18215
torch.Size([1, 4, 64, 64])
100
Generating image for model 03001627_117930a8f2e37f9b707cdefe012d0353_depth_views.npz with foreground prompt Chair appearing to be made from swirling autumn winds, background prompt A cozy, inviting bed and breakfast parlor with antiques and soft, vintage hues, seed 2324, view 17...
here
here 2
ControlLDM: Running in eps-prediction mode
here
here 2
DiffusionWrapper has 859.52 M params.
here
here 2
making attention of type 'vanilla' with 512 in_channels
Working with z of shape (1, 4, 32, 32) = 4096 dimensions.
making attention of type 'vanilla' with 512 in_channels
here
here 2
here
here 2
here
here 2
Loaded model config from [./models/cldm_v15.yaml]
Loaded state_dict from [./models/control_sd15_depth.pth]
uint8 (512, 512)
['Chair appearing to be made from swirling autumn winds']
['']
Data shape for DDIM sampling is (1, 4, 64, 64), eta 0.0
Running DDIM Sampling with 50 timesteps
0.18215
torch.Size([1, 4, 64, 64])
100
Generating image for model 03001627_117930a8f2e37f9b707cdefe012d0353_depth_views.npz with foreground prompt Chair surrounded by a mist of golden sparkles, background prompt A bright, airy solarium with potted plants and warm, sunny hues, seed 6871, view 19...
here
here 2
ControlLDM: Running in eps-prediction mode
here
here 2
DiffusionWrapper has 859.52 M params.
here
here 2
making attention of type 'vanilla' with 512 in_channels
Working with z of shape (1, 4, 32, 32) = 4096 dimensions.
making attention of type 'vanilla' with 512 in_channels
here
here 2
here
here 2
here
here 2
Loaded model config from [./models/cldm_v15.yaml]
Loaded state_dict from [./models/control_sd15_depth.pth]
uint8 (512, 512)
['Chair surrounded by a mist of golden sparkles']
['']
Data shape for DDIM sampling is (1, 4, 64, 64), eta 0.0
Running DDIM Sampling with 50 timesteps
0.18215
torch.Size([1, 4, 64, 64])
100
Generating image for model 03001627_117930a8f2e37f9b707cdefe012d0353_depth_views.npz with foreground prompt Chair appearing to be crafted from old, weathered driftwood, background prompt A tidy, organized home office with neutral, calming tones, seed 4674, view 5...
here
here 2
ControlLDM: Running in eps-prediction mode
here
here 2
DiffusionWrapper has 859.52 M params.
here
here 2
making attention of type 'vanilla' with 512 in_channels
Working with z of shape (1, 4, 32, 32) = 4096 dimensions.
making attention of type 'vanilla' with 512 in_channels
here
here 2
here
here 2
here
here 2
Loaded model config from [./models/cldm_v15.yaml]
Loaded state_dict from [./models/control_sd15_depth.pth]
uint8 (512, 512)
['Chair appearing to be crafted from old, weathered driftwood']
['']
Data shape for DDIM sampling is (1, 4, 64, 64), eta 0.0
Running DDIM Sampling with 50 timesteps
0.18215
torch.Size([1, 4, 64, 64])
100
Generating image for model 03001627_117930a8f2e37f9b707cdefe012d0353_depth_views.npz with foreground prompt Chair outlined with a glowing neon light, background prompt A bright, colorful elementary school classroom with posters and vibrant, energetic accents, seed 9435, view 8...
here
here 2
ControlLDM: Running in eps-prediction mode
here
here 2
DiffusionWrapper has 859.52 M params.
here
here 2
making attention of type 'vanilla' with 512 in_channels
Working with z of shape (1, 4, 32, 32) = 4096 dimensions.
making attention of type 'vanilla' with 512 in_channels
here
here 2
here
here 2
here
here 2
Loaded model config from [./models/cldm_v15.yaml]
Loaded state_dict from [./models/control_sd15_depth.pth]
uint8 (512, 512)
['Chair outlined with a glowing neon light']
['']
Data shape for DDIM sampling is (1, 4, 64, 64), eta 0.0
Running DDIM Sampling with 50 timesteps
0.18215
torch.Size([1, 4, 64, 64])
100
Generating image for model 03001627_117930a8f2e37f9b707cdefe012d0353_depth_views.npz with foreground prompt Reflective gloss finish applied to the chair surface, background prompt A sleek, modern airport lounge with large windows and cool, metallic accents, seed 9076, view 19...
here
here 2
ControlLDM: Running in eps-prediction mode
here
here 2
DiffusionWrapper has 859.52 M params.
here
here 2
making attention of type 'vanilla' with 512 in_channels
Working with z of shape (1, 4, 32, 32) = 4096 dimensions.
making attention of type 'vanilla' with 512 in_channels
here
here 2
here
here 2
here
here 2
Loaded model config from [./models/cldm_v15.yaml]
Loaded state_dict from [./models/control_sd15_depth.pth]
uint8 (512, 512)
['Reflective gloss finish applied to the chair surface']
['']
Data shape for DDIM sampling is (1, 4, 64, 64), eta 0.0
Running DDIM Sampling with 50 timesteps
0.18215
torch.Size([1, 4, 64, 64])
100
Generating image for model 03001627_117930a8f2e37f9b707cdefe012d0353_depth_views.npz with foreground prompt Rustic patina effect to give the chair an aged look, background prompt A bright, airy beach house living room with coastal decor and light, breezy hues, seed 3972, view 8...
here
here 2
ControlLDM: Running in eps-prediction mode
here
here 2
DiffusionWrapper has 859.52 M params.
here
here 2
making attention of type 'vanilla' with 512 in_channels
Working with z of shape (1, 4, 32, 32) = 4096 dimensions.
making attention of type 'vanilla' with 512 in_channels
here
here 2
here
here 2
here
here 2
Loaded model config from [./models/cldm_v15.yaml]
Loaded state_dict from [./models/control_sd15_depth.pth]
uint8 (512, 512)
['Rustic patina effect to give the chair an aged look']
['']
Data shape for DDIM sampling is (1, 4, 64, 64), eta 0.0
Running DDIM Sampling with 50 timesteps
0.18215
torch.Size([1, 4, 64, 64])
100
Generating image for model 03001627_117930a8f2e37f9b707cdefe012d0353_depth_views.npz with foreground prompt Chair with a subtle embossed leather effect, background prompt A grand, impressive university library with high ceilings and rich, scholarly tones, seed 8179, view 7...
here
here 2
ControlLDM: Running in eps-prediction mode
here
here 2
DiffusionWrapper has 859.52 M params.
here
here 2
making attention of type 'vanilla' with 512 in_channels
Working with z of shape (1, 4, 32, 32) = 4096 dimensions.
making attention of type 'vanilla' with 512 in_channels
here
here 2
here
here 2
here
here 2
Loaded model config from [./models/cldm_v15.yaml]
Loaded state_dict from [./models/control_sd15_depth.pth]
uint8 (512, 512)
['Chair with a subtle embossed leather effect']
['']
Data shape for DDIM sampling is (1, 4, 64, 64), eta 0.0
Running DDIM Sampling with 50 timesteps
0.18215
torch.Size([1, 4, 64, 64])
100
Generating image for model 03001627_117930a8f2e37f9b707cdefe012d0353_depth_views.npz with foreground prompt Chair surrounded by a rotating orbit of small, luminescent particles, background prompt An industrial, loft-style living space with exposed brick and metal accents, seed 6129, view 15...
here
here 2
ControlLDM: Running in eps-prediction mode
here
here 2
DiffusionWrapper has 859.52 M params.
here
here 2
making attention of type 'vanilla' with 512 in_channels
Working with z of shape (1, 4, 32, 32) = 4096 dimensions.
making attention of type 'vanilla' with 512 in_channels
here
here 2
here
here 2
here
here 2
Loaded model config from [./models/cldm_v15.yaml]
Loaded state_dict from [./models/control_sd15_depth.pth]
uint8 (512, 512)
['Chair surrounded by a rotating orbit of small, luminescent particles']
['']
Data shape for DDIM sampling is (1, 4, 64, 64), eta 0.0
Running DDIM Sampling with 50 timesteps
0.18215
torch.Size([1, 4, 64, 64])
100
Generating image for model 03001627_117930a8f2e37f9b707cdefe012d0353_depth_views.npz with foreground prompt Chair with an effect of being underwater, complete with ripples, background prompt A relaxing, spa-like bathroom with soothing, muted colors, seed 7631, view 3...
here
here 2
ControlLDM: Running in eps-prediction mode
here
here 2
DiffusionWrapper has 859.52 M params.
here
here 2
making attention of type 'vanilla' with 512 in_channels
Working with z of shape (1, 4, 32, 32) = 4096 dimensions.
making attention of type 'vanilla' with 512 in_channels
here
here 2
here
here 2
here
here 2
Loaded model config from [./models/cldm_v15.yaml]
Loaded state_dict from [./models/control_sd15_depth.pth]
uint8 (512, 512)
['Chair with an effect of being underwater, complete with ripples']
['']
Data shape for DDIM sampling is (1, 4, 64, 64), eta 0.0
Running DDIM Sampling with 50 timesteps
0.18215
torch.Size([1, 4, 64, 64])
100
Generating image for model 03001627_117930a8f2e37f9b707cdefe012d0353_depth_views.npz with foreground prompt Chair with a soft pastel gradient wash over it, background prompt A vibrant, colorful children's play area with soft flooring and bright, cheerful accents, seed 5120, view 2...
here
here 2
ControlLDM: Running in eps-prediction mode
here
here 2
DiffusionWrapper has 859.52 M params.
here
here 2
making attention of type 'vanilla' with 512 in_channels
Working with z of shape (1, 4, 32, 32) = 4096 dimensions.
making attention of type 'vanilla' with 512 in_channels
here
here 2
here
here 2
here
here 2
Loaded model config from [./models/cldm_v15.yaml]
Loaded state_dict from [./models/control_sd15_depth.pth]
uint8 (512, 512)
['Chair with a soft pastel gradient wash over it']
['']
Data shape for DDIM sampling is (1, 4, 64, 64), eta 0.0
Running DDIM Sampling with 50 timesteps
0.18215
torch.Size([1, 4, 64, 64])
100
Generating image for model 03001627_117930a8f2e37f9b707cdefe012d0353_depth_views.npz with foreground prompt Chair appearing as a watercolor painting with blurred edges, background prompt A grand, opulent palace ballroom with gold accents and regal, luxurious tones, seed 2749, view 5...
here
here 2
ControlLDM: Running in eps-prediction mode
here
here 2
DiffusionWrapper has 859.52 M params.
here
here 2
making attention of type 'vanilla' with 512 in_channels
Working with z of shape (1, 4, 32, 32) = 4096 dimensions.
making attention of type 'vanilla' with 512 in_channels
here
here 2
here
here 2
here
here 2
Loaded model config from [./models/cldm_v15.yaml]
Loaded state_dict from [./models/control_sd15_depth.pth]
uint8 (512, 512)
['Chair appearing as a watercolor painting with blurred edges']
['']
Data shape for DDIM sampling is (1, 4, 64, 64), eta 0.0
Running DDIM Sampling with 50 timesteps
0.18215
torch.Size([1, 4, 64, 64])
100
Generating image for model 03001627_117930a8f2e37f9b707cdefe012d0353_depth_views.npz with foreground prompt Chair enhanced with a holographic shimmer effect, background prompt A cozy living room with warm, inviting earth tones, seed 6111, view 4...
here
here 2
ControlLDM: Running in eps-prediction mode
here
here 2
DiffusionWrapper has 859.52 M params.
here
here 2
making attention of type 'vanilla' with 512 in_channels
Working with z of shape (1, 4, 32, 32) = 4096 dimensions.
making attention of type 'vanilla' with 512 in_channels
here
here 2
here
here 2
here
here 2
Loaded model config from [./models/cldm_v15.yaml]
Loaded state_dict from [./models/control_sd15_depth.pth]
uint8 (512, 512)
['Chair enhanced with a holographic shimmer effect']
['']
Data shape for DDIM sampling is (1, 4, 64, 64), eta 0.0
Running DDIM Sampling with 50 timesteps
0.18215
torch.Size([1, 4, 64, 64])
100
Generating image for model 03001627_117930a8f2e37f9b707cdefe012d0353_depth_views.npz with foreground prompt Chair enveloped in a soft halo of blue light, background prompt A charming, old-fashioned parlor with antique decor and soft, vintage colors, seed 925, view 13...
here
here 2
ControlLDM: Running in eps-prediction mode
here
here 2
DiffusionWrapper has 859.52 M params.
here
here 2
making attention of type 'vanilla' with 512 in_channels
Working with z of shape (1, 4, 32, 32) = 4096 dimensions.
making attention of type 'vanilla' with 512 in_channels
here
here 2
here
here 2
here
here 2
Loaded model config from [./models/cldm_v15.yaml]
Loaded state_dict from [./models/control_sd15_depth.pth]
uint8 (512, 512)
['Chair enveloped in a soft halo of blue light']
['']
Data shape for DDIM sampling is (1, 4, 64, 64), eta 0.0
Running DDIM Sampling with 50 timesteps
0.18215
torch.Size([1, 4, 64, 64])
100
Generating image for model 03001627_117930a8f2e37f9b707cdefe012d0353_depth_views.npz with foreground prompt Chair with a ghostly semi-transparent appearance, background prompt A rustic, charming barn interior with wooden beams and natural, earthy tones, seed 6187, view 5...
here
here 2
ControlLDM: Running in eps-prediction mode
here
here 2
DiffusionWrapper has 859.52 M params.
here
here 2
making attention of type 'vanilla' with 512 in_channels
Working with z of shape (1, 4, 32, 32) = 4096 dimensions.
making attention of type 'vanilla' with 512 in_channels
here
here 2
here
here 2
here
here 2
Loaded model config from [./models/cldm_v15.yaml]
Loaded state_dict from [./models/control_sd15_depth.pth]
uint8 (512, 512)
['Chair with a ghostly semi-transparent appearance']
['']
Data shape for DDIM sampling is (1, 4, 64, 64), eta 0.0
Running DDIM Sampling with 50 timesteps
0.18215
torch.Size([1, 4, 64, 64])
100
Generating image for model 03001627_117930a8f2e37f9b707cdefe012d0353_depth_views.npz with foreground prompt Chair surrounded by a mist of golden sparkles, background prompt A rustic, charming farmhouse kitchen with a large island and warm, country hues, seed 3011, view 4...
here
here 2
ControlLDM: Running in eps-prediction mode
here
here 2
DiffusionWrapper has 859.52 M params.
here
here 2
making attention of type 'vanilla' with 512 in_channels
Working with z of shape (1, 4, 32, 32) = 4096 dimensions.
making attention of type 'vanilla' with 512 in_channels
here
here 2
here
here 2
here
here 2
Loaded model config from [./models/cldm_v15.yaml]
Loaded state_dict from [./models/control_sd15_depth.pth]
uint8 (512, 512)
['Chair surrounded by a mist of golden sparkles']
['']
Data shape for DDIM sampling is (1, 4, 64, 64), eta 0.0
Running DDIM Sampling with 50 timesteps
0.18215
torch.Size([1, 4, 64, 64])
100
Generating image for model 03001627_117930a8f2e37f9b707cdefe012d0353_depth_views.npz with foreground prompt Chair appearing to be wrapped in flowing silk ribbons, background prompt A charming, old-fashioned parlor with antique decor and soft, vintage colors, seed 6122, view 15...
here
here 2
ControlLDM: Running in eps-prediction mode
here
here 2
DiffusionWrapper has 859.52 M params.
here
here 2
making attention of type 'vanilla' with 512 in_channels
Working with z of shape (1, 4, 32, 32) = 4096 dimensions.
making attention of type 'vanilla' with 512 in_channels
here
here 2
here
here 2
here
here 2
Loaded model config from [./models/cldm_v15.yaml]
Loaded state_dict from [./models/control_sd15_depth.pth]
uint8 (512, 512)
['Chair appearing to be wrapped in flowing silk ribbons']
['']
Data shape for DDIM sampling is (1, 4, 64, 64), eta 0.0
Running DDIM Sampling with 50 timesteps
0.18215
torch.Size([1, 4, 64, 64])
100
Generating image for model 03001627_117930a8f2e37f9b707cdefe012d0353_depth_views.npz with foreground prompt Chair with a frost pattern creeping over its surface, background prompt A cozy, intimate tea room with floral wallpaper and delicate, pastel colors, seed 1384, view 14...
here
here 2
ControlLDM: Running in eps-prediction mode
here
here 2
DiffusionWrapper has 859.52 M params.
here
here 2
making attention of type 'vanilla' with 512 in_channels
Working with z of shape (1, 4, 32, 32) = 4096 dimensions.
making attention of type 'vanilla' with 512 in_channels
here
here 2
here
here 2
here
here 2
Loaded model config from [./models/cldm_v15.yaml]
Loaded state_dict from [./models/control_sd15_depth.pth]
uint8 (512, 512)
['Chair with a frost pattern creeping over its surface']
['']
Data shape for DDIM sampling is (1, 4, 64, 64), eta 0.0
Running DDIM Sampling with 50 timesteps
0.18215
torch.Size([1, 4, 64, 64])
100
Generating image for model 03001627_117930a8f2e37f9b707cdefe012d0353_depth_views.npz with foreground prompt Chair with a shadow that tells a different story (like a scene from nature), background prompt A warm, inviting foyer with a grand staircase and rich, wood tones, seed 5806, view 13...
here
here 2
ControlLDM: Running in eps-prediction mode
here
here 2
DiffusionWrapper has 859.52 M params.
here
here 2
making attention of type 'vanilla' with 512 in_channels
Working with z of shape (1, 4, 32, 32) = 4096 dimensions.
making attention of type 'vanilla' with 512 in_channels
here
here 2
here
here 2
here
here 2
Loaded model config from [./models/cldm_v15.yaml]
Loaded state_dict from [./models/control_sd15_depth.pth]
uint8 (512, 512)
['Chair with a shadow that tells a different story (like a scene from nature)']
['']
Data shape for DDIM sampling is (1, 4, 64, 64), eta 0.0
Running DDIM Sampling with 50 timesteps
0.18215
torch.Size([1, 4, 64, 64])
100
Generating image for model 03001627_117930a8f2e37f9b707cdefe012d0353_depth_views.npz with foreground prompt Chair with a thermal heat map color effect, background prompt A serene, tranquil bedroom with soft, pastel lighting, seed 3837, view 14...
here
here 2
ControlLDM: Running in eps-prediction mode
here
here 2
DiffusionWrapper has 859.52 M params.
here
here 2
making attention of type 'vanilla' with 512 in_channels
Working with z of shape (1, 4, 32, 32) = 4096 dimensions.
making attention of type 'vanilla' with 512 in_channels
here
here 2
here
here 2
here
here 2
Loaded model config from [./models/cldm_v15.yaml]
Loaded state_dict from [./models/control_sd15_depth.pth]
uint8 (512, 512)
['Chair with a thermal heat map color effect']
['']
Data shape for DDIM sampling is (1, 4, 64, 64), eta 0.0
Running DDIM Sampling with 50 timesteps
0.18215
torch.Size([1, 4, 64, 64])
100
Generating image for model 03001627_117930a8f2e37f9b707cdefe012d0353_depth_views.npz with foreground prompt Chair with a vintage sepia tone effect, background prompt A bright, open-concept kitchen with white cabinets and natural light, seed 3922, view 16...
here
here 2
ControlLDM: Running in eps-prediction mode
here
here 2
DiffusionWrapper has 859.52 M params.
here
here 2
making attention of type 'vanilla' with 512 in_channels
Working with z of shape (1, 4, 32, 32) = 4096 dimensions.
making attention of type 'vanilla' with 512 in_channels
here
here 2
here
here 2
here
here 2
Loaded model config from [./models/cldm_v15.yaml]
Loaded state_dict from [./models/control_sd15_depth.pth]
uint8 (512, 512)
['Chair with a vintage sepia tone effect']
['']
Data shape for DDIM sampling is (1, 4, 64, 64), eta 0.0
Running DDIM Sampling with 50 timesteps
0.18215
torch.Size([1, 4, 64, 64])
100
Generating image for model 03001627_117930a8f2e37f9b707cdefe012d0353_depth_views.npz with foreground prompt Chair with a subtle embossed leather effect, background prompt A sleek, modern recording studio with soundproofing and cool, high-tech accents, seed 7631, view 8...
here
here 2
ControlLDM: Running in eps-prediction mode
here
here 2
DiffusionWrapper has 859.52 M params.
here
here 2
making attention of type 'vanilla' with 512 in_channels
Working with z of shape (1, 4, 32, 32) = 4096 dimensions.
making attention of type 'vanilla' with 512 in_channels
here
here 2
here
here 2
here
here 2
Loaded model config from [./models/cldm_v15.yaml]
Loaded state_dict from [./models/control_sd15_depth.pth]
uint8 (512, 512)
['Chair with a subtle embossed leather effect']
['']
Data shape for DDIM sampling is (1, 4, 64, 64), eta 0.0
Running DDIM Sampling with 50 timesteps
0.18215
torch.Size([1, 4, 64, 64])
100
Generating image for model 03001627_117930a8f2e37f9b707cdefe012d0353_depth_views.npz with foreground prompt Chair silhouette against a brightly lit background, background prompt A peaceful, serene meditation garden with a koi pond and natural, calming tones, seed 7925, view 5...
here
here 2
ControlLDM: Running in eps-prediction mode
here
here 2
DiffusionWrapper has 859.52 M params.
here
here 2
making attention of type 'vanilla' with 512 in_channels
Working with z of shape (1, 4, 32, 32) = 4096 dimensions.
making attention of type 'vanilla' with 512 in_channels
here
here 2
here
here 2
here
here 2
Loaded model config from [./models/cldm_v15.yaml]
Loaded state_dict from [./models/control_sd15_depth.pth]
uint8 (512, 512)
['Chair silhouette against a brightly lit background']
['']
Data shape for DDIM sampling is (1, 4, 64, 64), eta 0.0
Running DDIM Sampling with 50 timesteps
0.18215
torch.Size([1, 4, 64, 64])
100
Generating image for model 03001627_117930a8f2e37f9b707cdefe012d0353_depth_views.npz with foreground prompt Chair with a ghostly semi-transparent appearance, background prompt A sleek, modern dentist's office with exam chairs and cool, clinical colors, seed 5469, view 11...
here
here 2
ControlLDM: Running in eps-prediction mode
here
here 2
DiffusionWrapper has 859.52 M params.
here
here 2
making attention of type 'vanilla' with 512 in_channels
Working with z of shape (1, 4, 32, 32) = 4096 dimensions.
making attention of type 'vanilla' with 512 in_channels
here
here 2
here
here 2
here
here 2
Loaded model config from [./models/cldm_v15.yaml]
Loaded state_dict from [./models/control_sd15_depth.pth]
uint8 (512, 512)
['Chair with a ghostly semi-transparent appearance']
['']
Data shape for DDIM sampling is (1, 4, 64, 64), eta 0.0
Running DDIM Sampling with 50 timesteps
0.18215
torch.Size([1, 4, 64, 64])
100
Generating image for model 03001627_117930a8f2e37f9b707cdefe012d0353_depth_views.npz with foreground prompt Chair detailed with small, intricate mandala patterns, background prompt A vibrant, colorful circus tent with a center ring and bold, exciting accents, seed 9158, view 11...
here
here 2
ControlLDM: Running in eps-prediction mode
here
here 2
DiffusionWrapper has 859.52 M params.
here
here 2
making attention of type 'vanilla' with 512 in_channels
Working with z of shape (1, 4, 32, 32) = 4096 dimensions.
making attention of type 'vanilla' with 512 in_channels
here
here 2
here
here 2
here
here 2
Loaded model config from [./models/cldm_v15.yaml]
Loaded state_dict from [./models/control_sd15_depth.pth]
uint8 (512, 512)
['Chair detailed with small, intricate mandala patterns']
['']
Data shape for DDIM sampling is (1, 4, 64, 64), eta 0.0
Running DDIM Sampling with 50 timesteps
0.18215
torch.Size([1, 4, 64, 64])
100
Generating image for model 03001627_117930a8f2e37f9b707cdefe012d0353_depth_views.npz with foreground prompt Chair with a psychedelic tie-dye effect, background prompt A sophisticated, upscale jazz club with dim lighting and deep, moody colors, seed 627, view 18...
here
here 2
ControlLDM: Running in eps-prediction mode
here
here 2
DiffusionWrapper has 859.52 M params.
here
here 2
making attention of type 'vanilla' with 512 in_channels
Working with z of shape (1, 4, 32, 32) = 4096 dimensions.
making attention of type 'vanilla' with 512 in_channels
here
here 2
here
here 2
here
here 2
Loaded model config from [./models/cldm_v15.yaml]
Loaded state_dict from [./models/control_sd15_depth.pth]
uint8 (512, 512)
['Chair with a psychedelic tie-dye effect']
['']
Data shape for DDIM sampling is (1, 4, 64, 64), eta 0.0
Running DDIM Sampling with 50 timesteps
0.18215
torch.Size([1, 4, 64, 64])
100
Generating image for model 03001627_117930a8f2e37f9b707cdefe012d0353_depth_views.npz with foreground prompt Chair with an organic mossy growth texture, background prompt A sleek, modern office with minimalist white and gray decor, seed 1910, view 16...
here
here 2
ControlLDM: Running in eps-prediction mode
here
here 2
DiffusionWrapper has 859.52 M params.
here
here 2
making attention of type 'vanilla' with 512 in_channels
Working with z of shape (1, 4, 32, 32) = 4096 dimensions.
making attention of type 'vanilla' with 512 in_channels
here
here 2
here
here 2
here
here 2
Loaded model config from [./models/cldm_v15.yaml]
Loaded state_dict from [./models/control_sd15_depth.pth]
uint8 (512, 512)
['Chair with an organic mossy growth texture']
['']
Data shape for DDIM sampling is (1, 4, 64, 64), eta 0.0
Running DDIM Sampling with 50 timesteps
0.18215
torch.Size([1, 4, 64, 64])
100
Generating image for model 03001627_117930a8f2e37f9b707cdefe012d0353_depth_views.npz with foreground prompt Chair enhanced with a holographic shimmer effect, background prompt A fun, lively recreation room with a pool table and bright, energetic colors, seed 198, view 4...
here
here 2
ControlLDM: Running in eps-prediction mode
here
here 2
DiffusionWrapper has 859.52 M params.
here
here 2
making attention of type 'vanilla' with 512 in_channels
Working with z of shape (1, 4, 32, 32) = 4096 dimensions.
making attention of type 'vanilla' with 512 in_channels
here
here 2
here
here 2
here
here 2
Loaded model config from [./models/cldm_v15.yaml]
Loaded state_dict from [./models/control_sd15_depth.pth]
uint8 (512, 512)
['Chair enhanced with a holographic shimmer effect']
['']
Data shape for DDIM sampling is (1, 4, 64, 64), eta 0.0
Running DDIM Sampling with 50 timesteps
0.18215
torch.Size([1, 4, 64, 64])
100
Generating image for model 03001627_117930a8f2e37f9b707cdefe012d0353_depth_views.npz with foreground prompt Chair surrounded by a static electricity effect, background prompt A sleek, modern dentist's office with exam chairs and cool, clinical colors, seed 5755, view 8...
here
here 2
ControlLDM: Running in eps-prediction mode
here
here 2
DiffusionWrapper has 859.52 M params.
here
here 2
making attention of type 'vanilla' with 512 in_channels
Working with z of shape (1, 4, 32, 32) = 4096 dimensions.
making attention of type 'vanilla' with 512 in_channels
here
here 2
here
here 2
here
here 2
Loaded model config from [./models/cldm_v15.yaml]
Loaded state_dict from [./models/control_sd15_depth.pth]
uint8 (512, 512)
['Chair surrounded by a static electricity effect']
['']
Data shape for DDIM sampling is (1, 4, 64, 64), eta 0.0
Running DDIM Sampling with 50 timesteps
0.18215
torch.Size([1, 4, 64, 64])
100
Generating image for model 03001627_117930a8f2e37f9b707cdefe012d0353_depth_views.npz with foreground prompt Chair outlined with tiny sparkling LEDs, background prompt A whimsical, enchanting child's bedroom with colorful, painted murals, seed 2405, view 5...
here
here 2
ControlLDM: Running in eps-prediction mode
here
here 2
DiffusionWrapper has 859.52 M params.
here
here 2
making attention of type 'vanilla' with 512 in_channels
Working with z of shape (1, 4, 32, 32) = 4096 dimensions.
making attention of type 'vanilla' with 512 in_channels
here
here 2
here
here 2
here
here 2
Loaded model config from [./models/cldm_v15.yaml]
Loaded state_dict from [./models/control_sd15_depth.pth]
uint8 (512, 512)
['Chair outlined with tiny sparkling LEDs']
['']
Data shape for DDIM sampling is (1, 4, 64, 64), eta 0.0
Running DDIM Sampling with 50 timesteps
0.18215
torch.Size([1, 4, 64, 64])
100
Generating image for model 03001627_117930a8f2e37f9b707cdefe012d0353_depth_views.npz with foreground prompt Chair with a dripping paint effect from the edges, background prompt A whimsical, enchanting child's bedroom with colorful, painted murals, seed 5089, view 8...
here
here 2
ControlLDM: Running in eps-prediction mode
here
here 2
DiffusionWrapper has 859.52 M params.
here
here 2
making attention of type 'vanilla' with 512 in_channels
Working with z of shape (1, 4, 32, 32) = 4096 dimensions.
making attention of type 'vanilla' with 512 in_channels
here
here 2
here
here 2
here
here 2
Loaded model config from [./models/cldm_v15.yaml]
Loaded state_dict from [./models/control_sd15_depth.pth]
uint8 (512, 512)
['Chair with a dripping paint effect from the edges']
['']
Data shape for DDIM sampling is (1, 4, 64, 64), eta 0.0
Running DDIM Sampling with 50 timesteps
0.18215
torch.Size([1, 4, 64, 64])
100
Generating image for model 03001627_117930a8f2e37f9b707cdefe012d0353_depth_views.npz with foreground prompt Chair enveloped in a soft, dreamy fog, background prompt A relaxing, spa-like bathroom with soothing, muted colors, seed 5737, view 18...
here
here 2
ControlLDM: Running in eps-prediction mode
here
here 2
DiffusionWrapper has 859.52 M params.
here
here 2
making attention of type 'vanilla' with 512 in_channels
Working with z of shape (1, 4, 32, 32) = 4096 dimensions.
making attention of type 'vanilla' with 512 in_channels
here
here 2
here
here 2
here
here 2
Loaded model config from [./models/cldm_v15.yaml]
Loaded state_dict from [./models/control_sd15_depth.pth]
uint8 (512, 512)
['Chair enveloped in a soft, dreamy fog']
['']
Data shape for DDIM sampling is (1, 4, 64, 64), eta 0.0
Running DDIM Sampling with 50 timesteps
0.18215
torch.Size([1, 4, 64, 64])
100
Generating image for model 03001627_117930a8f2e37f9b707cdefe012d0353_depth_views.npz with foreground prompt Chair with a luminous pearlescent coating, background prompt A warm, welcoming waiting room with comfortable seating and soothing, neutral colors, seed 7250, view 3...
here
here 2
ControlLDM: Running in eps-prediction mode
here
here 2
DiffusionWrapper has 859.52 M params.
here
here 2
making attention of type 'vanilla' with 512 in_channels
Working with z of shape (1, 4, 32, 32) = 4096 dimensions.
making attention of type 'vanilla' with 512 in_channels
here
here 2
here
here 2
here
here 2
Loaded model config from [./models/cldm_v15.yaml]
Loaded state_dict from [./models/control_sd15_depth.pth]
uint8 (512, 512)
['Chair with a luminous pearlescent coating']
['']
Data shape for DDIM sampling is (1, 4, 64, 64), eta 0.0
Running DDIM Sampling with 50 timesteps
0.18215
torch.Size([1, 4, 64, 64])
100
Generating image for model 03001627_117930a8f2e37f9b707cdefe012d0353_depth_views.npz with foreground prompt Chair depicted as if sketched with charcoal and smudges, background prompt A cozy living room with warm, inviting earth tones, seed 8378, view 7...
here
here 2
ControlLDM: Running in eps-prediction mode
here
here 2
DiffusionWrapper has 859.52 M params.
here
here 2
making attention of type 'vanilla' with 512 in_channels
Working with z of shape (1, 4, 32, 32) = 4096 dimensions.
making attention of type 'vanilla' with 512 in_channels
here
here 2
here
here 2
here
here 2
Loaded model config from [./models/cldm_v15.yaml]
Loaded state_dict from [./models/control_sd15_depth.pth]
uint8 (512, 512)
['Chair depicted as if sketched with charcoal and smudges']
['']
Data shape for DDIM sampling is (1, 4, 64, 64), eta 0.0
Running DDIM Sampling with 50 timesteps
0.18215
torch.Size([1, 4, 64, 64])
100
Generating image for model 03001627_117930a8f2e37f9b707cdefe012d0353_depth_views.npz with foreground prompt Chair painted in a matte black ultra-modern finish, background prompt A sophisticated, upscale cocktail lounge with plush seating and rich, dark tones, seed 9653, view 1...
here
here 2
ControlLDM: Running in eps-prediction mode
here
here 2
DiffusionWrapper has 859.52 M params.
here
here 2
making attention of type 'vanilla' with 512 in_channels
Working with z of shape (1, 4, 32, 32) = 4096 dimensions.
making attention of type 'vanilla' with 512 in_channels
here
here 2
here
here 2
here
here 2
Loaded model config from [./models/cldm_v15.yaml]
Loaded state_dict from [./models/control_sd15_depth.pth]
uint8 (512, 512)
['Chair painted in a matte black ultra-modern finish']
['']
Data shape for DDIM sampling is (1, 4, 64, 64), eta 0.0
Running DDIM Sampling with 50 timesteps
0.18215
torch.Size([1, 4, 64, 64])
100
Generating image for model 03001627_117930a8f2e37f9b707cdefe012d0353_depth_views.npz with foreground prompt Chair depicted as if sketched with charcoal and smudges, background prompt A sophisticated, elegant theater green room with mirrors and dramatic, moody lighting, seed 4056, view 14...
here
here 2
ControlLDM: Running in eps-prediction mode
here
here 2
DiffusionWrapper has 859.52 M params.
here
here 2
making attention of type 'vanilla' with 512 in_channels
Working with z of shape (1, 4, 32, 32) = 4096 dimensions.
making attention of type 'vanilla' with 512 in_channels
here
here 2
here
here 2
here
here 2
Loaded model config from [./models/cldm_v15.yaml]
Loaded state_dict from [./models/control_sd15_depth.pth]
uint8 (512, 512)
['Chair depicted as if sketched with charcoal and smudges']
['']
Data shape for DDIM sampling is (1, 4, 64, 64), eta 0.0
Running DDIM Sampling with 50 timesteps
0.18215
torch.Size([1, 4, 64, 64])
100
Generating image for model 03001627_117930a8f2e37f9b707cdefe012d0353_depth_views.npz with foreground prompt Chair with a frost pattern creeping over its surface, background prompt A rustic, charming farmhouse kitchen with a large island and warm, country hues, seed 5721, view 10...
here
here 2
ControlLDM: Running in eps-prediction mode
here
here 2
DiffusionWrapper has 859.52 M params.
here
here 2
making attention of type 'vanilla' with 512 in_channels
Working with z of shape (1, 4, 32, 32) = 4096 dimensions.
making attention of type 'vanilla' with 512 in_channels
here
here 2
here
here 2
here
here 2
Loaded model config from [./models/cldm_v15.yaml]
Loaded state_dict from [./models/control_sd15_depth.pth]
uint8 (512, 512)
['Chair with a frost pattern creeping over its surface']
['']
Data shape for DDIM sampling is (1, 4, 64, 64), eta 0.0
Running DDIM Sampling with 50 timesteps
0.18215
torch.Size([1, 4, 64, 64])
100
Generating image for model 03001627_117930a8f2e37f9b707cdefe012d0353_depth_views.npz with foreground prompt Chair with a dynamic wind-blown sand effect at its base, background prompt A relaxing, spa-like bathroom with soothing, muted colors, seed 2291, view 1...
here
here 2
ControlLDM: Running in eps-prediction mode
here
here 2
DiffusionWrapper has 859.52 M params.
here
here 2
making attention of type 'vanilla' with 512 in_channels
Working with z of shape (1, 4, 32, 32) = 4096 dimensions.
making attention of type 'vanilla' with 512 in_channels
here
here 2
here
here 2
here
here 2
Loaded model config from [./models/cldm_v15.yaml]
Loaded state_dict from [./models/control_sd15_depth.pth]
uint8 (512, 512)
['Chair with a dynamic wind-blown sand effect at its base']
['']
Data shape for DDIM sampling is (1, 4, 64, 64), eta 0.0
Running DDIM Sampling with 50 timesteps
0.18215
torch.Size([1, 4, 64, 64])
100
Generating image for model 03001627_117930a8f2e37f9b707cdefe012d0353_depth_views.npz with foreground prompt Laser-etched tribal patterns along the chair's sides, background prompt A charming, quaint coffee shop with exposed brick walls, seed 5943, view 9...
here
here 2
ControlLDM: Running in eps-prediction mode
here
here 2
DiffusionWrapper has 859.52 M params.
here
here 2
making attention of type 'vanilla' with 512 in_channels
Working with z of shape (1, 4, 32, 32) = 4096 dimensions.
making attention of type 'vanilla' with 512 in_channels
here
here 2
here
here 2
here
here 2
Loaded model config from [./models/cldm_v15.yaml]
Loaded state_dict from [./models/control_sd15_depth.pth]
uint8 (512, 512)
["Laser-etched tribal patterns along the chair's sides"]
['']
Data shape for DDIM sampling is (1, 4, 64, 64), eta 0.0
Running DDIM Sampling with 50 timesteps
0.18215
torch.Size([1, 4, 64, 64])
100
Generating image for model 03001627_117930a8f2e37f9b707cdefe012d0353_depth_views.npz with foreground prompt Chair that appears to be slowly rotating on its axis, background prompt A relaxing, spa-like bathroom with soothing, muted colors, seed 7401, view 11...
here
here 2
ControlLDM: Running in eps-prediction mode
here
here 2
DiffusionWrapper has 859.52 M params.
here
here 2
making attention of type 'vanilla' with 512 in_channels
Working with z of shape (1, 4, 32, 32) = 4096 dimensions.
making attention of type 'vanilla' with 512 in_channels
here
here 2
here
here 2
here
here 2
Loaded model config from [./models/cldm_v15.yaml]
Loaded state_dict from [./models/control_sd15_depth.pth]
uint8 (512, 512)
['Chair that appears to be slowly rotating on its axis']
['']
Data shape for DDIM sampling is (1, 4, 64, 64), eta 0.0
Running DDIM Sampling with 50 timesteps
0.18215
torch.Size([1, 4, 64, 64])
100
Generating image for model 03001627_117930a8f2e37f9b707cdefe012d0353_depth_views.npz with foreground prompt Chair appearing as if painted by quick, impressionist strokes, background prompt A chic, stylish dressing room with full-length mirrors and soft lighting, seed 5591, view 13...
here
here 2
ControlLDM: Running in eps-prediction mode
here
here 2
DiffusionWrapper has 859.52 M params.
here
here 2
making attention of type 'vanilla' with 512 in_channels
Working with z of shape (1, 4, 32, 32) = 4096 dimensions.
making attention of type 'vanilla' with 512 in_channels
here
here 2
here
here 2
here
here 2
Loaded model config from [./models/cldm_v15.yaml]
Loaded state_dict from [./models/control_sd15_depth.pth]
uint8 (512, 512)
['Chair appearing as if painted by quick, impressionist strokes']
['']
Data shape for DDIM sampling is (1, 4, 64, 64), eta 0.0
Running DDIM Sampling with 50 timesteps
0.18215
torch.Size([1, 4, 64, 64])
100
Generating image for model 03001627_117930a8f2e37f9b707cdefe012d0353_depth_views.npz with foreground prompt Chair with swirling Van Gogh-style brushstrokes, background prompt A cozy, rustic hunting lodge with mounted trophies and warm, earthy tones, seed 3818, view 17...
here
here 2
ControlLDM: Running in eps-prediction mode
here
here 2
DiffusionWrapper has 859.52 M params.
here
here 2
making attention of type 'vanilla' with 512 in_channels
Working with z of shape (1, 4, 32, 32) = 4096 dimensions.
making attention of type 'vanilla' with 512 in_channels
here
here 2
here
here 2
here
here 2
Loaded model config from [./models/cldm_v15.yaml]
Loaded state_dict from [./models/control_sd15_depth.pth]
uint8 (512, 512)
['Chair with swirling Van Gogh-style brushstrokes']
['']
Data shape for DDIM sampling is (1, 4, 64, 64), eta 0.0
Running DDIM Sampling with 50 timesteps
0.18215
torch.Size([1, 4, 64, 64])
100
Generating image for model 03001627_117930a8f2e37f9b707cdefe012d0353_depth_views.npz with foreground prompt Chair with edges that glow as if backlit, background prompt A sleek, modern science lab with stainless steel surfaces and bright, clinical lighting, seed 6441, view 6...
here
here 2
ControlLDM: Running in eps-prediction mode
here
here 2
DiffusionWrapper has 859.52 M params.
here
here 2
making attention of type 'vanilla' with 512 in_channels
Working with z of shape (1, 4, 32, 32) = 4096 dimensions.
making attention of type 'vanilla' with 512 in_channels
here
here 2
here
here 2
here
here 2
Loaded model config from [./models/cldm_v15.yaml]
Loaded state_dict from [./models/control_sd15_depth.pth]
uint8 (512, 512)
['Chair with edges that glow as if backlit']
['']
Data shape for DDIM sampling is (1, 4, 64, 64), eta 0.0
Running DDIM Sampling with 50 timesteps
0.18215
torch.Size([1, 4, 64, 64])
100
Generating image for model 03001627_117930a8f2e37f9b707cdefe012d0353_depth_views.npz with foreground prompt Chair that seems to cast multiple shadows in different colors, background prompt A grand, impressive hotel ballroom with a stage and elegant, neutral colors, seed 4438, view 9...
here
here 2
ControlLDM: Running in eps-prediction mode
here
here 2
DiffusionWrapper has 859.52 M params.
here
here 2
making attention of type 'vanilla' with 512 in_channels
Working with z of shape (1, 4, 32, 32) = 4096 dimensions.
making attention of type 'vanilla' with 512 in_channels
here
here 2
here
here 2
here
here 2
Loaded model config from [./models/cldm_v15.yaml]
Loaded state_dict from [./models/control_sd15_depth.pth]
uint8 (512, 512)
['Chair that seems to cast multiple shadows in different colors']
['']
Data shape for DDIM sampling is (1, 4, 64, 64), eta 0.0
Running DDIM Sampling with 50 timesteps
0.18215
torch.Size([1, 4, 64, 64])
100
Generating image for model 03001627_117930a8f2e37f9b707cdefe012d0353_depth_views.npz with foreground prompt Soft pastel tones brushed onto the chair, background prompt A sleek, modern office with minimalist white and gray decor, seed 9678, view 0...
here
here 2
ControlLDM: Running in eps-prediction mode
here
here 2
DiffusionWrapper has 859.52 M params.
here
here 2
making attention of type 'vanilla' with 512 in_channels
Working with z of shape (1, 4, 32, 32) = 4096 dimensions.
making attention of type 'vanilla' with 512 in_channels
here
here 2
here
here 2
here
here 2
Loaded model config from [./models/cldm_v15.yaml]
Loaded state_dict from [./models/control_sd15_depth.pth]
uint8 (512, 512)
['Soft pastel tones brushed onto the chair']
['']
Data shape for DDIM sampling is (1, 4, 64, 64), eta 0.0
Running DDIM Sampling with 50 timesteps
0.18215
torch.Size([1, 4, 64, 64])
100
Generating image for model 03001627_117930a8f2e37f9b707cdefe012d0353_depth_views.npz with foreground prompt Chair appearing to be made from crystalline ice, background prompt An industrial, loft-style living space with exposed brick and metal accents, seed 7124, view 13...
here
here 2
ControlLDM: Running in eps-prediction mode
here
here 2
DiffusionWrapper has 859.52 M params.
here
here 2
making attention of type 'vanilla' with 512 in_channels
Working with z of shape (1, 4, 32, 32) = 4096 dimensions.
making attention of type 'vanilla' with 512 in_channels
here
here 2
here
here 2
here
here 2
Loaded model config from [./models/cldm_v15.yaml]
Loaded state_dict from [./models/control_sd15_depth.pth]
uint8 (512, 512)
['Chair appearing to be made from crystalline ice']
['']
Data shape for DDIM sampling is (1, 4, 64, 64), eta 0.0
Running DDIM Sampling with 50 timesteps
0.18215
torch.Size([1, 4, 64, 64])
100
Generating image for model 03001627_117930a8f2e37f9b707cdefe012d0353_depth_views.npz with foreground prompt Chair covered in a delicate floral lace pattern, background prompt A cozy, inviting retirement home lounge with a piano and warm, comforting colors, seed 1106, view 17...
here
here 2
ControlLDM: Running in eps-prediction mode
here
here 2
DiffusionWrapper has 859.52 M params.
here
here 2
making attention of type 'vanilla' with 512 in_channels
Working with z of shape (1, 4, 32, 32) = 4096 dimensions.
making attention of type 'vanilla' with 512 in_channels
here
here 2
here
here 2
here
here 2
Loaded model config from [./models/cldm_v15.yaml]
Loaded state_dict from [./models/control_sd15_depth.pth]
uint8 (512, 512)
['Chair covered in a delicate floral lace pattern']
['']
Data shape for DDIM sampling is (1, 4, 64, 64), eta 0.0
Running DDIM Sampling with 50 timesteps
0.18215
torch.Size([1, 4, 64, 64])
100
Generating image for model 03001627_117930a8f2e37f9b707cdefe012d0353_depth_views.npz with foreground prompt Chair surrounded by a mist of golden sparkles, background prompt A sleek, modern dentist's office with exam chairs and cool, clinical colors, seed 6919, view 19...
here
here 2
ControlLDM: Running in eps-prediction mode
here
here 2
DiffusionWrapper has 859.52 M params.
here
here 2
making attention of type 'vanilla' with 512 in_channels
Working with z of shape (1, 4, 32, 32) = 4096 dimensions.
making attention of type 'vanilla' with 512 in_channels
here
here 2
here
here 2
here
here 2
Loaded model config from [./models/cldm_v15.yaml]
Loaded state_dict from [./models/control_sd15_depth.pth]
uint8 (512, 512)
['Chair surrounded by a mist of golden sparkles']
['']
Data shape for DDIM sampling is (1, 4, 64, 64), eta 0.0
Running DDIM Sampling with 50 timesteps
0.18215
torch.Size([1, 4, 64, 64])
100
Generating image for model 03001627_117930a8f2e37f9b707cdefe012d0353_depth_views.npz with foreground prompt Frosting effect on the chair, mimicking ice crystals, background prompt A peaceful, serene home yoga studio with natural light and calming, earthy colors, seed 134, view 11...
here
here 2
ControlLDM: Running in eps-prediction mode
here
here 2
DiffusionWrapper has 859.52 M params.
here
here 2
making attention of type 'vanilla' with 512 in_channels
Working with z of shape (1, 4, 32, 32) = 4096 dimensions.
making attention of type 'vanilla' with 512 in_channels
here
here 2
here
here 2
here
here 2
Loaded model config from [./models/cldm_v15.yaml]
Loaded state_dict from [./models/control_sd15_depth.pth]
uint8 (512, 512)
['Frosting effect on the chair, mimicking ice crystals']
['']
Data shape for DDIM sampling is (1, 4, 64, 64), eta 0.0
Running DDIM Sampling with 50 timesteps
0.18215
torch.Size([1, 4, 64, 64])
100
Generating image for model 03001627_117930a8f2e37f9b707cdefe012d0353_depth_views.npz with foreground prompt Chair appearing as if painted by quick, impressionist strokes, background prompt A rustic, charming apple orchard with a picking basket and natural, earthy tones, seed 7567, view 11...
here
here 2
ControlLDM: Running in eps-prediction mode
here
here 2
DiffusionWrapper has 859.52 M params.
here
here 2
making attention of type 'vanilla' with 512 in_channels
Working with z of shape (1, 4, 32, 32) = 4096 dimensions.
making attention of type 'vanilla' with 512 in_channels
here
here 2
here
here 2
here
here 2
Loaded model config from [./models/cldm_v15.yaml]
Loaded state_dict from [./models/control_sd15_depth.pth]
uint8 (512, 512)
['Chair appearing as if painted by quick, impressionist strokes']
['']
Data shape for DDIM sampling is (1, 4, 64, 64), eta 0.0
Running DDIM Sampling with 50 timesteps
0.18215
torch.Size([1, 4, 64, 64])
100
Generating image for model 03001627_117930a8f2e37f9b707cdefe012d0353_depth_views.npz with foreground prompt Laser-etched tribal patterns along the chair's sides, background prompt A sleek, high-tech computer lab with modern furniture and cool, blue tones, seed 8172, view 18...
here
here 2
ControlLDM: Running in eps-prediction mode
here
here 2
DiffusionWrapper has 859.52 M params.
here
here 2
making attention of type 'vanilla' with 512 in_channels
Working with z of shape (1, 4, 32, 32) = 4096 dimensions.
making attention of type 'vanilla' with 512 in_channels
here
here 2
here
here 2
here
here 2
Loaded model config from [./models/cldm_v15.yaml]
Loaded state_dict from [./models/control_sd15_depth.pth]
uint8 (512, 512)
["Laser-etched tribal patterns along the chair's sides"]
['']
Data shape for DDIM sampling is (1, 4, 64, 64), eta 0.0
Running DDIM Sampling with 50 timesteps
0.18215
torch.Size([1, 4, 64, 64])
100
Generating image for model 03001627_117930a8f2e37f9b707cdefe012d0353_depth_views.npz with foreground prompt Chair with a Sgraffito scratchwork revealing underlying colors, background prompt A rustic, charming farmhouse kitchen with a large island and warm, country hues, seed 9398, view 6...
here
here 2
ControlLDM: Running in eps-prediction mode
here
here 2
DiffusionWrapper has 859.52 M params.
here
here 2
making attention of type 'vanilla' with 512 in_channels
Working with z of shape (1, 4, 32, 32) = 4096 dimensions.
making attention of type 'vanilla' with 512 in_channels
here
here 2
here
here 2
here
here 2
Loaded model config from [./models/cldm_v15.yaml]
Loaded state_dict from [./models/control_sd15_depth.pth]
uint8 (512, 512)
['Chair with a Sgraffito scratchwork revealing underlying colors']
['']
Data shape for DDIM sampling is (1, 4, 64, 64), eta 0.0
Running DDIM Sampling with 50 timesteps
0.18215
torch.Size([1, 4, 64, 64])
100
Generating image for model 03001627_117930a8f2e37f9b707cdefe012d0353_depth_views.npz with foreground prompt Chair that appears to be woven from light fibers, background prompt A classic, traditional library with rich, dark wood paneling, seed 3430, view 12...
here
here 2
ControlLDM: Running in eps-prediction mode
here
here 2
DiffusionWrapper has 859.52 M params.
here
here 2
making attention of type 'vanilla' with 512 in_channels
Working with z of shape (1, 4, 32, 32) = 4096 dimensions.
making attention of type 'vanilla' with 512 in_channels
here
here 2
here
here 2
here
here 2
Loaded model config from [./models/cldm_v15.yaml]
Loaded state_dict from [./models/control_sd15_depth.pth]
uint8 (512, 512)
['Chair that appears to be woven from light fibers']
['']
Data shape for DDIM sampling is (1, 4, 64, 64), eta 0.0
Running DDIM Sampling with 50 timesteps
0.18215
torch.Size([1, 4, 64, 64])
100
Generating image for model 03001627_117930a8f2e37f9b707cdefe012d0353_depth_views.npz with foreground prompt Gradient color wash painted on the chair, background prompt A comfy, welcoming home theater with plush, dark carpet, seed 5916, view 9...
here
here 2
ControlLDM: Running in eps-prediction mode
here
here 2
DiffusionWrapper has 859.52 M params.
here
here 2
making attention of type 'vanilla' with 512 in_channels
Working with z of shape (1, 4, 32, 32) = 4096 dimensions.
making attention of type 'vanilla' with 512 in_channels
here
here 2
here
here 2
here
here 2
Loaded model config from [./models/cldm_v15.yaml]
Loaded state_dict from [./models/control_sd15_depth.pth]
uint8 (512, 512)
['Gradient color wash painted on the chair']
['']
Data shape for DDIM sampling is (1, 4, 64, 64), eta 0.0
Running DDIM Sampling with 50 timesteps
0.18215
torch.Size([1, 4, 64, 64])
100
Generating image for model 03001627_117930a8f2e37f9b707cdefe012d0353_depth_views.npz with foreground prompt Chair that casts a floral patterned shadow, background prompt A bright, colorful preschool nap room with cots and soothing, pastel hues, seed 7598, view 9...
here
here 2
ControlLDM: Running in eps-prediction mode
here
here 2
DiffusionWrapper has 859.52 M params.
here
here 2
making attention of type 'vanilla' with 512 in_channels
Working with z of shape (1, 4, 32, 32) = 4096 dimensions.
making attention of type 'vanilla' with 512 in_channels
here
here 2
here
here 2
here
here 2
Loaded model config from [./models/cldm_v15.yaml]
Loaded state_dict from [./models/control_sd15_depth.pth]
uint8 (512, 512)
['Chair that casts a floral patterned shadow']
['']
Data shape for DDIM sampling is (1, 4, 64, 64), eta 0.0
Running DDIM Sampling with 50 timesteps
0.18215
torch.Size([1, 4, 64, 64])
100
Generating image for model 03001627_117930a8f2e37f9b707cdefe012d0353_depth_views.npz with foreground prompt Chair enclosed in a shimmering soap bubble, background prompt A peaceful, serene meditation garden with a koi pond and natural, calming tones, seed 1693, view 1...
here
here 2
ControlLDM: Running in eps-prediction mode
here
here 2
DiffusionWrapper has 859.52 M params.
here
here 2
making attention of type 'vanilla' with 512 in_channels
Working with z of shape (1, 4, 32, 32) = 4096 dimensions.
making attention of type 'vanilla' with 512 in_channels
here
here 2
here
here 2
here
here 2
Loaded model config from [./models/cldm_v15.yaml]
Loaded state_dict from [./models/control_sd15_depth.pth]
uint8 (512, 512)
['Chair enclosed in a shimmering soap bubble']
['']
Data shape for DDIM sampling is (1, 4, 64, 64), eta 0.0
Running DDIM Sampling with 50 timesteps
0.18215
torch.Size([1, 4, 64, 64])
100
Generating image for model 03001627_117930a8f2e37f9b707cdefe012d0353_depth_views.npz with foreground prompt Chair with a psychedelic tie-dye effect, background prompt A charming, old-fashioned soda fountain with chrome stools and bright, retro colors, seed 3396, view 10...
here
here 2
ControlLDM: Running in eps-prediction mode
here
here 2
DiffusionWrapper has 859.52 M params.
here
here 2
making attention of type 'vanilla' with 512 in_channels
Working with z of shape (1, 4, 32, 32) = 4096 dimensions.
making attention of type 'vanilla' with 512 in_channels
here
here 2
here
here 2
here
here 2
Loaded model config from [./models/cldm_v15.yaml]
Loaded state_dict from [./models/control_sd15_depth.pth]
uint8 (512, 512)
['Chair with a psychedelic tie-dye effect']
['']
Data shape for DDIM sampling is (1, 4, 64, 64), eta 0.0
Running DDIM Sampling with 50 timesteps
0.18215
torch.Size([1, 4, 64, 64])
100
Generating image for model 03001627_117930a8f2e37f9b707cdefe012d0353_depth_views.npz with foreground prompt Chair with a psychedelic tie-dye effect, background prompt A bright, open artist's studio with large windows and crisp, white walls, seed 980, view 15...
here
here 2
ControlLDM: Running in eps-prediction mode
here
here 2
DiffusionWrapper has 859.52 M params.
here
here 2
making attention of type 'vanilla' with 512 in_channels
Working with z of shape (1, 4, 32, 32) = 4096 dimensions.
making attention of type 'vanilla' with 512 in_channels
here
here 2
here
here 2
here
here 2
Loaded model config from [./models/cldm_v15.yaml]
Loaded state_dict from [./models/control_sd15_depth.pth]
uint8 (512, 512)
['Chair with a psychedelic tie-dye effect']
['']
Data shape for DDIM sampling is (1, 4, 64, 64), eta 0.0
Running DDIM Sampling with 50 timesteps
0.18215
torch.Size([1, 4, 64, 64])
100
Generating image for model 03001627_117930a8f2e37f9b707cdefe012d0353_depth_views.npz with foreground prompt Chair with an echo effect, multiple faint outlines radiating out, background prompt A grand, opulent opera box with velvet curtains and luxurious, regal colors, seed 1766, view 11...
here
here 2
ControlLDM: Running in eps-prediction mode
here
here 2
DiffusionWrapper has 859.52 M params.
here
here 2
making attention of type 'vanilla' with 512 in_channels
Working with z of shape (1, 4, 32, 32) = 4096 dimensions.
making attention of type 'vanilla' with 512 in_channels
here
here 2
here
here 2
here
here 2
Loaded model config from [./models/cldm_v15.yaml]
Loaded state_dict from [./models/control_sd15_depth.pth]
uint8 (512, 512)
['Chair with an echo effect, multiple faint outlines radiating out']
['']
Data shape for DDIM sampling is (1, 4, 64, 64), eta 0.0
Running DDIM Sampling with 50 timesteps
0.18215
torch.Size([1, 4, 64, 64])
100
Generating image for model 03001627_117930a8f2e37f9b707cdefe012d0353_depth_views.npz with foreground prompt Chair bathed in the glow of a rising or setting sun, background prompt A regal, majestic throne room with ornate details and rich, royal hues, seed 2156, view 8...
here
here 2
ControlLDM: Running in eps-prediction mode
here
here 2
DiffusionWrapper has 859.52 M params.
here
here 2
making attention of type 'vanilla' with 512 in_channels
Working with z of shape (1, 4, 32, 32) = 4096 dimensions.
making attention of type 'vanilla' with 512 in_channels
here
here 2
here
here 2
here
here 2
Loaded model config from [./models/cldm_v15.yaml]
Loaded state_dict from [./models/control_sd15_depth.pth]
uint8 (512, 512)
['Chair bathed in the glow of a rising or setting sun']
['']
Data shape for DDIM sampling is (1, 4, 64, 64), eta 0.0
Running DDIM Sampling with 50 timesteps
0.18215
torch.Size([1, 4, 64, 64])
100
Generating image for model 03001627_117930a8f2e37f9b707cdefe012d0353_depth_views.npz with foreground prompt Chair outlined with a glowing neon light, background prompt A charming, vintage-inspired diner with checkered floors and bright, retro colors, seed 4554, view 9...
here
here 2
ControlLDM: Running in eps-prediction mode
here
here 2
DiffusionWrapper has 859.52 M params.
here
here 2
making attention of type 'vanilla' with 512 in_channels
Working with z of shape (1, 4, 32, 32) = 4096 dimensions.
making attention of type 'vanilla' with 512 in_channels
here
here 2
here
here 2
here
here 2
Loaded model config from [./models/cldm_v15.yaml]
Loaded state_dict from [./models/control_sd15_depth.pth]
uint8 (512, 512)
['Chair outlined with a glowing neon light']
['']
Data shape for DDIM sampling is (1, 4, 64, 64), eta 0.0
Running DDIM Sampling with 50 timesteps
0.18215
torch.Size([1, 4, 64, 64])
100
Generating image for model 03001627_117930a8f2e37f9b707cdefe012d0353_depth_views.npz with foreground prompt Chair with a gentle, pulsing bioluminescent glow from within, background prompt A homey, comfortable family room with a fireplace and warm, earthy hues, seed 5942, view 13...
here
here 2
ControlLDM: Running in eps-prediction mode
here
here 2
DiffusionWrapper has 859.52 M params.
here
here 2
making attention of type 'vanilla' with 512 in_channels
Working with z of shape (1, 4, 32, 32) = 4096 dimensions.
making attention of type 'vanilla' with 512 in_channels
here
here 2
here
here 2
here
here 2
Loaded model config from [./models/cldm_v15.yaml]
Loaded state_dict from [./models/control_sd15_depth.pth]
uint8 (512, 512)
['Chair with a gentle, pulsing bioluminescent glow from within']
['']
Data shape for DDIM sampling is (1, 4, 64, 64), eta 0.0
Running DDIM Sampling with 50 timesteps
0.18215
torch.Size([1, 4, 64, 64])
100
Generating image for model 03001627_117930a8f2e37f9b707cdefe012d0353_depth_views.npz with foreground prompt Chair outlined with tiny sparkling LEDs, background prompt A cozy, intimate bookstore with overstuffed armchairs and warm, literary hues, seed 5813, view 8...
here
here 2
ControlLDM: Running in eps-prediction mode
here
here 2
DiffusionWrapper has 859.52 M params.
here
here 2
making attention of type 'vanilla' with 512 in_channels
Working with z of shape (1, 4, 32, 32) = 4096 dimensions.
making attention of type 'vanilla' with 512 in_channels
here
here 2
here
here 2
here
here 2
Loaded model config from [./models/cldm_v15.yaml]
Loaded state_dict from [./models/control_sd15_depth.pth]
uint8 (512, 512)
['Chair outlined with tiny sparkling LEDs']
['']
Data shape for DDIM sampling is (1, 4, 64, 64), eta 0.0
Running DDIM Sampling with 50 timesteps
0.18215
torch.Size([1, 4, 64, 64])
100
Generating image for model 03001627_117930a8f2e37f9b707cdefe012d0353_depth_views.npz with foreground prompt Gold leaf accents highlighting the chair's design features, background prompt A charming, quaint coffee shop with exposed brick walls, seed 6149, view 19...
here
here 2
ControlLDM: Running in eps-prediction mode
here
here 2
DiffusionWrapper has 859.52 M params.
here
here 2
making attention of type 'vanilla' with 512 in_channels
Working with z of shape (1, 4, 32, 32) = 4096 dimensions.
making attention of type 'vanilla' with 512 in_channels
here
here 2
here
here 2
here
here 2
Loaded model config from [./models/cldm_v15.yaml]
Loaded state_dict from [./models/control_sd15_depth.pth]
uint8 (512, 512)
["Gold leaf accents highlighting the chair's design features"]
['']
Data shape for DDIM sampling is (1, 4, 64, 64), eta 0.0
Running DDIM Sampling with 50 timesteps
0.18215
torch.Size([1, 4, 64, 64])
100
Generating image for model 03001627_117930a8f2e37f9b707cdefe012d0353_depth_views.npz with foreground prompt Chair covered in a delicate floral lace pattern, background prompt A peaceful, serene conservatory with glass walls and lush, green plants, seed 6666, view 13...
here
here 2
ControlLDM: Running in eps-prediction mode
here
here 2
DiffusionWrapper has 859.52 M params.
here
here 2
making attention of type 'vanilla' with 512 in_channels
Working with z of shape (1, 4, 32, 32) = 4096 dimensions.
making attention of type 'vanilla' with 512 in_channels
here
here 2
here
here 2
here
here 2
Loaded model config from [./models/cldm_v15.yaml]
Loaded state_dict from [./models/control_sd15_depth.pth]
uint8 (512, 512)
['Chair covered in a delicate floral lace pattern']
['']
Data shape for DDIM sampling is (1, 4, 64, 64), eta 0.0
Running DDIM Sampling with 50 timesteps
0.18215
torch.Size([1, 4, 64, 64])
100
Generating image for model 03001627_117930a8f2e37f9b707cdefe012d0353_depth_views.npz with foreground prompt Chair that seems to be breaking into digital pixels at one edge, background prompt A cozy living room with warm, inviting earth tones, seed 2088, view 19...
here
here 2
ControlLDM: Running in eps-prediction mode
here
here 2
DiffusionWrapper has 859.52 M params.
here
here 2
making attention of type 'vanilla' with 512 in_channels
Working with z of shape (1, 4, 32, 32) = 4096 dimensions.
making attention of type 'vanilla' with 512 in_channels
here
here 2
here
here 2
here
here 2
Loaded model config from [./models/cldm_v15.yaml]
Loaded state_dict from [./models/control_sd15_depth.pth]
uint8 (512, 512)
['Chair that seems to be breaking into digital pixels at one edge']
['']
Data shape for DDIM sampling is (1, 4, 64, 64), eta 0.0
Running DDIM Sampling with 50 timesteps
0.18215
torch.Size([1, 4, 64, 64])
100
Generating image for model 03001627_117930a8f2e37f9b707cdefe012d0353_depth_views.npz with foreground prompt Chair with a cascading waterfall effect from the seat, background prompt A fun, lively recreation room with a pool table and bright, energetic colors, seed 5558, view 1...
here
here 2
ControlLDM: Running in eps-prediction mode
here
here 2
DiffusionWrapper has 859.52 M params.
here
here 2
making attention of type 'vanilla' with 512 in_channels
Working with z of shape (1, 4, 32, 32) = 4096 dimensions.
making attention of type 'vanilla' with 512 in_channels
here
here 2
here
here 2
here
here 2
Loaded model config from [./models/cldm_v15.yaml]
Loaded state_dict from [./models/control_sd15_depth.pth]
uint8 (512, 512)
['Chair with a cascading waterfall effect from the seat']
['']
Data shape for DDIM sampling is (1, 4, 64, 64), eta 0.0
Running DDIM Sampling with 50 timesteps
0.18215
torch.Size([1, 4, 64, 64])
100
Generating image for model 03001627_117930a8f2e37f9b707cdefe012d0353_depth_views.npz with foreground prompt Chair that appears to be slowly rotating on its axis, background prompt A peaceful, serene meditation garden with a koi pond and natural, calming tones, seed 5458, view 5...
here
here 2
ControlLDM: Running in eps-prediction mode
here
here 2
DiffusionWrapper has 859.52 M params.
here
here 2
making attention of type 'vanilla' with 512 in_channels
Working with z of shape (1, 4, 32, 32) = 4096 dimensions.
making attention of type 'vanilla' with 512 in_channels
here
here 2
here
here 2
here
here 2
Loaded model config from [./models/cldm_v15.yaml]
Loaded state_dict from [./models/control_sd15_depth.pth]
uint8 (512, 512)
['Chair that appears to be slowly rotating on its axis']
['']
Data shape for DDIM sampling is (1, 4, 64, 64), eta 0.0
Running DDIM Sampling with 50 timesteps
0.18215
torch.Size([1, 4, 64, 64])
100
Generating image for model 03001627_117930a8f2e37f9b707cdefe012d0353_depth_views.npz with foreground prompt Chair with a frost pattern creeping over its surface, background prompt A bright, airy sunroom with large windows and natural hues, seed 1852, view 1...
here
here 2
ControlLDM: Running in eps-prediction mode
here
here 2
DiffusionWrapper has 859.52 M params.
here
here 2
making attention of type 'vanilla' with 512 in_channels
Working with z of shape (1, 4, 32, 32) = 4096 dimensions.
making attention of type 'vanilla' with 512 in_channels
here
here 2
here
here 2
here
here 2
Loaded model config from [./models/cldm_v15.yaml]
Loaded state_dict from [./models/control_sd15_depth.pth]
uint8 (512, 512)
['Chair with a frost pattern creeping over its surface']
['']
Data shape for DDIM sampling is (1, 4, 64, 64), eta 0.0
Running DDIM Sampling with 50 timesteps
0.18215
torch.Size([1, 4, 64, 64])
100
