Processing depth maps for model ID: 03001627_103c31671f8c0b1467bb14b25f99796e_depth_views.npz
[[255 255 255 ... 255 255 255]
 [255 255 255 ... 255 255 255]
 [255 255 255 ... 255 255 255]
 ...
 [255 255 255 ... 255 255 255]
 [255 255 255 ... 255 255 255]
 [255 255 255 ... 255 255 255]]
Generating image for model 03001627_103c31671f8c0b1467bb14b25f99796e_depth_views.npz with foreground prompt A rustic stool in natural, wood design, background prompt A cozy, intimate reading nook with built-in bookshelves and warm lighting, seed 8737, view 18...
here
here 2
No module 'xformers'. Proceeding without it.
ControlLDM: Running in eps-prediction mode
here
here 2
DiffusionWrapper has 859.52 M params.
here
here 2
making attention of type 'vanilla' with 512 in_channels
Working with z of shape (1, 4, 32, 32) = 4096 dimensions.
making attention of type 'vanilla' with 512 in_channels
here
here 2
here
here 2
here
here 2
Loaded model config from [./models/cldm_v15.yaml]
Loaded state_dict from [./models/control_sd15_depth.pth]
uint8 (512, 512)
['A rustic stool in natural, wood design']
['']
Data shape for DDIM sampling is (1, 4, 64, 64), eta 0.0
Running DDIM Sampling with 50 timesteps
0.18215
torch.Size([1, 4, 64, 64])
[[255 255 255 ... 255 255 255]
 [255 255 255 ... 255 255 255]
 [255 255 255 ... 255 255 255]
 ...
 [255 255 255 ... 255 255 255]
 [255 255 255 ... 255 255 255]
 [255 255 255 ... 255 255 255]]
Generating image for model 03001627_103c31671f8c0b1467bb14b25f99796e_depth_views.npz with foreground prompt A playful toddler chair in bright, primary colors, background prompt A cozy, inviting ski lodge with a stone fireplace and warm, wooden accents, seed 4949, view 10...
here
here 2
ControlLDM: Running in eps-prediction mode
here
here 2
DiffusionWrapper has 859.52 M params.
here
here 2
making attention of type 'vanilla' with 512 in_channels
Working with z of shape (1, 4, 32, 32) = 4096 dimensions.
making attention of type 'vanilla' with 512 in_channels
here
here 2
here
here 2
here
here 2
Loaded model config from [./models/cldm_v15.yaml]
Loaded state_dict from [./models/control_sd15_depth.pth]
uint8 (512, 512)
['A playful toddler chair in bright, primary colors']
['']
Data shape for DDIM sampling is (1, 4, 64, 64), eta 0.0
Running DDIM Sampling with 50 timesteps
0.18215
torch.Size([1, 4, 64, 64])
[[255 255 255 ... 255 255 255]
 [255 255 255 ... 255 255 255]
 [255 255 255 ... 255 255 255]
 ...
 [255 255 255 ... 255 255 255]
 [255 255 255 ... 255 255 255]
 [255 255 255 ... 255 255 255]]
Generating image for model 03001627_103c31671f8c0b1467bb14b25f99796e_depth_views.npz with foreground prompt A traditional easy chair in soft, muted green, background prompt A vibrant, colorful children's play area with soft flooring and bright, cheerful accents, seed 2247, view 8...
here
here 2
ControlLDM: Running in eps-prediction mode
here
here 2
DiffusionWrapper has 859.52 M params.
here
here 2
making attention of type 'vanilla' with 512 in_channels
Working with z of shape (1, 4, 32, 32) = 4096 dimensions.
making attention of type 'vanilla' with 512 in_channels
here
here 2
here
here 2
here
here 2
Loaded model config from [./models/cldm_v15.yaml]
Loaded state_dict from [./models/control_sd15_depth.pth]
uint8 (512, 512)
['A traditional easy chair in soft, muted green']
['']
Data shape for DDIM sampling is (1, 4, 64, 64), eta 0.0
Running DDIM Sampling with 50 timesteps
0.18215
torch.Size([1, 4, 64, 64])
[[255 255 255 ... 255 255 255]
 [255 255 255 ... 255 255 255]
 [255 255 255 ... 255 255 255]
 ...
 [255 255 255 ... 255 255 255]
 [255 255 255 ... 255 255 255]
 [255 255 255 ... 255 255 255]]
Generating image for model 03001627_103c31671f8c0b1467bb14b25f99796e_depth_views.npz with foreground prompt A traditional dining chair in ornate, Chippendale style, background prompt A grand, impressive hotel ballroom with a stage and elegant, neutral colors, seed 2733, view 13...
here
here 2
ControlLDM: Running in eps-prediction mode
here
here 2
DiffusionWrapper has 859.52 M params.
here
here 2
making attention of type 'vanilla' with 512 in_channels
Working with z of shape (1, 4, 32, 32) = 4096 dimensions.
making attention of type 'vanilla' with 512 in_channels
here
here 2
here
here 2
here
here 2
Loaded model config from [./models/cldm_v15.yaml]
Loaded state_dict from [./models/control_sd15_depth.pth]
uint8 (512, 512)
['A traditional dining chair in ornate, Chippendale style']
['']
Data shape for DDIM sampling is (1, 4, 64, 64), eta 0.0
Running DDIM Sampling with 50 timesteps
0.18215
torch.Size([1, 4, 64, 64])
[[255 255 255 ... 255 255 255]
 [255 255 255 ... 255 255 255]
 [255 255 255 ... 255 255 255]
 ...
 [255 255 255 ... 255 255 255]
 [255 255 255 ... 255 255 255]
 [255 255 255 ... 255 255 255]]
Generating image for model 03001627_103c31671f8c0b1467bb14b25f99796e_depth_views.npz with foreground prompt An elegant lady's chair in Victorian, brocade upholstery, background prompt A rustic, charming winery tasting room with oak barrels and warm, earthy tones, seed 5679, view 18...
here
here 2
ControlLDM: Running in eps-prediction mode
here
here 2
DiffusionWrapper has 859.52 M params.
here
here 2
making attention of type 'vanilla' with 512 in_channels
Working with z of shape (1, 4, 32, 32) = 4096 dimensions.
making attention of type 'vanilla' with 512 in_channels
here
here 2
here
here 2
here
here 2
Loaded model config from [./models/cldm_v15.yaml]
Loaded state_dict from [./models/control_sd15_depth.pth]
uint8 (512, 512)
["An elegant lady's chair in Victorian, brocade upholstery"]
['']
Data shape for DDIM sampling is (1, 4, 64, 64), eta 0.0
Running DDIM Sampling with 50 timesteps
0.18215
torch.Size([1, 4, 64, 64])
[[255 255 255 ... 255 255 255]
 [255 255 255 ... 255 255 255]
 [255 255 255 ... 255 255 255]
 ...
 [255 255 255 ... 255 255 255]
 [255 255 255 ... 255 255 255]
 [255 255 255 ... 255 255 255]]
Generating image for model 03001627_103c31671f8c0b1467bb14b25f99796e_depth_views.npz with foreground prompt A luxurious ottoman in tufted, emerald green, background prompt A sophisticated, upscale members-only club with a bar and rich, exclusive tones, seed 2165, view 13...
here
here 2
ControlLDM: Running in eps-prediction mode
here
here 2
DiffusionWrapper has 859.52 M params.
here
here 2
making attention of type 'vanilla' with 512 in_channels
Working with z of shape (1, 4, 32, 32) = 4096 dimensions.
making attention of type 'vanilla' with 512 in_channels
here
here 2
here
here 2
here
here 2
Loaded model config from [./models/cldm_v15.yaml]
Loaded state_dict from [./models/control_sd15_depth.pth]
uint8 (512, 512)
['A luxurious ottoman in tufted, emerald green']
['']
Data shape for DDIM sampling is (1, 4, 64, 64), eta 0.0
Running DDIM Sampling with 50 timesteps
0.18215
torch.Size([1, 4, 64, 64])
[[255 255 255 ... 255 255 255]
 [255 255 255 ... 255 255 255]
 [255 255 255 ... 255 255 255]
 ...
 [255 255 255 ... 255 255 255]
 [255 255 255 ... 255 255 255]
 [255 255 255 ... 255 255 255]]
Generating image for model 03001627_103c31671f8c0b1467bb14b25f99796e_depth_views.npz with foreground prompt An elegant dining chair with ornate, carved details, background prompt A cool, industrial garage with concrete floors and bright, fluorescent lighting, seed 6818, view 3...
here
here 2
ControlLDM: Running in eps-prediction mode
here
here 2
DiffusionWrapper has 859.52 M params.
here
here 2
making attention of type 'vanilla' with 512 in_channels
Working with z of shape (1, 4, 32, 32) = 4096 dimensions.
making attention of type 'vanilla' with 512 in_channels
here
here 2
here
here 2
here
here 2
Loaded model config from [./models/cldm_v15.yaml]
Loaded state_dict from [./models/control_sd15_depth.pth]
uint8 (512, 512)
['An elegant dining chair with ornate, carved details']
['']
Data shape for DDIM sampling is (1, 4, 64, 64), eta 0.0
Running DDIM Sampling with 50 timesteps
0.18215
torch.Size([1, 4, 64, 64])
[[255 255 255 ... 255 255 255]
 [255 255 255 ... 255 255 255]
 [255 255 255 ... 255 255 255]
 ...
 [255 255 255 ... 255 255 255]
 [255 255 255 ... 255 255 255]
 [255 255 255 ... 255 255 255]]
Generating image for model 03001627_103c31671f8c0b1467bb14b25f99796e_depth_views.npz with foreground prompt A rustic bench in rough-hewn, natural wood, background prompt A sophisticated, elegant bridal suite with full-length mirrors and soft, romantic lighting, seed 7885, view 12...
here
here 2
ControlLDM: Running in eps-prediction mode
here
here 2
DiffusionWrapper has 859.52 M params.
here
here 2
making attention of type 'vanilla' with 512 in_channels
Working with z of shape (1, 4, 32, 32) = 4096 dimensions.
making attention of type 'vanilla' with 512 in_channels
here
here 2
here
here 2
here
here 2
Loaded model config from [./models/cldm_v15.yaml]
Loaded state_dict from [./models/control_sd15_depth.pth]
uint8 (512, 512)
['A rustic bench in rough-hewn, natural wood']
['']
Data shape for DDIM sampling is (1, 4, 64, 64), eta 0.0
Running DDIM Sampling with 50 timesteps
0.18215
torch.Size([1, 4, 64, 64])
[[255 255 255 ... 255 255 255]
 [255 255 255 ... 255 255 255]
 [255 255 255 ... 255 255 255]
 ...
 [255 255 255 ... 255 255 255]
 [255 255 255 ... 255 255 255]
 [255 255 255 ... 255 255 255]]
Generating image for model 03001627_103c31671f8c0b1467bb14b25f99796e_depth_views.npz with foreground prompt An elegant wingback chair in ornate, Queen Anne style, background prompt A peaceful, serene yoga retreat with mountain views and natural, earthy colors, seed 3546, view 0...
here
here 2
ControlLDM: Running in eps-prediction mode
here
here 2
DiffusionWrapper has 859.52 M params.
here
here 2
making attention of type 'vanilla' with 512 in_channels
Working with z of shape (1, 4, 32, 32) = 4096 dimensions.
making attention of type 'vanilla' with 512 in_channels
here
here 2
here
here 2
here
here 2
Loaded model config from [./models/cldm_v15.yaml]
Loaded state_dict from [./models/control_sd15_depth.pth]
uint8 (512, 512)
['An elegant wingback chair in ornate, Queen Anne style']
['']
Data shape for DDIM sampling is (1, 4, 64, 64), eta 0.0
Running DDIM Sampling with 50 timesteps
0.18215
torch.Size([1, 4, 64, 64])
[[255 255 255 ... 255 255 255]
 [255 255 255 ... 255 255 255]
 [255 255 255 ... 255 255 255]
 ...
 [255 255 255 ... 255 255 255]
 [255 255 255 ... 255 255 255]
 [255 255 255 ... 255 255 255]]
Generating image for model 03001627_103c31671f8c0b1467bb14b25f99796e_depth_views.npz with foreground prompt An industrial stool in raw, steel finish, background prompt A sophisticated, upscale members-only club with a bar and rich, exclusive tones, seed 5617, view 12...
here
here 2
ControlLDM: Running in eps-prediction mode
here
here 2
DiffusionWrapper has 859.52 M params.
here
here 2
making attention of type 'vanilla' with 512 in_channels
Working with z of shape (1, 4, 32, 32) = 4096 dimensions.
making attention of type 'vanilla' with 512 in_channels
here
here 2
here
here 2
here
here 2
Loaded model config from [./models/cldm_v15.yaml]
Loaded state_dict from [./models/control_sd15_depth.pth]
uint8 (512, 512)
['An industrial stool in raw, steel finish']
['']
Data shape for DDIM sampling is (1, 4, 64, 64), eta 0.0
Running DDIM Sampling with 50 timesteps
0.18215
torch.Size([1, 4, 64, 64])
