Processing depth maps for model ID: 03001627_989c95491d7e823fa413908c0e169330_depth_views.npz
Generating image for model 03001627_989c95491d7e823fa413908c0e169330_depth_views.npz with foreground prompt Chair with a vintage sepia tone effect, background prompt A cozy, inviting ski lodge with a stone fireplace and warm, wooden accents, seed 8373, view 11...
here
here 2
No module 'xformers'. Proceeding without it.
ControlLDM: Running in eps-prediction mode
here
here 2
DiffusionWrapper has 859.52 M params.
here
here 2
making attention of type 'vanilla' with 512 in_channels
Working with z of shape (1, 4, 32, 32) = 4096 dimensions.
making attention of type 'vanilla' with 512 in_channels
here
here 2
here
here 2
here
here 2
Loaded model config from [./models/cldm_v15.yaml]
Loaded state_dict from [./models/control_sd15_depth.pth]
uint8 (512, 512)
['Chair with a vintage sepia tone effect']
['']
Data shape for DDIM sampling is (1, 4, 64, 64), eta 0.0
Running DDIM Sampling with 50 timesteps
0.18215
torch.Size([1, 4, 64, 64])
Generating image for model 03001627_989c95491d7e823fa413908c0e169330_depth_views.npz with foreground prompt Chair with an echo effect, multiple faint outlines radiating out, background prompt A cool, industrial garage with concrete floors and bright, fluorescent lighting, seed 8677, view 9...
here
here 2
ControlLDM: Running in eps-prediction mode
here
here 2
DiffusionWrapper has 859.52 M params.
here
here 2
making attention of type 'vanilla' with 512 in_channels
Working with z of shape (1, 4, 32, 32) = 4096 dimensions.
making attention of type 'vanilla' with 512 in_channels
here
here 2
here
here 2
here
here 2
Loaded model config from [./models/cldm_v15.yaml]
Loaded state_dict from [./models/control_sd15_depth.pth]
uint8 (512, 512)
['Chair with an echo effect, multiple faint outlines radiating out']
['']
Data shape for DDIM sampling is (1, 4, 64, 64), eta 0.0
Running DDIM Sampling with 50 timesteps
0.18215
torch.Size([1, 4, 64, 64])
Generating image for model 03001627_989c95491d7e823fa413908c0e169330_depth_views.npz with foreground prompt Chair with a frost pattern creeping over its surface, background prompt A sophisticated, elegant charity gala with a silent auction and rich, glamorous tones, seed 9865, view 10...
here
here 2
ControlLDM: Running in eps-prediction mode
here
here 2
DiffusionWrapper has 859.52 M params.
here
here 2
making attention of type 'vanilla' with 512 in_channels
Working with z of shape (1, 4, 32, 32) = 4096 dimensions.
making attention of type 'vanilla' with 512 in_channels
here
here 2
here
here 2
here
here 2
Loaded model config from [./models/cldm_v15.yaml]
Loaded state_dict from [./models/control_sd15_depth.pth]
uint8 (512, 512)
['Chair with a frost pattern creeping over its surface']
['']
Data shape for DDIM sampling is (1, 4, 64, 64), eta 0.0
Running DDIM Sampling with 50 timesteps
0.18215
torch.Size([1, 4, 64, 64])
Generating image for model 03001627_989c95491d7e823fa413908c0e169330_depth_views.npz with foreground prompt Chair with a vintage crackle glaze finish, background prompt A funky, retro game room with bright neon lights, seed 3282, view 1...
here
here 2
ControlLDM: Running in eps-prediction mode
here
here 2
DiffusionWrapper has 859.52 M params.
here
here 2
making attention of type 'vanilla' with 512 in_channels
Working with z of shape (1, 4, 32, 32) = 4096 dimensions.
making attention of type 'vanilla' with 512 in_channels
here
here 2
here
here 2
here
here 2
Loaded model config from [./models/cldm_v15.yaml]
Loaded state_dict from [./models/control_sd15_depth.pth]
uint8 (512, 512)
['Chair with a vintage crackle glaze finish']
['']
Data shape for DDIM sampling is (1, 4, 64, 64), eta 0.0
Running DDIM Sampling with 50 timesteps
0.18215
torch.Size([1, 4, 64, 64])
Generating image for model 03001627_989c95491d7e823fa413908c0e169330_depth_views.npz with foreground prompt Chair painted in a matte black ultra-modern finish, background prompt A cozy, rustic hunting lodge with mounted trophies and warm, earthy tones, seed 7434, view 5...
here
here 2
ControlLDM: Running in eps-prediction mode
here
here 2
DiffusionWrapper has 859.52 M params.
here
here 2
making attention of type 'vanilla' with 512 in_channels
Working with z of shape (1, 4, 32, 32) = 4096 dimensions.
making attention of type 'vanilla' with 512 in_channels
here
here 2
here
here 2
here
here 2
Loaded model config from [./models/cldm_v15.yaml]
Loaded state_dict from [./models/control_sd15_depth.pth]
uint8 (512, 512)
['Chair painted in a matte black ultra-modern finish']
['']
Data shape for DDIM sampling is (1, 4, 64, 64), eta 0.0
Running DDIM Sampling with 50 timesteps
0.18215
torch.Size([1, 4, 64, 64])
Generating image for model 03001627_989c95491d7e823fa413908c0e169330_depth_views.npz with foreground prompt Chair with an echo effect, multiple faint outlines radiating out, background prompt A rustic, outdoor patio with natural stone pavers, seed 7742, view 19...
here
here 2
ControlLDM: Running in eps-prediction mode
here
here 2
DiffusionWrapper has 859.52 M params.
here
here 2
making attention of type 'vanilla' with 512 in_channels
Working with z of shape (1, 4, 32, 32) = 4096 dimensions.
making attention of type 'vanilla' with 512 in_channels
here
here 2
here
here 2
here
here 2
Loaded model config from [./models/cldm_v15.yaml]
Loaded state_dict from [./models/control_sd15_depth.pth]
uint8 (512, 512)
['Chair with an echo effect, multiple faint outlines radiating out']
['']
Data shape for DDIM sampling is (1, 4, 64, 64), eta 0.0
Running DDIM Sampling with 50 timesteps
0.18215
torch.Size([1, 4, 64, 64])
Generating image for model 03001627_989c95491d7e823fa413908c0e169330_depth_views.npz with foreground prompt Chair enveloped in a soft, dreamy fog, background prompt A bright, airy solarium with potted plants and warm, sunny hues, seed 5505, view 11...
here
here 2
ControlLDM: Running in eps-prediction mode
here
here 2
DiffusionWrapper has 859.52 M params.
here
here 2
making attention of type 'vanilla' with 512 in_channels
Working with z of shape (1, 4, 32, 32) = 4096 dimensions.
making attention of type 'vanilla' with 512 in_channels
here
here 2
here
here 2
here
here 2
Loaded model config from [./models/cldm_v15.yaml]
Loaded state_dict from [./models/control_sd15_depth.pth]
uint8 (512, 512)
['Chair enveloped in a soft, dreamy fog']
['']
Data shape for DDIM sampling is (1, 4, 64, 64), eta 0.0
Running DDIM Sampling with 50 timesteps
0.18215
torch.Size([1, 4, 64, 64])
Generating image for model 03001627_989c95491d7e823fa413908c0e169330_depth_views.npz with foreground prompt Chair with an organic mossy growth texture, background prompt A bright, open-concept kitchen with white cabinets and natural light, seed 363, view 12...
here
here 2
ControlLDM: Running in eps-prediction mode
here
here 2
DiffusionWrapper has 859.52 M params.
here
here 2
making attention of type 'vanilla' with 512 in_channels
Working with z of shape (1, 4, 32, 32) = 4096 dimensions.
making attention of type 'vanilla' with 512 in_channels
here
here 2
here
here 2
here
here 2
Loaded model config from [./models/cldm_v15.yaml]
Loaded state_dict from [./models/control_sd15_depth.pth]
uint8 (512, 512)
['Chair with an organic mossy growth texture']
['']
Data shape for DDIM sampling is (1, 4, 64, 64), eta 0.0
Running DDIM Sampling with 50 timesteps
0.18215
torch.Size([1, 4, 64, 64])
Generating image for model 03001627_989c95491d7e823fa413908c0e169330_depth_views.npz with foreground prompt Chair wrapped in a thin, translucent shroud, background prompt A serene, tranquil bedroom with soft, pastel lighting, seed 7962, view 12...
here
here 2
ControlLDM: Running in eps-prediction mode
here
here 2
DiffusionWrapper has 859.52 M params.
here
here 2
making attention of type 'vanilla' with 512 in_channels
Working with z of shape (1, 4, 32, 32) = 4096 dimensions.
making attention of type 'vanilla' with 512 in_channels
here
here 2
here
here 2
here
here 2
Loaded model config from [./models/cldm_v15.yaml]
Loaded state_dict from [./models/control_sd15_depth.pth]
uint8 (512, 512)
['Chair wrapped in a thin, translucent shroud']
['']
Data shape for DDIM sampling is (1, 4, 64, 64), eta 0.0
Running DDIM Sampling with 50 timesteps
0.18215
torch.Size([1, 4, 64, 64])
Generating image for model 03001627_989c95491d7e823fa413908c0e169330_depth_views.npz with foreground prompt Chair painted in a matte black ultra-modern finish, background prompt A warm, inviting foyer with a grand staircase and rich, wood tones, seed 2735, view 4...
here
here 2
ControlLDM: Running in eps-prediction mode
here
here 2
DiffusionWrapper has 859.52 M params.
here
here 2
making attention of type 'vanilla' with 512 in_channels
Working with z of shape (1, 4, 32, 32) = 4096 dimensions.
making attention of type 'vanilla' with 512 in_channels
here
here 2
here
here 2
here
here 2
Loaded model config from [./models/cldm_v15.yaml]
Loaded state_dict from [./models/control_sd15_depth.pth]
uint8 (512, 512)
['Chair painted in a matte black ultra-modern finish']
['']
Data shape for DDIM sampling is (1, 4, 64, 64), eta 0.0
Running DDIM Sampling with 50 timesteps
0.18215
torch.Size([1, 4, 64, 64])
